<?xml version="1.0" encoding="UTF-8"?>
<robot generator="Robot 7.4.1 (Python 3.11.9 on darwin)" generated="2026-02-22T14:34:42.870977" rpa="false" schemaversion="5">
<suite id="s1" name="Tests" source="/Users/abhinay/Capstone_Project/robot-framework/tests">
<suite id="s1-s1" name="00 User Registration" source="/Users/abhinay/Capstone_Project/robot-framework/tests/00_user_registration.robot">
<kw name="Open Application" owner="common" type="SETUP">
<kw name="Open Browser" owner="SeleniumLibrary">
<msg time="2026-02-22T14:34:43.001210" level="INFO">Opening browser 'chrome' to base url 'https://practice.automationtesting.in/'.</msg>
<arg>${URL}</arg>
<arg>${browser}</arg>
<doc>Opens a new browser instance to the optional ``url``.</doc>
<status status="PASS" start="2026-02-22T14:34:43.001083" elapsed="10.503371"/>
</kw>
<kw name="Maximize Browser Window" owner="SeleniumLibrary">
<doc>Maximizes current browser window.</doc>
<status status="PASS" start="2026-02-22T14:34:53.513055" elapsed="0.543960"/>
</kw>
<kw name="Set Selenium Timeout" owner="SeleniumLibrary">
<arg>${TIMEOUT}</arg>
<doc>Sets the timeout that is used by various keywords.</doc>
<status status="PASS" start="2026-02-22T14:34:54.065754" elapsed="0.016307"/>
</kw>
<status status="PASS" start="2026-02-22T14:34:43.000724" elapsed="11.082648"/>
</kw>
<test id="s1-s1-t1" name="User1" line="10">
<kw name="Register User">
<if>
<branch type="IF" condition="'${EXPECTED}' != 'PASS'">
<kw name="Skip" owner="BuiltIn">
<arg>Not registration user</arg>
<doc>Skips the rest of the current test.</doc>
<status status="NOT RUN" start="2026-02-22T14:34:54.106084" elapsed="0.000062"/>
</kw>
<status status="NOT RUN" start="2026-02-22T14:34:54.096460" elapsed="0.009734"/>
</branch>
<status status="PASS" start="2026-02-22T14:34:54.096360" elapsed="0.009864"/>
</if>
<kw name="Go To" owner="SeleniumLibrary">
<msg time="2026-02-22T14:34:54.106969" level="INFO">Opening url 'https://practice.automationtesting.in/my-account/'</msg>
<arg>https://practice.automationtesting.in/my-account/</arg>
<doc>Navigates the current browser window to the provided ``url``.</doc>
<status status="PASS" start="2026-02-22T14:34:54.106397" elapsed="2.580735"/>
</kw>
<kw name="Wait Until Page Contains Element" owner="SeleniumLibrary">
<arg>id=reg_email</arg>
<doc>Waits until the element ``locator`` appears on the current page.</doc>
<status status="PASS" start="2026-02-22T14:34:56.688030" elapsed="0.009143"/>
</kw>
<kw name="Input Text" owner="SeleniumLibrary">
<msg time="2026-02-22T14:34:56.697500" level="INFO">Typing text 'testuser138@test.com' into text field 'id=reg_email'.</msg>
<arg>id=reg_email</arg>
<arg>${EMAIL}</arg>
<doc>Types the given ``text`` into the text field identified by ``locator``.</doc>
<status status="PASS" start="2026-02-22T14:34:56.697284" elapsed="0.130646"/>
</kw>
<kw name="Textfield Value Should Be" owner="SeleniumLibrary">
<msg time="2026-02-22T14:34:56.913768" level="INFO">Content of text field 'id=reg_email' is 'testuser138@test.com'.</msg>
<arg>id=reg_email</arg>
<arg>${EMAIL}</arg>
<doc>Verifies text field ``locator`` has exactly text ``expected``.</doc>
<status status="PASS" start="2026-02-22T14:34:56.828060" elapsed="0.085778"/>
</kw>
<kw name="Input Text" owner="SeleniumLibrary">
<msg time="2026-02-22T14:34:56.914100" level="INFO">Typing text 'Omkar@2003' into text field 'id=reg_password'.</msg>
<arg>id=reg_password</arg>
<arg>${PASSWORD}</arg>
<doc>Types the given ``text`` into the text field identified by ``locator``.</doc>
<status status="PASS" start="2026-02-22T14:34:56.913942" elapsed="0.067165"/>
</kw>
<kw name="Element Should Be Visible" owner="SeleniumLibrary">
<msg time="2026-02-22T14:34:57.010969" level="INFO">Element 'id=reg_password' is displayed.</msg>
<arg>id=reg_password</arg>
<doc>Verifies that the element identified by ``locator`` is visible.</doc>
<status status="PASS" start="2026-02-22T14:34:56.981798" elapsed="0.029237"/>
</kw>
<kw name="Click Button" owner="SeleniumLibrary">
<msg time="2026-02-22T14:34:57.011251" level="INFO">Clicking button 'name=register'.</msg>
<arg>name=register</arg>
<doc>Clicks the button identified by ``locator``.</doc>
<status status="PASS" start="2026-02-22T14:34:57.011132" elapsed="3.006096"/>
</kw>
<kw name="Wait Until Keyword Succeeds" owner="BuiltIn">
<kw name="Check Registration Result">
<kw name="Run Keyword And Return Status" owner="BuiltIn">
<kw name="Page Should Contain" owner="SeleniumLibrary">
<msg time="2026-02-22T14:35:00.344525" level="INFO" html="true">&lt;/td&gt;&lt;/tr&gt;&lt;tr&gt;&lt;td colspan="3"&gt;&lt;a href="selenium-screenshot-1.png"&gt;&lt;img src="selenium-screenshot-1.png" width="800px"&gt;&lt;/a&gt;</msg>
<msg time="2026-02-22T14:35:00.344695" level="FAIL">Page should have contained text 'Logout' but did not.</msg>
<arg>Logout</arg>
<doc>Verifies that current page contains ``text``.</doc>
<status status="FAIL" start="2026-02-22T14:35:00.020998" elapsed="0.326802">Page should have contained text 'Logout' but did not.</status>
</kw>
<msg time="2026-02-22T14:35:00.347906" level="INFO">${logout} = False</msg>
<var>${logout}</var>
<arg>Page Should Contain</arg>
<arg>Logout</arg>
<doc>Runs the specified keyword and returns the status as a Boolean value.</doc>
<status status="PASS" start="2026-02-22T14:35:00.020549" elapsed="0.327372"/>
</kw>
<kw name="Run Keyword And Return Status" owner="BuiltIn">
<kw name="Page Should Contain" owner="SeleniumLibrary">
<msg time="2026-02-22T14:35:00.354046" level="INFO">Current page contains text 'already registered'.</msg>
<arg>already registered</arg>
<doc>Verifies that current page contains ``text``.</doc>
<status status="PASS" start="2026-02-22T14:35:00.348185" elapsed="0.005914"/>
</kw>
<msg time="2026-02-22T14:35:00.354164" level="INFO">${exists} = True</msg>
<var>${exists}</var>
<arg>Page Should Contain</arg>
<arg>already registered</arg>
<doc>Runs the specified keyword and returns the status as a Boolean value.</doc>
<status status="PASS" start="2026-02-22T14:35:00.348004" elapsed="0.006201"/>
</kw>
<if>
<branch type="IF" condition="${logout} or ${exists}">
<kw name="Log" owner="BuiltIn">
<msg time="2026-02-22T14:35:00.354566" level="INFO">Registration successful (new user or already registered)</msg>
<arg>Registration successful (new user or already registered)</arg>
<doc>Logs the given message with the given level.</doc>
<status status="PASS" start="2026-02-22T14:35:00.354441" elapsed="0.000148"/>
</kw>
<status status="PASS" start="2026-02-22T14:35:00.354289" elapsed="0.000320"/>
</branch>
<branch type="ELSE">
<kw name="Fail" owner="BuiltIn">
<arg>Registration failed - no expected result found</arg>
<doc>Fails the test with the given message and optionally alters its tags.</doc>
<status status="NOT RUN" start="2026-02-22T14:35:00.354675" elapsed="0.000011"/>
</kw>
<status status="NOT RUN" start="2026-02-22T14:35:00.354629" elapsed="0.000073"/>
</branch>
<status status="PASS" start="2026-02-22T14:35:00.354267" elapsed="0.000449"/>
</if>
<status status="PASS" start="2026-02-22T14:35:00.020032" elapsed="0.334711"/>
</kw>
<arg>15s</arg>
<arg>2s</arg>
<arg>Check Registration Result</arg>
<doc>Runs the specified keyword and retries if it fails.</doc>
<status status="PASS" start="2026-02-22T14:35:00.017882" elapsed="0.336882"/>
</kw>
<arg>EMAIL=testuser138@test.com</arg>
<arg>PASSWORD=Omkar@2003</arg>
<arg>FIRSTNAME=Omkar</arg>
<arg>LASTNAME=Reddy</arg>
<arg>PHONE=9876543210</arg>
<arg>CITY=Hyderabad</arg>
<arg>POSTCODE=500001</arg>
<arg>EXPECTED=PASS</arg>
<status status="PASS" start="2026-02-22T14:34:54.095225" elapsed="6.259567"/>
</kw>
<status status="PASS" start="2026-02-22T14:34:54.084719" elapsed="6.270345"/>
</test>
<kw name="Close Browser" owner="SeleniumLibrary" type="TEARDOWN">
<doc>Closes the current browser.</doc>
<status status="PASS" start="2026-02-22T14:35:00.355414" elapsed="0.134692"/>
</kw>
<status status="PASS" start="2026-02-22T14:34:42.891440" elapsed="17.598722"/>
</suite>
<suite id="s1-s2" name="01 Login Validation" source="/Users/abhinay/Capstone_Project/robot-framework/tests/01_login_validation.robot">
<kw name="Open Application" owner="common" type="SETUP">
<kw name="Open Browser" owner="SeleniumLibrary">
<msg time="2026-02-22T14:35:00.501654" level="INFO">Opening browser 'chrome' to base url 'https://practice.automationtesting.in/'.</msg>
<arg>${URL}</arg>
<arg>${browser}</arg>
<doc>Opens a new browser instance to the optional ``url``.</doc>
<status status="PASS" start="2026-02-22T14:35:00.501156" elapsed="6.673931"/>
</kw>
<kw name="Maximize Browser Window" owner="SeleniumLibrary">
<doc>Maximizes current browser window.</doc>
<status status="PASS" start="2026-02-22T14:35:07.176635" elapsed="0.439253"/>
</kw>
<kw name="Set Selenium Timeout" owner="SeleniumLibrary">
<arg>${TIMEOUT}</arg>
<doc>Sets the timeout that is used by various keywords.</doc>
<status status="PASS" start="2026-02-22T14:35:07.616035" elapsed="0.001126"/>
</kw>
<status status="PASS" start="2026-02-22T14:35:00.500957" elapsed="7.116448"/>
</kw>
<test id="s1-s2-t1" name="User1" line="11">
<kw name="Go To Fresh Login Page" type="SETUP">
<kw name="Go To" owner="SeleniumLibrary">
<msg time="2026-02-22T14:35:07.619758" level="INFO">Opening url 'https://practice.automationtesting.in/my-account/'</msg>
<arg>https://practice.automationtesting.in/my-account/</arg>
<doc>Navigates the current browser window to the provided ``url``.</doc>
<status status="PASS" start="2026-02-22T14:35:07.619670" elapsed="2.837590"/>
</kw>
<kw name="Wait Until Page Contains Element" owner="SeleniumLibrary">
<arg>id=username</arg>
<doc>Waits until the element ``locator`` appears on the current page.</doc>
<status status="PASS" start="2026-02-22T14:35:10.457382" elapsed="0.005857"/>
</kw>
<kw name="Run Keyword And Ignore Error" owner="BuiltIn">
<kw name="Logout User" owner="login_keywords">
<kw name="Go To" owner="SeleniumLibrary">
<msg time="2026-02-22T14:35:10.464653" level="INFO">Opening url 'https://practice.automationtesting.in/my-account/'</msg>
<arg>https://practice.automationtesting.in/my-account/</arg>
<doc>Navigates the current browser window to the provided ``url``.</doc>
<status status="PASS" start="2026-02-22T14:35:10.464582" elapsed="2.344306"/>
</kw>
<kw name="Wait Until Page Contains Element" owner="SeleniumLibrary">
<arg>css=body</arg>
<doc>Waits until the element ``locator`` appears on the current page.</doc>
<status status="PASS" start="2026-02-22T14:35:12.809017" elapsed="0.005084"/>
</kw>
<kw name="Run Keyword And Ignore Error" owner="BuiltIn">
<kw name="Click Element" owner="SeleniumLibrary">
<msg time="2026-02-22T14:35:12.814477" level="INFO">Clicking element 'xpath=//a[text()='Logout']'.</msg>
<msg time="2026-02-22T14:35:12.942423" level="INFO" html="true">&lt;/td&gt;&lt;/tr&gt;&lt;tr&gt;&lt;td colspan="3"&gt;&lt;a href="selenium-screenshot-2.png"&gt;&lt;img src="selenium-screenshot-2.png" width="800px"&gt;&lt;/a&gt;</msg>
<msg time="2026-02-22T14:35:12.942734" level="FAIL">Element with locator 'xpath=//a[text()='Logout']' not found.</msg>
<arg>xpath=//a[text()='Logout']</arg>
<doc>Click the element identified by ``locator``.</doc>
<status status="FAIL" start="2026-02-22T14:35:12.814372" elapsed="0.130861">Element with locator 'xpath=//a[text()='Logout']' not found.</status>
</kw>
<arg>Click Element</arg>
<arg>xpath=//a[text()='Logout']</arg>
<doc>Runs the given keyword with the given arguments and ignores possible error.</doc>
<status status="PASS" start="2026-02-22T14:35:12.814192" elapsed="0.131102"/>
</kw>
<kw name="Wait Until Element Is Visible" owner="SeleniumLibrary">
<arg>id=username</arg>
<arg>15s</arg>
<doc>Waits until the element ``locator`` is visible.</doc>
<status status="PASS" start="2026-02-22T14:35:12.945376" elapsed="0.014377"/>
</kw>
<status status="PASS" start="2026-02-22T14:35:10.464368" elapsed="2.495459"/>
</kw>
<arg>Logout User</arg>
<doc>Runs the given keyword with the given arguments and ignores possible error.</doc>
<status status="PASS" start="2026-02-22T14:35:10.463353" elapsed="2.496503"/>
</kw>
<kw name="Go To" owner="SeleniumLibrary">
<msg time="2026-02-22T14:35:12.960100" level="INFO">Opening url 'https://practice.automationtesting.in/my-account/'</msg>
<arg>https://practice.automationtesting.in/my-account/</arg>
<doc>Navigates the current browser window to the provided ``url``.</doc>
<status status="PASS" start="2026-02-22T14:35:12.959930" elapsed="0.774758"/>
</kw>
<kw name="Wait Until Element Is Visible" owner="SeleniumLibrary">
<arg>id=username</arg>
<doc>Waits until the element ``locator`` is visible.</doc>
<status status="PASS" start="2026-02-22T14:35:13.734811" elapsed="0.012361"/>
</kw>
<status status="PASS" start="2026-02-22T14:35:07.619456" elapsed="6.127791"/>
</kw>
<kw name="Login Validation Template">
<kw name="Login User" owner="login_keywords">
<kw name="Input Text" owner="SeleniumLibrary">
<msg time="2026-02-22T14:35:13.747943" level="INFO">Typing text 'testuser1@test.com' into text field 'id=username'.</msg>
<arg>id=username</arg>
<arg>${EMAIL}</arg>
<doc>Types the given ``text`` into the text field identified by ``locator``.</doc>
<status status="PASS" start="2026-02-22T14:35:13.747841" elapsed="0.100597"/>
</kw>
<kw name="Input Text" owner="SeleniumLibrary">
<msg time="2026-02-22T14:35:13.848992" level="INFO">Typing text 'Omkar@2003' into text field 'id=password'.</msg>
<arg>id=password</arg>
<arg>${PASSWORD}</arg>
<doc>Types the given ``text`` into the text field identified by ``locator``.</doc>
<status status="PASS" start="2026-02-22T14:35:13.848737" elapsed="0.034677"/>
</kw>
<kw name="Click Button" owner="SeleniumLibrary">
<msg time="2026-02-22T14:35:13.883773" level="INFO">Clicking button 'name=login'.</msg>
<arg>name=login</arg>
<doc>Clicks the button identified by ``locator``.</doc>
<status status="PASS" start="2026-02-22T14:35:13.883553" elapsed="2.011559"/>
</kw>
<arg>${EMAIL}</arg>
<arg>${PASSWORD}</arg>
<status status="PASS" start="2026-02-22T14:35:13.747691" elapsed="2.147611"/>
</kw>
<kw name="Run Keyword And Return Status" owner="BuiltIn">
<kw name="Wait Until Element Is Visible" owner="SeleniumLibrary">
<arg>css=div.woocommerce-MyAccount-content</arg>
<arg>5s</arg>
<doc>Waits until the element ``locator`` is visible.</doc>
<status status="PASS" start="2026-02-22T14:35:15.896328" elapsed="0.008804"/>
</kw>
<msg time="2026-02-22T14:35:15.905236" level="INFO">${dashboard_visible} = True</msg>
<var>${dashboard_visible}</var>
<arg>Wait Until Element Is Visible</arg>
<arg>css=div.woocommerce-MyAccount-content</arg>
<arg>5s</arg>
<doc>Runs the specified keyword and returns the status as a Boolean value.</doc>
<status status="PASS" start="2026-02-22T14:35:15.895464" elapsed="0.009789"/>
</kw>
<if>
<branch type="IF" condition="'${EXPECTED}'=='PASS'">
<kw name="Should Be True" owner="BuiltIn">
<arg>${dashboard_visible}</arg>
<doc>Fails if the given condition is not true.</doc>
<status status="PASS" start="2026-02-22T14:35:15.905865" elapsed="0.000147"/>
</kw>
<kw name="Logout User" owner="login_keywords">
<kw name="Go To" owner="SeleniumLibrary">
<msg time="2026-02-22T14:35:15.906345" level="INFO">Opening url 'https://practice.automationtesting.in/my-account/'</msg>
<arg>https://practice.automationtesting.in/my-account/</arg>
<doc>Navigates the current browser window to the provided ``url``.</doc>
<status status="PASS" start="2026-02-22T14:35:15.906292" elapsed="2.608514"/>
</kw>
<kw name="Wait Until Page Contains Element" owner="SeleniumLibrary">
<arg>css=body</arg>
<doc>Waits until the element ``locator`` appears on the current page.</doc>
<status status="PASS" start="2026-02-22T14:35:18.515765" elapsed="0.005336"/>
</kw>
<kw name="Run Keyword And Ignore Error" owner="BuiltIn">
<kw name="Click Element" owner="SeleniumLibrary">
<msg time="2026-02-22T14:35:18.522951" level="INFO">Clicking element 'xpath=//a[text()='Logout']'.</msg>
<arg>xpath=//a[text()='Logout']</arg>
<doc>Click the element identified by ``locator``.</doc>
<status status="PASS" start="2026-02-22T14:35:18.522557" elapsed="2.640793"/>
</kw>
<arg>Click Element</arg>
<arg>xpath=//a[text()='Logout']</arg>
<doc>Runs the given keyword with the given arguments and ignores possible error.</doc>
<status status="PASS" start="2026-02-22T14:35:18.521482" elapsed="2.641958"/>
</kw>
<kw name="Wait Until Element Is Visible" owner="SeleniumLibrary">
<arg>id=username</arg>
<arg>15s</arg>
<doc>Waits until the element ``locator`` is visible.</doc>
<status status="PASS" start="2026-02-22T14:35:21.163565" elapsed="0.009597"/>
</kw>
<status status="PASS" start="2026-02-22T14:35:15.906126" elapsed="5.267173"/>
</kw>
<kw name="Wait Until Element Is Visible" owner="SeleniumLibrary">
<arg>id=username</arg>
<doc>Waits until the element ``locator`` is visible.</doc>
<status status="PASS" start="2026-02-22T14:35:21.173396" elapsed="0.005729"/>
</kw>
<status status="PASS" start="2026-02-22T14:35:15.905341" elapsed="5.273818"/>
</branch>
<status status="PASS" start="2026-02-22T14:35:15.905318" elapsed="5.273894"/>
</if>
<if>
<branch type="IF" condition="'${EXPECTED}'=='FAIL'">
<kw name="Should Not Be True" owner="BuiltIn">
<arg>${dashboard_visible}</arg>
<doc>Fails if the given condition is true.</doc>
<status status="NOT RUN" start="2026-02-22T14:35:21.179420" elapsed="0.000013"/>
</kw>
<status status="NOT RUN" start="2026-02-22T14:35:21.179270" elapsed="0.000182"/>
</branch>
<status status="PASS" start="2026-02-22T14:35:21.179257" elapsed="0.000210"/>
</if>
<arg>EMAIL=testuser1@test.com</arg>
<arg>PASSWORD=Omkar@2003</arg>
<arg>FIRSTNAME=Omkar</arg>
<arg>LASTNAME=Reddy</arg>
<arg>PHONE=9876543210</arg>
<arg>CITY=Hyderabad</arg>
<arg>POSTCODE=500001</arg>
<arg>EXPECTED=PASS</arg>
<status status="PASS" start="2026-02-22T14:35:13.747461" elapsed="7.432031"/>
</kw>
<status status="PASS" start="2026-02-22T14:35:07.617729" elapsed="13.561958"/>
</test>
<test id="s1-s2-t2" name="User2" line="11">
<kw name="Go To Fresh Login Page" type="SETUP">
<kw name="Go To" owner="SeleniumLibrary">
<msg time="2026-02-22T14:35:21.180752" level="INFO">Opening url 'https://practice.automationtesting.in/my-account/'</msg>
<arg>https://practice.automationtesting.in/my-account/</arg>
<doc>Navigates the current browser window to the provided ``url``.</doc>
<status status="PASS" start="2026-02-22T14:35:21.180693" elapsed="2.273012"/>
</kw>
<kw name="Wait Until Page Contains Element" owner="SeleniumLibrary">
<arg>id=username</arg>
<doc>Waits until the element ``locator`` appears on the current page.</doc>
<status status="PASS" start="2026-02-22T14:35:23.454026" elapsed="0.003874"/>
</kw>
<kw name="Run Keyword And Ignore Error" owner="BuiltIn">
<kw name="Logout User" owner="login_keywords">
<kw name="Go To" owner="SeleniumLibrary">
<msg time="2026-02-22T14:35:23.458440" level="INFO">Opening url 'https://practice.automationtesting.in/my-account/'</msg>
<arg>https://practice.automationtesting.in/my-account/</arg>
<doc>Navigates the current browser window to the provided ``url``.</doc>
<status status="PASS" start="2026-02-22T14:35:23.458376" elapsed="2.626482"/>
</kw>
<kw name="Wait Until Page Contains Element" owner="SeleniumLibrary">
<arg>css=body</arg>
<doc>Waits until the element ``locator`` appears on the current page.</doc>
<status status="PASS" start="2026-02-22T14:35:26.084968" elapsed="0.003604"/>
</kw>
<kw name="Run Keyword And Ignore Error" owner="BuiltIn">
<kw name="Click Element" owner="SeleniumLibrary">
<msg time="2026-02-22T14:35:26.088930" level="INFO">Clicking element 'xpath=//a[text()='Logout']'.</msg>
<msg time="2026-02-22T14:35:26.210687" level="INFO" html="true">&lt;/td&gt;&lt;/tr&gt;&lt;tr&gt;&lt;td colspan="3"&gt;&lt;a href="selenium-screenshot-3.png"&gt;&lt;img src="selenium-screenshot-3.png" width="800px"&gt;&lt;/a&gt;</msg>
<msg time="2026-02-22T14:35:26.210818" level="FAIL">Element with locator 'xpath=//a[text()='Logout']' not found.</msg>
<arg>xpath=//a[text()='Logout']</arg>
<doc>Click the element identified by ``locator``.</doc>
<status status="FAIL" start="2026-02-22T14:35:26.088810" elapsed="0.122465">Element with locator 'xpath=//a[text()='Logout']' not found.</status>
</kw>
<arg>Click Element</arg>
<arg>xpath=//a[text()='Logout']</arg>
<doc>Runs the given keyword with the given arguments and ignores possible error.</doc>
<status status="PASS" start="2026-02-22T14:35:26.088653" elapsed="0.122673"/>
</kw>
<kw name="Wait Until Element Is Visible" owner="SeleniumLibrary">
<arg>id=username</arg>
<arg>15s</arg>
<doc>Waits until the element ``locator`` is visible.</doc>
<status status="PASS" start="2026-02-22T14:35:26.211401" elapsed="0.006461"/>
</kw>
<status status="PASS" start="2026-02-22T14:35:23.458259" elapsed="2.759659"/>
</kw>
<arg>Logout User</arg>
<doc>Runs the given keyword with the given arguments and ignores possible error.</doc>
<status status="PASS" start="2026-02-22T14:35:23.458001" elapsed="2.759942"/>
</kw>
<kw name="Go To" owner="SeleniumLibrary">
<msg time="2026-02-22T14:35:26.218066" level="INFO">Opening url 'https://practice.automationtesting.in/my-account/'</msg>
<arg>https://practice.automationtesting.in/my-account/</arg>
<doc>Navigates the current browser window to the provided ``url``.</doc>
<status status="PASS" start="2026-02-22T14:35:26.218004" elapsed="1.335012"/>
</kw>
<kw name="Wait Until Element Is Visible" owner="SeleniumLibrary">
<arg>id=username</arg>
<doc>Waits until the element ``locator`` is visible.</doc>
<status status="PASS" start="2026-02-22T14:35:27.553239" elapsed="0.006499"/>
</kw>
<status status="PASS" start="2026-02-22T14:35:21.180549" elapsed="6.379269"/>
</kw>
<kw name="Login Validation Template">
<kw name="Login User" owner="login_keywords">
<kw name="Input Text" owner="SeleniumLibrary">
<msg time="2026-02-22T14:35:27.560510" level="INFO">Typing text 'testuser2@test.com' into text field 'id=username'.</msg>
<arg>id=username</arg>
<arg>${EMAIL}</arg>
<doc>Types the given ``text`` into the text field identified by ``locator``.</doc>
<status status="PASS" start="2026-02-22T14:35:27.560422" elapsed="0.046399"/>
</kw>
<kw name="Input Text" owner="SeleniumLibrary">
<msg time="2026-02-22T14:35:27.607077" level="INFO">Typing text 'Wrong123' into text field 'id=password'.</msg>
<arg>id=password</arg>
<arg>${PASSWORD}</arg>
<doc>Types the given ``text`` into the text field identified by ``locator``.</doc>
<status status="PASS" start="2026-02-22T14:35:27.606934" elapsed="0.040091"/>
</kw>
<kw name="Click Button" owner="SeleniumLibrary">
<msg time="2026-02-22T14:35:27.647365" level="INFO">Clicking button 'name=login'.</msg>
<arg>name=login</arg>
<doc>Clicks the button identified by ``locator``.</doc>
<status status="PASS" start="2026-02-22T14:35:27.647151" elapsed="2.094100"/>
</kw>
<arg>${EMAIL}</arg>
<arg>${PASSWORD}</arg>
<status status="PASS" start="2026-02-22T14:35:27.560286" elapsed="2.181045"/>
</kw>
<kw name="Run Keyword And Return Status" owner="BuiltIn">
<kw name="Wait Until Element Is Visible" owner="SeleniumLibrary">
<msg time="2026-02-22T14:35:34.891796" level="INFO" html="true">&lt;/td&gt;&lt;/tr&gt;&lt;tr&gt;&lt;td colspan="3"&gt;&lt;a href="selenium-screenshot-4.png"&gt;&lt;img src="selenium-screenshot-4.png" width="800px"&gt;&lt;/a&gt;</msg>
<msg time="2026-02-22T14:35:34.892462" level="FAIL">Element 'css=div.woocommerce-MyAccount-content' not visible after 5 seconds.</msg>
<arg>css=div.woocommerce-MyAccount-content</arg>
<arg>5s</arg>
<doc>Waits until the element ``locator`` is visible.</doc>
<status status="FAIL" start="2026-02-22T14:35:29.741631" elapsed="5.151818">Element 'css=div.woocommerce-MyAccount-content' not visible after 5 seconds.</status>
</kw>
<msg time="2026-02-22T14:35:34.893952" level="INFO">${dashboard_visible} = False</msg>
<var>${dashboard_visible}</var>
<arg>Wait Until Element Is Visible</arg>
<arg>css=div.woocommerce-MyAccount-content</arg>
<arg>5s</arg>
<doc>Runs the specified keyword and returns the status as a Boolean value.</doc>
<status status="PASS" start="2026-02-22T14:35:29.741436" elapsed="5.152548"/>
</kw>
<if>
<branch type="IF" condition="'${EXPECTED}'=='PASS'">
<kw name="Should Be True" owner="BuiltIn">
<arg>${dashboard_visible}</arg>
<doc>Fails if the given condition is not true.</doc>
<status status="NOT RUN" start="2026-02-22T14:35:34.894649" elapsed="0.000023"/>
</kw>
<kw name="Logout User" owner="login_keywords">
<status status="NOT RUN" start="2026-02-22T14:35:34.894868" elapsed="0.000014"/>
</kw>
<kw name="Wait Until Element Is Visible" owner="SeleniumLibrary">
<arg>id=username</arg>
<doc>Waits until the element ``locator`` is visible.</doc>
<status status="NOT RUN" start="2026-02-22T14:35:34.894964" elapsed="0.000235"/>
</kw>
<status status="NOT RUN" start="2026-02-22T14:35:34.894230" elapsed="0.000992"/>
</branch>
<status status="PASS" start="2026-02-22T14:35:34.894161" elapsed="0.001131"/>
</if>
<if>
<branch type="IF" condition="'${EXPECTED}'=='FAIL'">
<kw name="Should Not Be True" owner="BuiltIn">
<arg>${dashboard_visible}</arg>
<doc>Fails if the given condition is true.</doc>
<status status="PASS" start="2026-02-22T14:35:34.895482" elapsed="0.000464"/>
</kw>
<status status="PASS" start="2026-02-22T14:35:34.895336" elapsed="0.000631"/>
</branch>
<status status="PASS" start="2026-02-22T14:35:34.895324" elapsed="0.000659"/>
</if>
<arg>EMAIL=testuser2@test.com</arg>
<arg>PASSWORD=Wrong123</arg>
<arg>FIRSTNAME=</arg>
<arg>LASTNAME=</arg>
<arg>PHONE=9876543222</arg>
<arg>CITY=Chennai</arg>
<arg>POSTCODE=600001</arg>
<arg>EXPECTED=FAIL</arg>
<status status="PASS" start="2026-02-22T14:35:27.560038" elapsed="7.335978"/>
</kw>
<status status="PASS" start="2026-02-22T14:35:21.179858" elapsed="13.716307"/>
</test>
<test id="s1-s2-t3" name="User3" line="11">
<kw name="Go To Fresh Login Page" type="SETUP">
<kw name="Go To" owner="SeleniumLibrary">
<msg time="2026-02-22T14:35:34.897077" level="INFO">Opening url 'https://practice.automationtesting.in/my-account/'</msg>
<arg>https://practice.automationtesting.in/my-account/</arg>
<doc>Navigates the current browser window to the provided ``url``.</doc>
<status status="PASS" start="2026-02-22T14:35:34.897014" elapsed="2.764046"/>
</kw>
<kw name="Wait Until Page Contains Element" owner="SeleniumLibrary">
<arg>id=username</arg>
<doc>Waits until the element ``locator`` appears on the current page.</doc>
<status status="PASS" start="2026-02-22T14:35:37.661298" elapsed="0.014095"/>
</kw>
<kw name="Run Keyword And Ignore Error" owner="BuiltIn">
<kw name="Logout User" owner="login_keywords">
<kw name="Go To" owner="SeleniumLibrary">
<msg time="2026-02-22T14:35:37.677414" level="INFO">Opening url 'https://practice.automationtesting.in/my-account/'</msg>
<arg>https://practice.automationtesting.in/my-account/</arg>
<doc>Navigates the current browser window to the provided ``url``.</doc>
<status status="PASS" start="2026-02-22T14:35:37.676005" elapsed="1.819130"/>
</kw>
<kw name="Wait Until Page Contains Element" owner="SeleniumLibrary">
<arg>css=body</arg>
<doc>Waits until the element ``locator`` appears on the current page.</doc>
<status status="PASS" start="2026-02-22T14:35:39.495344" elapsed="0.013239"/>
</kw>
<kw name="Run Keyword And Ignore Error" owner="BuiltIn">
<kw name="Click Element" owner="SeleniumLibrary">
<msg time="2026-02-22T14:35:39.508971" level="INFO">Clicking element 'xpath=//a[text()='Logout']'.</msg>
<msg time="2026-02-22T14:35:39.613051" level="INFO" html="true">&lt;/td&gt;&lt;/tr&gt;&lt;tr&gt;&lt;td colspan="3"&gt;&lt;a href="selenium-screenshot-5.png"&gt;&lt;img src="selenium-screenshot-5.png" width="800px"&gt;&lt;/a&gt;</msg>
<msg time="2026-02-22T14:35:39.613149" level="FAIL">Element with locator 'xpath=//a[text()='Logout']' not found.</msg>
<arg>xpath=//a[text()='Logout']</arg>
<doc>Click the element identified by ``locator``.</doc>
<status status="FAIL" start="2026-02-22T14:35:39.508877" elapsed="0.104585">Element with locator 'xpath=//a[text()='Logout']' not found.</status>
</kw>
<arg>Click Element</arg>
<arg>xpath=//a[text()='Logout']</arg>
<doc>Runs the given keyword with the given arguments and ignores possible error.</doc>
<status status="PASS" start="2026-02-22T14:35:39.508695" elapsed="0.104814"/>
</kw>
<kw name="Wait Until Element Is Visible" owner="SeleniumLibrary">
<arg>id=username</arg>
<arg>15s</arg>
<doc>Waits until the element ``locator`` is visible.</doc>
<status status="PASS" start="2026-02-22T14:35:39.613581" elapsed="0.005949"/>
</kw>
<status status="PASS" start="2026-02-22T14:35:37.675742" elapsed="1.943839"/>
</kw>
<arg>Logout User</arg>
<doc>Runs the given keyword with the given arguments and ignores possible error.</doc>
<status status="PASS" start="2026-02-22T14:35:37.675515" elapsed="1.944090"/>
</kw>
<kw name="Go To" owner="SeleniumLibrary">
<msg time="2026-02-22T14:35:39.619717" level="INFO">Opening url 'https://practice.automationtesting.in/my-account/'</msg>
<arg>https://practice.automationtesting.in/my-account/</arg>
<doc>Navigates the current browser window to the provided ``url``.</doc>
<status status="PASS" start="2026-02-22T14:35:39.619661" elapsed="2.733346"/>
</kw>
<kw name="Wait Until Element Is Visible" owner="SeleniumLibrary">
<arg>id=username</arg>
<doc>Waits until the element ``locator`` is visible.</doc>
<status status="PASS" start="2026-02-22T14:35:42.353119" elapsed="0.006775"/>
</kw>
<status status="PASS" start="2026-02-22T14:35:34.896886" elapsed="7.463060"/>
</kw>
<kw name="Login Validation Template">
<kw name="Login User" owner="login_keywords">
<kw name="Input Text" owner="SeleniumLibrary">
<msg time="2026-02-22T14:35:42.360589" level="INFO">Typing text 'testuser3@test.com' into text field 'id=username'.</msg>
<arg>id=username</arg>
<arg>${EMAIL}</arg>
<doc>Types the given ``text`` into the text field identified by ``locator``.</doc>
<status status="PASS" start="2026-02-22T14:35:42.360491" elapsed="0.100143"/>
</kw>
<kw name="Input Text" owner="SeleniumLibrary">
<msg time="2026-02-22T14:35:42.460993" level="INFO">Typing text '' into text field 'id=password'.</msg>
<arg>id=password</arg>
<arg>${PASSWORD}</arg>
<doc>Types the given ``text`` into the text field identified by ``locator``.</doc>
<status status="PASS" start="2026-02-22T14:35:42.460791" elapsed="0.070586"/>
</kw>
<kw name="Click Button" owner="SeleniumLibrary">
<msg time="2026-02-22T14:35:42.532033" level="INFO">Clicking button 'name=login'.</msg>
<arg>name=login</arg>
<doc>Clicks the button identified by ``locator``.</doc>
<status status="PASS" start="2026-02-22T14:35:42.531752" elapsed="1.658827"/>
</kw>
<arg>${EMAIL}</arg>
<arg>${PASSWORD}</arg>
<status status="PASS" start="2026-02-22T14:35:42.360319" elapsed="1.830370"/>
</kw>
<kw name="Run Keyword And Return Status" owner="BuiltIn">
<kw name="Wait Until Element Is Visible" owner="SeleniumLibrary">
<msg time="2026-02-22T14:35:49.359410" level="INFO" html="true">&lt;/td&gt;&lt;/tr&gt;&lt;tr&gt;&lt;td colspan="3"&gt;&lt;a href="selenium-screenshot-6.png"&gt;&lt;img src="selenium-screenshot-6.png" width="800px"&gt;&lt;/a&gt;</msg>
<msg time="2026-02-22T14:35:49.359599" level="FAIL">Element 'css=div.woocommerce-MyAccount-content' not visible after 5 seconds.</msg>
<arg>css=div.woocommerce-MyAccount-content</arg>
<arg>5s</arg>
<doc>Waits until the element ``locator`` is visible.</doc>
<status status="FAIL" start="2026-02-22T14:35:44.191269" elapsed="5.168755">Element 'css=div.woocommerce-MyAccount-content' not visible after 5 seconds.</status>
</kw>
<msg time="2026-02-22T14:35:49.360134" level="INFO">${dashboard_visible} = False</msg>
<var>${dashboard_visible}</var>
<arg>Wait Until Element Is Visible</arg>
<arg>css=div.woocommerce-MyAccount-content</arg>
<arg>5s</arg>
<doc>Runs the specified keyword and returns the status as a Boolean value.</doc>
<status status="PASS" start="2026-02-22T14:35:44.190820" elapsed="5.169326"/>
</kw>
<if>
<branch type="IF" condition="'${EXPECTED}'=='PASS'">
<kw name="Should Be True" owner="BuiltIn">
<arg>${dashboard_visible}</arg>
<doc>Fails if the given condition is not true.</doc>
<status status="NOT RUN" start="2026-02-22T14:35:49.360365" elapsed="0.000018"/>
</kw>
<kw name="Logout User" owner="login_keywords">
<status status="NOT RUN" start="2026-02-22T14:35:49.360487" elapsed="0.000013"/>
</kw>
<kw name="Wait Until Element Is Visible" owner="SeleniumLibrary">
<arg>id=username</arg>
<doc>Waits until the element ``locator`` is visible.</doc>
<status status="NOT RUN" start="2026-02-22T14:35:49.360541" elapsed="0.000012"/>
</kw>
<status status="NOT RUN" start="2026-02-22T14:35:49.360221" elapsed="0.000347"/>
</branch>
<status status="PASS" start="2026-02-22T14:35:49.360197" elapsed="0.000389"/>
</if>
<if>
<branch type="IF" condition="'${EXPECTED}'=='FAIL'">
<kw name="Should Not Be True" owner="BuiltIn">
<arg>${dashboard_visible}</arg>
<doc>Fails if the given condition is true.</doc>
<status status="PASS" start="2026-02-22T14:35:49.360943" elapsed="0.000165"/>
</kw>
<status status="PASS" start="2026-02-22T14:35:49.360830" elapsed="0.000301"/>
</branch>
<status status="PASS" start="2026-02-22T14:35:49.360817" elapsed="0.000329"/>
</if>
<arg>EMAIL=testuser3@test.com</arg>
<arg>PASSWORD=</arg>
<arg>FIRSTNAME=Anil</arg>
<arg>LASTNAME=Varma</arg>
<arg>PHONE=</arg>
<arg>CITY=Bangalore</arg>
<arg>POSTCODE=560001</arg>
<arg>EXPECTED=FAIL</arg>
<status status="PASS" start="2026-02-22T14:35:42.360115" elapsed="7.001067"/>
</kw>
<status status="PASS" start="2026-02-22T14:35:34.896303" elapsed="14.465090"/>
</test>
<kw name="Close Application" owner="common" type="TEARDOWN">
<kw name="Close All Browsers" owner="SeleniumLibrary">
<doc>Closes all open browsers and resets the browser cache.</doc>
<status status="PASS" start="2026-02-22T14:35:49.361793" elapsed="0.210281"/>
</kw>
<status status="PASS" start="2026-02-22T14:35:49.361664" elapsed="0.210484"/>
</kw>
<status status="PASS" start="2026-02-22T14:35:00.490559" elapsed="49.081613"/>
</suite>
<suite id="s1-s3" name="02 Search Validation" source="/Users/abhinay/Capstone_Project/robot-framework/tests/02_search_validation.robot">
<kw name="Open Application" owner="common" type="SETUP">
<kw name="Open Browser" owner="SeleniumLibrary">
<msg time="2026-02-22T14:35:49.576277" level="INFO">Opening browser 'chrome' to base url 'https://practice.automationtesting.in/'.</msg>
<arg>${URL}</arg>
<arg>${browser}</arg>
<doc>Opens a new browser instance to the optional ``url``.</doc>
<status status="PASS" start="2026-02-22T14:35:49.576088" elapsed="7.116134"/>
</kw>
<kw name="Maximize Browser Window" owner="SeleniumLibrary">
<doc>Maximizes current browser window.</doc>
<status status="PASS" start="2026-02-22T14:35:56.696232" elapsed="0.504074"/>
</kw>
<kw name="Set Selenium Timeout" owner="SeleniumLibrary">
<arg>${TIMEOUT}</arg>
<doc>Sets the timeout that is used by various keywords.</doc>
<status status="PASS" start="2026-02-22T14:35:57.202047" elapsed="0.003083"/>
</kw>
<status status="PASS" start="2026-02-22T14:35:49.575902" elapsed="7.629374"/>
</kw>
<test id="s1-s3-t1" name="Search With Valid Product" line="65">
<kw name="Go To Shop Page" type="SETUP">
<kw name="Go To" owner="SeleniumLibrary">
<msg time="2026-02-22T14:35:57.208755" level="INFO">Opening url 'https://practice.automationtesting.in/shop/'</msg>
<arg>https://practice.automationtesting.in/shop/</arg>
<doc>Navigates the current browser window to the provided ``url``.</doc>
<status status="PASS" start="2026-02-22T14:35:57.207619" elapsed="3.063644"/>
</kw>
<kw name="Wait Until Page Contains Element" owner="SeleniumLibrary">
<arg>id=content</arg>
<doc>Waits until the element ``locator`` appears on the current page.</doc>
<status status="PASS" start="2026-02-22T14:36:00.271409" elapsed="0.005449"/>
</kw>
<status status="PASS" start="2026-02-22T14:35:57.206244" elapsed="3.070668"/>
</kw>
<kw name="Search And Validate Products">
<kw name="Input Text" owner="SeleniumLibrary">
<msg time="2026-02-22T14:36:00.277328" level="INFO">Typing text 'HTML' into text field 'id=s'.</msg>
<arg>id=s</arg>
<arg>${product}</arg>
<doc>Types the given ``text`` into the text field identified by ``locator``.</doc>
<status status="PASS" start="2026-02-22T14:36:00.277223" elapsed="0.097970"/>
</kw>
<kw name="Textfield Value Should Be" owner="SeleniumLibrary">
<msg time="2026-02-22T14:36:00.386196" level="INFO">Content of text field 'id=s' is 'HTML'.</msg>
<arg>id=s</arg>
<arg>${product}</arg>
<doc>Verifies text field ``locator`` has exactly text ``expected``.</doc>
<status status="PASS" start="2026-02-22T14:36:00.375361" elapsed="0.010881"/>
</kw>
<kw name="Press Keys" owner="SeleniumLibrary">
<msg time="2026-02-22T14:36:00.386864" level="INFO">Sending key(s) ('ENTER',) to id=s element.</msg>
<msg time="2026-02-22T14:36:00.669184" level="INFO">Pressing special key ENTER to element.</msg>
<msg time="2026-02-22T14:36:00.669242" level="INFO">Releasing special key ENTER.</msg>
<arg>id=s</arg>
<arg>ENTER</arg>
<doc>Simulates the user pressing key(s) to an element or on the active browser.</doc>
<status status="PASS" start="2026-02-22T14:36:00.386345" elapsed="0.285537"/>
</kw>
<arg>${VALID_PRODUCT}</arg>
<arg>PASS</arg>
<status status="PASS" start="2026-02-22T14:36:00.277066" elapsed="0.394881"/>
</kw>
<status status="PASS" start="2026-02-22T14:35:57.205419" elapsed="3.466633"/>
</test>
<test id="s1-s3-t2" name="Search With Invalid Product" line="68">
<kw name="Go To Shop Page" type="SETUP">
<kw name="Go To" owner="SeleniumLibrary">
<msg time="2026-02-22T14:36:00.672513" level="INFO">Opening url 'https://practice.automationtesting.in/shop/'</msg>
<arg>https://practice.automationtesting.in/shop/</arg>
<doc>Navigates the current browser window to the provided ``url``.</doc>
<status status="PASS" start="2026-02-22T14:36:00.672459" elapsed="2.984585"/>
</kw>
<kw name="Wait Until Page Contains Element" owner="SeleniumLibrary">
<arg>id=content</arg>
<doc>Waits until the element ``locator`` appears on the current page.</doc>
<status status="PASS" start="2026-02-22T14:36:03.658839" elapsed="0.007717"/>
</kw>
<status status="PASS" start="2026-02-22T14:36:00.672341" elapsed="2.994389"/>
</kw>
<kw name="Search And Validate Products">
<kw name="Input Text" owner="SeleniumLibrary">
<msg time="2026-02-22T14:36:03.667926" level="INFO">Typing text 'XYZINVALID123' into text field 'id=s'.</msg>
<arg>id=s</arg>
<arg>${product}</arg>
<doc>Types the given ``text`` into the text field identified by ``locator``.</doc>
<status status="PASS" start="2026-02-22T14:36:03.667493" elapsed="0.038685"/>
</kw>
<kw name="Textfield Value Should Be" owner="SeleniumLibrary">
<msg time="2026-02-22T14:36:03.715881" level="INFO">Content of text field 'id=s' is 'XYZINVALID123'.</msg>
<arg>id=s</arg>
<arg>${product}</arg>
<doc>Verifies text field ``locator`` has exactly text ``expected``.</doc>
<status status="PASS" start="2026-02-22T14:36:03.706295" elapsed="0.009683"/>
</kw>
<kw name="Press Keys" owner="SeleniumLibrary">
<msg time="2026-02-22T14:36:03.716554" level="INFO">Sending key(s) ('ENTER',) to id=s element.</msg>
<msg time="2026-02-22T14:36:03.993218" level="INFO">Pressing special key ENTER to element.</msg>
<msg time="2026-02-22T14:36:03.993279" level="INFO">Releasing special key ENTER.</msg>
<arg>id=s</arg>
<arg>ENTER</arg>
<doc>Simulates the user pressing key(s) to an element or on the active browser.</doc>
<status status="PASS" start="2026-02-22T14:36:03.716093" elapsed="1.929329"/>
</kw>
<arg>${INVALID_PRODUCT}</arg>
<arg>NORESULT</arg>
<status status="PASS" start="2026-02-22T14:36:03.667156" elapsed="1.978342"/>
</kw>
<status status="PASS" start="2026-02-22T14:36:00.672174" elapsed="4.973445"/>
</test>
<test id="s1-s3-t3" name="Search With Empty Value" line="71">
<kw name="Go To Shop Page" type="SETUP">
<kw name="Go To" owner="SeleniumLibrary">
<msg time="2026-02-22T14:36:05.646240" level="INFO">Opening url 'https://practice.automationtesting.in/shop/'</msg>
<arg>https://practice.automationtesting.in/shop/</arg>
<doc>Navigates the current browser window to the provided ``url``.</doc>
<status status="PASS" start="2026-02-22T14:36:05.646179" elapsed="2.905678"/>
</kw>
<kw name="Wait Until Page Contains Element" owner="SeleniumLibrary">
<arg>id=content</arg>
<doc>Waits until the element ``locator`` appears on the current page.</doc>
<status status="PASS" start="2026-02-22T14:36:08.553655" elapsed="0.005654"/>
</kw>
<status status="PASS" start="2026-02-22T14:36:05.646054" elapsed="2.913438"/>
</kw>
<kw name="Search And Validate Products">
<kw name="Input Text" owner="SeleniumLibrary">
<msg time="2026-02-22T14:36:08.560856" level="INFO">Typing text '' into text field 'id=s'.</msg>
<arg>id=s</arg>
<arg>${product}</arg>
<doc>Types the given ``text`` into the text field identified by ``locator``.</doc>
<status status="PASS" start="2026-02-22T14:36:08.560614" elapsed="0.033812"/>
</kw>
<kw name="Textfield Value Should Be" owner="SeleniumLibrary">
<msg time="2026-02-22T14:36:08.603493" level="INFO">Content of text field 'id=s' is ''.</msg>
<arg>id=s</arg>
<arg>${product}</arg>
<doc>Verifies text field ``locator`` has exactly text ``expected``.</doc>
<status status="PASS" start="2026-02-22T14:36:08.594904" elapsed="0.008630"/>
</kw>
<kw name="Press Keys" owner="SeleniumLibrary">
<msg time="2026-02-22T14:36:08.603915" level="INFO">Sending key(s) ('ENTER',) to id=s element.</msg>
<msg time="2026-02-22T14:36:08.888782" level="INFO">Pressing special key ENTER to element.</msg>
<msg time="2026-02-22T14:36:08.888847" level="INFO">Releasing special key ENTER.</msg>
<arg>id=s</arg>
<arg>ENTER</arg>
<doc>Simulates the user pressing key(s) to an element or on the active browser.</doc>
<status status="PASS" start="2026-02-22T14:36:08.603630" elapsed="0.287758"/>
</kw>
<arg>${EMPTY}</arg>
<arg>ALL</arg>
<status status="PASS" start="2026-02-22T14:36:08.560097" elapsed="0.331354"/>
</kw>
<status status="PASS" start="2026-02-22T14:36:05.645814" elapsed="3.245746"/>
</test>
<kw name="Close Application" owner="common" type="TEARDOWN">
<kw name="Close All Browsers" owner="SeleniumLibrary">
<doc>Closes all open browsers and resets the browser cache.</doc>
<status status="PASS" start="2026-02-22T14:36:08.891981" elapsed="0.168479"/>
</kw>
<status status="PASS" start="2026-02-22T14:36:08.891871" elapsed="0.168672"/>
</kw>
<status status="PASS" start="2026-02-22T14:35:49.572537" elapsed="19.488029"/>
</suite>
<suite id="s1-s4" name="03 Sorting Filter Validation" source="/Users/abhinay/Capstone_Project/robot-framework/tests/03_sorting_filter_validation.robot">
<kw name="Open Application" owner="common" type="SETUP">
<kw name="Open Browser" owner="SeleniumLibrary">
<msg time="2026-02-22T14:36:09.063344" level="INFO">Opening browser 'chrome' to base url 'https://practice.automationtesting.in/'.</msg>
<arg>${URL}</arg>
<arg>${browser}</arg>
<doc>Opens a new browser instance to the optional ``url``.</doc>
<status status="PASS" start="2026-02-22T14:36:09.063237" elapsed="1.864272"/>
</kw>
<kw name="Maximize Browser Window" owner="SeleniumLibrary">
<doc>Maximizes current browser window.</doc>
<status status="PASS" start="2026-02-22T14:36:10.928743" elapsed="4.734428"/>
</kw>
<kw name="Set Selenium Timeout" owner="SeleniumLibrary">
<arg>${TIMEOUT}</arg>
<doc>Sets the timeout that is used by various keywords.</doc>
<status status="PASS" start="2026-02-22T14:36:15.663313" elapsed="0.001031"/>
</kw>
<status status="PASS" start="2026-02-22T14:36:09.063103" elapsed="6.601366"/>
</kw>
<test id="s1-s4-t1" name="Default Sorting Validation" line="62">
<kw name="Go To Shop Page" type="SETUP">
<kw name="Go To" owner="SeleniumLibrary">
<msg time="2026-02-22T14:36:15.665354" level="INFO">Opening url 'https://practice.automationtesting.in/shop/'</msg>
<arg>https://practice.automationtesting.in/shop/</arg>
<doc>Navigates the current browser window to the provided ``url``.</doc>
<status status="PASS" start="2026-02-22T14:36:15.665297" elapsed="0.436577"/>
</kw>
<kw name="Wait Until Page Contains Element" owner="SeleniumLibrary">
<arg>id=content</arg>
<doc>Waits until the element ``locator`` appears on the current page.</doc>
<status status="PASS" start="2026-02-22T14:36:16.102500" elapsed="2.002205"/>
</kw>
<status status="PASS" start="2026-02-22T14:36:15.665138" elapsed="2.440270"/>
</kw>
<kw name="Select Default Sorting">
<kw name="Select From List By Label" owner="SeleniumLibrary">
<msg time="2026-02-22T14:36:18.106765" level="INFO">Selecting options from selection list 'css=select.orderby' by label Default sorting.</msg>
<arg>css=select.orderby</arg>
<arg>Default sorting</arg>
<doc>Selects options from selection list ``locator`` by ``labels``.</doc>
<status status="PASS" start="2026-02-22T14:36:18.106512" elapsed="0.039546"/>
</kw>
<kw name="Sleep" owner="BuiltIn">
<msg time="2026-02-22T14:36:20.148697" level="INFO">Slept 2 seconds.</msg>
<arg>2s</arg>
<doc>Pauses the test executed for the given time.</doc>
<status status="PASS" start="2026-02-22T14:36:18.146178" elapsed="2.003019"/>
</kw>
<kw name="List Selection Should Be" owner="SeleniumLibrary">
<msg time="2026-02-22T14:36:20.150744" level="INFO">Verifying list 'css=select.orderby' has option [ Default sorting ] selected.</msg>
<msg time="2026-02-22T14:36:20.166227" level="INFO">Current page contains list 'css=select.orderby'.</msg>
<arg>css=select.orderby</arg>
<arg>Default sorting</arg>
<doc>Verifies selection list ``locator`` has ``expected`` options selected.</doc>
<status status="PASS" start="2026-02-22T14:36:20.149936" elapsed="0.053239"/>
</kw>
<status status="PASS" start="2026-02-22T14:36:18.106114" elapsed="2.097124"/>
</kw>
<kw name="Validate Products Visible">
<kw name="Element Should Be Visible" owner="SeleniumLibrary">
<msg time="2026-02-22T14:36:20.211783" level="INFO">Element 'css=ul.products li' is displayed.</msg>
<arg>css=ul.products li</arg>
<doc>Verifies that the element identified by ``locator`` is visible.</doc>
<status status="PASS" start="2026-02-22T14:36:20.203498" elapsed="0.008326"/>
</kw>
<kw name="Get Element Count" owner="SeleniumLibrary">
<msg time="2026-02-22T14:36:20.215235" level="INFO">${count} = 8</msg>
<var>${count}</var>
<arg>css=ul.products li</arg>
<doc>Returns the number of elements matching ``locator``.</doc>
<status status="PASS" start="2026-02-22T14:36:20.211905" elapsed="0.003351"/>
</kw>
<kw name="Should Be True" owner="BuiltIn">
<arg>${count} &gt; 0</arg>
<doc>Fails if the given condition is not true.</doc>
<status status="PASS" start="2026-02-22T14:36:20.215911" elapsed="0.001250"/>
</kw>
<status status="PASS" start="2026-02-22T14:36:20.203360" elapsed="0.013850"/>
</kw>
<status status="PASS" start="2026-02-22T14:36:15.664641" elapsed="4.552693"/>
</test>
<test id="s1-s4-t2" name="Sort By Price Low To High Validation" line="67">
<kw name="Go To Shop Page" type="SETUP">
<kw name="Go To" owner="SeleniumLibrary">
<msg time="2026-02-22T14:36:20.218068" level="INFO">Opening url 'https://practice.automationtesting.in/shop/'</msg>
<arg>https://practice.automationtesting.in/shop/</arg>
<doc>Navigates the current browser window to the provided ``url``.</doc>
<status status="PASS" start="2026-02-22T14:36:20.217978" elapsed="2.527684"/>
</kw>
<kw name="Wait Until Page Contains Element" owner="SeleniumLibrary">
<arg>id=content</arg>
<doc>Waits until the element ``locator`` appears on the current page.</doc>
<status status="PASS" start="2026-02-22T14:36:22.745812" elapsed="0.003404"/>
</kw>
<status status="PASS" start="2026-02-22T14:36:20.217740" elapsed="2.531563"/>
</kw>
<kw name="Select Sort By Price Low To High">
<kw name="Select From List By Value" owner="SeleniumLibrary">
<msg time="2026-02-22T14:36:22.749894" level="INFO">Selecting options from selection list 'css=select.orderby' by value price.</msg>
<arg>css=select.orderby</arg>
<arg>price</arg>
<doc>Selects options from selection list ``locator`` by ``values``.</doc>
<status status="PASS" start="2026-02-22T14:36:22.749794" elapsed="3.008608"/>
</kw>
<kw name="Sleep" owner="BuiltIn">
<msg time="2026-02-22T14:36:27.759262" level="INFO">Slept 2 seconds.</msg>
<arg>2s</arg>
<doc>Pauses the test executed for the given time.</doc>
<status status="PASS" start="2026-02-22T14:36:25.758581" elapsed="2.001180"/>
</kw>
<kw name="List Selection Should Be" owner="SeleniumLibrary">
<msg time="2026-02-22T14:36:27.761393" level="INFO">Verifying list 'css=select.orderby' has option [ Sort by price: low to high ] selected.</msg>
<msg time="2026-02-22T14:36:27.776433" level="INFO">Current page contains list 'css=select.orderby'.</msg>
<arg>css=select.orderby</arg>
<arg>Sort by price: low to high</arg>
<doc>Verifies selection list ``locator`` has ``expected`` options selected.</doc>
<status status="PASS" start="2026-02-22T14:36:27.760523" elapsed="0.048333"/>
</kw>
<status status="PASS" start="2026-02-22T14:36:22.749562" elapsed="5.059355"/>
</kw>
<kw name="Validate Products Visible">
<kw name="Element Should Be Visible" owner="SeleniumLibrary">
<msg time="2026-02-22T14:36:27.815107" level="INFO">Element 'css=ul.products li' is displayed.</msg>
<arg>css=ul.products li</arg>
<doc>Verifies that the element identified by ``locator`` is visible.</doc>
<status status="PASS" start="2026-02-22T14:36:27.809167" elapsed="0.006221"/>
</kw>
<kw name="Get Element Count" owner="SeleniumLibrary">
<msg time="2026-02-22T14:36:27.818458" level="INFO">${count} = 8</msg>
<var>${count}</var>
<arg>css=ul.products li</arg>
<doc>Returns the number of elements matching ``locator``.</doc>
<status status="PASS" start="2026-02-22T14:36:27.815455" elapsed="0.003021"/>
</kw>
<kw name="Should Be True" owner="BuiltIn">
<arg>${count} &gt; 0</arg>
<doc>Fails if the given condition is not true.</doc>
<status status="PASS" start="2026-02-22T14:36:27.818543" elapsed="0.000183"/>
</kw>
<status status="PASS" start="2026-02-22T14:36:27.809039" elapsed="0.009726"/>
</kw>
<status status="PASS" start="2026-02-22T14:36:20.217550" elapsed="7.601287"/>
</test>
<test id="s1-s4-t3" name="Filter By Price Validation" line="72">
<kw name="Go To Shop Page" type="SETUP">
<kw name="Go To" owner="SeleniumLibrary">
<msg time="2026-02-22T14:36:27.819430" level="INFO">Opening url 'https://practice.automationtesting.in/shop/'</msg>
<arg>https://practice.automationtesting.in/shop/</arg>
<doc>Navigates the current browser window to the provided ``url``.</doc>
<status status="PASS" start="2026-02-22T14:36:27.819384" elapsed="5.751347"/>
</kw>
<kw name="Wait Until Page Contains Element" owner="SeleniumLibrary">
<arg>id=content</arg>
<doc>Waits until the element ``locator`` appears on the current page.</doc>
<status status="PASS" start="2026-02-22T14:36:33.576864" elapsed="0.010361"/>
</kw>
<status status="PASS" start="2026-02-22T14:36:27.819150" elapsed="5.768198"/>
</kw>
<kw name="Get Price Range Text">
<kw name="Get Text" owner="SeleniumLibrary">
<msg time="2026-02-22T14:36:33.599379" level="INFO">${text} = Price: ₹150 — ₹500</msg>
<var>${text}</var>
<arg>css=.price_label</arg>
<doc>Returns the text value of the element identified by ``locator``.</doc>
<status status="PASS" start="2026-02-22T14:36:33.587965" elapsed="0.011455"/>
</kw>
<kw name="Should Not Be Empty" owner="BuiltIn">
<msg time="2026-02-22T14:36:33.600633" level="INFO">Length is 18.</msg>
<arg>${text}</arg>
<doc>Verifies that the given item is not empty.</doc>
<status status="PASS" start="2026-02-22T14:36:33.599536" elapsed="0.001127"/>
</kw>
<return>
<value>${text}</value>
<status status="PASS" start="2026-02-22T14:36:33.600709" elapsed="0.000080"/>
</return>
<msg time="2026-02-22T14:36:33.600963" level="INFO">${before} = Price: ₹150 — ₹500</msg>
<var>${before}</var>
<status status="PASS" start="2026-02-22T14:36:33.587714" elapsed="0.013263"/>
</kw>
<kw name="Move Price Slider And Apply Filter">
<kw name="Execute Javascript" owner="SeleniumLibrary">
<msg time="2026-02-22T14:36:33.602554" level="INFO">Executing JavaScript:
document.querySelector('#min_price').value='150';
Without any arguments.</msg>
<arg>document.querySelector('#min_price').value='150';</arg>
<doc>Executes the given JavaScript code with possible arguments.</doc>
<status status="PASS" start="2026-02-22T14:36:33.601292" elapsed="0.007546"/>
</kw>
<kw name="Execute Javascript" owner="SeleniumLibrary">
<msg time="2026-02-22T14:36:33.610247" level="INFO">Executing JavaScript:
document.querySelector('#max_price').value='300';
Without any arguments.</msg>
<arg>document.querySelector('#max_price').value='300';</arg>
<doc>Executes the given JavaScript code with possible arguments.</doc>
<status status="PASS" start="2026-02-22T14:36:33.609198" elapsed="0.003951"/>
</kw>
<kw name="Execute Javascript" owner="SeleniumLibrary">
<msg time="2026-02-22T14:36:33.614396" level="INFO">Executing JavaScript:
jQuery('body').trigger('price_slider_change');
Without any arguments.</msg>
<arg>jQuery('body').trigger('price_slider_change');</arg>
<doc>Executes the given JavaScript code with possible arguments.</doc>
<status status="PASS" start="2026-02-22T14:36:33.613587" elapsed="0.005062"/>
</kw>
<kw name="Click Button" owner="SeleniumLibrary">
<msg time="2026-02-22T14:36:33.619124" level="INFO">Clicking button 'css=.price_slider_amount button'.</msg>
<arg>css=.price_slider_amount button</arg>
<doc>Clicks the button identified by ``locator``.</doc>
<status status="PASS" start="2026-02-22T14:36:33.618794" elapsed="2.654248"/>
</kw>
<kw name="Wait Until Page Contains Element" owner="SeleniumLibrary">
<arg>css=ul.products</arg>
<doc>Waits until the element ``locator`` appears on the current page.</doc>
<status status="PASS" start="2026-02-22T14:36:36.273196" elapsed="0.005982"/>
</kw>
<status status="PASS" start="2026-02-22T14:36:33.601093" elapsed="2.678144"/>
</kw>
<kw name="Get Price Range Text">
<kw name="Get Text" owner="SeleniumLibrary">
<msg time="2026-02-22T14:36:36.286434" level="INFO">${text} = Price: ₹150 — ₹300</msg>
<var>${text}</var>
<arg>css=.price_label</arg>
<doc>Returns the text value of the element identified by ``locator``.</doc>
<status status="PASS" start="2026-02-22T14:36:36.279513" elapsed="0.006944"/>
</kw>
<kw name="Should Not Be Empty" owner="BuiltIn">
<msg time="2026-02-22T14:36:36.286689" level="INFO">Length is 18.</msg>
<arg>${text}</arg>
<doc>Verifies that the given item is not empty.</doc>
<status status="PASS" start="2026-02-22T14:36:36.286534" elapsed="0.000175"/>
</kw>
<return>
<value>${text}</value>
<status status="PASS" start="2026-02-22T14:36:36.286736" elapsed="0.000030"/>
</return>
<msg time="2026-02-22T14:36:36.286825" level="INFO">${after} = Price: ₹150 — ₹300</msg>
<var>${after}</var>
<status status="PASS" start="2026-02-22T14:36:36.279367" elapsed="0.007470"/>
</kw>
<kw name="Should Not Be Equal" owner="BuiltIn">
<arg>${before}</arg>
<arg>${after}</arg>
<doc>Fails if the given objects are equal.</doc>
<status status="PASS" start="2026-02-22T14:36:36.286914" elapsed="0.000177"/>
</kw>
<kw name="Element Should Contain" owner="SeleniumLibrary">
<msg time="2026-02-22T14:36:36.296073" level="INFO">Element 'css=.price_label' contains text '₹'.</msg>
<arg>css=.price_label</arg>
<arg>₹</arg>
<doc>Verifies that element ``locator`` contains text ``expected``.</doc>
<status status="PASS" start="2026-02-22T14:36:36.287152" elapsed="0.009087"/>
</kw>
<kw name="Validate Products Visible">
<kw name="Element Should Be Visible" owner="SeleniumLibrary">
<msg time="2026-02-22T14:36:36.304439" level="INFO">Element 'css=ul.products li' is displayed.</msg>
<arg>css=ul.products li</arg>
<doc>Verifies that the element identified by ``locator`` is visible.</doc>
<status status="PASS" start="2026-02-22T14:36:36.296781" elapsed="0.007701"/>
</kw>
<kw name="Get Element Count" owner="SeleniumLibrary">
<msg time="2026-02-22T14:36:36.308196" level="INFO">${count} = 4</msg>
<var>${count}</var>
<arg>css=ul.products li</arg>
<doc>Returns the number of elements matching ``locator``.</doc>
<status status="PASS" start="2026-02-22T14:36:36.304558" elapsed="0.003659"/>
</kw>
<kw name="Should Be True" owner="BuiltIn">
<arg>${count} &gt; 0</arg>
<doc>Fails if the given condition is not true.</doc>
<status status="PASS" start="2026-02-22T14:36:36.308320" elapsed="0.000225"/>
</kw>
<status status="PASS" start="2026-02-22T14:36:36.296486" elapsed="0.012095"/>
</kw>
<status status="PASS" start="2026-02-22T14:36:27.818973" elapsed="8.489687"/>
</test>
<test id="s1-s4-t4" name="Price Change Filter Validation" line="86">
<kw name="Go To Shop Page" type="SETUP">
<kw name="Go To" owner="SeleniumLibrary">
<msg time="2026-02-22T14:36:36.309131" level="INFO">Opening url 'https://practice.automationtesting.in/shop/'</msg>
<arg>https://practice.automationtesting.in/shop/</arg>
<doc>Navigates the current browser window to the provided ``url``.</doc>
<status status="PASS" start="2026-02-22T14:36:36.309082" elapsed="2.313962"/>
</kw>
<kw name="Wait Until Page Contains Element" owner="SeleniumLibrary">
<arg>id=content</arg>
<doc>Waits until the element ``locator`` appears on the current page.</doc>
<status status="PASS" start="2026-02-22T14:36:38.623180" elapsed="0.003990"/>
</kw>
<status status="PASS" start="2026-02-22T14:36:36.308983" elapsed="2.318238"/>
</kw>
<kw name="Get Price Range Text">
<kw name="Get Text" owner="SeleniumLibrary">
<msg time="2026-02-22T14:36:38.634433" level="INFO">${text} = Price: ₹150 — ₹500</msg>
<var>${text}</var>
<arg>css=.price_label</arg>
<doc>Returns the text value of the element identified by ``locator``.</doc>
<status status="PASS" start="2026-02-22T14:36:38.627767" elapsed="0.006685"/>
</kw>
<kw name="Should Not Be Empty" owner="BuiltIn">
<msg time="2026-02-22T14:36:38.634650" level="INFO">Length is 18.</msg>
<arg>${text}</arg>
<doc>Verifies that the given item is not empty.</doc>
<status status="PASS" start="2026-02-22T14:36:38.634514" elapsed="0.000155"/>
</kw>
<return>
<value>${text}</value>
<status status="PASS" start="2026-02-22T14:36:38.634693" elapsed="0.000025"/>
</return>
<msg time="2026-02-22T14:36:38.634774" level="INFO">${initial} = Price: ₹150 — ₹500</msg>
<var>${initial}</var>
<status status="PASS" start="2026-02-22T14:36:38.627633" elapsed="0.007152"/>
</kw>
<kw name="Move Price Slider And Apply Filter">
<kw name="Execute Javascript" owner="SeleniumLibrary">
<msg time="2026-02-22T14:36:38.635115" level="INFO">Executing JavaScript:
document.querySelector('#min_price').value='150';
Without any arguments.</msg>
<arg>document.querySelector('#min_price').value='150';</arg>
<doc>Executes the given JavaScript code with possible arguments.</doc>
<status status="PASS" start="2026-02-22T14:36:38.634962" elapsed="0.001781"/>
</kw>
<kw name="Execute Javascript" owner="SeleniumLibrary">
<msg time="2026-02-22T14:36:38.636943" level="INFO">Executing JavaScript:
document.querySelector('#max_price').value='300';
Without any arguments.</msg>
<arg>document.querySelector('#max_price').value='300';</arg>
<doc>Executes the given JavaScript code with possible arguments.</doc>
<status status="PASS" start="2026-02-22T14:36:38.636803" elapsed="0.001835"/>
</kw>
<kw name="Execute Javascript" owner="SeleniumLibrary">
<msg time="2026-02-22T14:36:38.638879" level="INFO">Executing JavaScript:
jQuery('body').trigger('price_slider_change');
Without any arguments.</msg>
<arg>jQuery('body').trigger('price_slider_change');</arg>
<doc>Executes the given JavaScript code with possible arguments.</doc>
<status status="PASS" start="2026-02-22T14:36:38.638716" elapsed="0.001980"/>
</kw>
<kw name="Click Button" owner="SeleniumLibrary">
<msg time="2026-02-22T14:36:38.640831" level="INFO">Clicking button 'css=.price_slider_amount button'.</msg>
<arg>css=.price_slider_amount button</arg>
<doc>Clicks the button identified by ``locator``.</doc>
<status status="PASS" start="2026-02-22T14:36:38.640753" elapsed="2.429981"/>
</kw>
<kw name="Wait Until Page Contains Element" owner="SeleniumLibrary">
<arg>css=ul.products</arg>
<doc>Waits until the element ``locator`` appears on the current page.</doc>
<status status="PASS" start="2026-02-22T14:36:41.074934" elapsed="0.005495"/>
</kw>
<status status="PASS" start="2026-02-22T14:36:38.634872" elapsed="2.445663"/>
</kw>
<kw name="Get Price Range Text">
<kw name="Get Text" owner="SeleniumLibrary">
<msg time="2026-02-22T14:36:41.087394" level="INFO">${text} = Price: ₹150 — ₹300</msg>
<var>${text}</var>
<arg>css=.price_label</arg>
<doc>Returns the text value of the element identified by ``locator``.</doc>
<status status="PASS" start="2026-02-22T14:36:41.081086" elapsed="0.006336"/>
</kw>
<kw name="Should Not Be Empty" owner="BuiltIn">
<msg time="2026-02-22T14:36:41.087962" level="INFO">Length is 18.</msg>
<arg>${text}</arg>
<doc>Verifies that the given item is not empty.</doc>
<status status="PASS" start="2026-02-22T14:36:41.087522" elapsed="0.000467"/>
</kw>
<return>
<value>${text}</value>
<status status="PASS" start="2026-02-22T14:36:41.088019" elapsed="0.000074"/>
</return>
<msg time="2026-02-22T14:36:41.088163" level="INFO">${changed} = Price: ₹150 — ₹300</msg>
<var>${changed}</var>
<status status="PASS" start="2026-02-22T14:36:41.080835" elapsed="0.007341"/>
</kw>
<kw name="Log" owner="BuiltIn">
<msg time="2026-02-22T14:36:41.088755" level="INFO">Initial Price Range: Price: ₹150 — ₹500</msg>
<arg>Initial Price Range: ${initial}</arg>
<doc>Logs the given message with the given level.</doc>
<status status="PASS" start="2026-02-22T14:36:41.088587" elapsed="0.000192"/>
</kw>
<kw name="Log" owner="BuiltIn">
<msg time="2026-02-22T14:36:41.089166" level="INFO">Changed Price Range: Price: ₹150 — ₹300</msg>
<arg>Changed Price Range: ${changed}</arg>
<doc>Logs the given message with the given level.</doc>
<status status="PASS" start="2026-02-22T14:36:41.088848" elapsed="0.000338"/>
</kw>
<kw name="Should Not Be Equal" owner="BuiltIn">
<arg>${initial}</arg>
<arg>${changed}</arg>
<doc>Fails if the given objects are equal.</doc>
<status status="PASS" start="2026-02-22T14:36:41.089248" elapsed="0.000131"/>
</kw>
<kw name="Element Should Be Visible" owner="SeleniumLibrary">
<msg time="2026-02-22T14:36:41.098741" level="INFO">Element 'css=.price_label' is displayed.</msg>
<arg>css=.price_label</arg>
<doc>Verifies that the element identified by ``locator`` is visible.</doc>
<status status="PASS" start="2026-02-22T14:36:41.089444" elapsed="0.009353"/>
</kw>
<kw name="Validate Products Visible">
<kw name="Element Should Be Visible" owner="SeleniumLibrary">
<msg time="2026-02-22T14:36:41.108312" level="INFO">Element 'css=ul.products li' is displayed.</msg>
<arg>css=ul.products li</arg>
<doc>Verifies that the element identified by ``locator`` is visible.</doc>
<status status="PASS" start="2026-02-22T14:36:41.099213" elapsed="0.010420"/>
</kw>
<kw name="Get Element Count" owner="SeleniumLibrary">
<msg time="2026-02-22T14:36:41.116543" level="INFO">${count} = 4</msg>
<var>${count}</var>
<arg>css=ul.products li</arg>
<doc>Returns the number of elements matching ``locator``.</doc>
<status status="PASS" start="2026-02-22T14:36:41.110276" elapsed="0.006393"/>
</kw>
<kw name="Should Be True" owner="BuiltIn">
<arg>${count} &gt; 0</arg>
<doc>Fails if the given condition is not true.</doc>
<status status="PASS" start="2026-02-22T14:36:41.117092" elapsed="0.000695"/>
</kw>
<status status="PASS" start="2026-02-22T14:36:41.098944" elapsed="0.018923"/>
</kw>
<status status="PASS" start="2026-02-22T14:36:36.308798" elapsed="4.809278"/>
</test>
<kw name="Close Browser" owner="SeleniumLibrary" type="TEARDOWN">
<doc>Closes the current browser.</doc>
<status status="PASS" start="2026-02-22T14:36:41.119325" elapsed="0.191462"/>
</kw>
<status status="PASS" start="2026-02-22T14:36:09.060914" elapsed="32.249944"/>
</suite>
<suite id="s1-s5" name="04 Cart Validation" source="/Users/abhinay/Capstone_Project/robot-framework/tests/04_cart_validation.robot">
<kw name="Open Application" owner="common" type="SETUP">
<kw name="Open Browser" owner="SeleniumLibrary">
<msg time="2026-02-22T14:36:41.314626" level="INFO">Opening browser 'chrome' to base url 'https://practice.automationtesting.in/'.</msg>
<arg>${URL}</arg>
<arg>${browser}</arg>
<doc>Opens a new browser instance to the optional ``url``.</doc>
<status status="PASS" start="2026-02-22T14:36:41.313990" elapsed="6.286817"/>
</kw>
<kw name="Maximize Browser Window" owner="SeleniumLibrary">
<doc>Maximizes current browser window.</doc>
<status status="PASS" start="2026-02-22T14:36:47.604164" elapsed="0.429483"/>
</kw>
<kw name="Set Selenium Timeout" owner="SeleniumLibrary">
<arg>${TIMEOUT}</arg>
<doc>Sets the timeout that is used by various keywords.</doc>
<status status="PASS" start="2026-02-22T14:36:48.033766" elapsed="0.000861"/>
</kw>
<status status="PASS" start="2026-02-22T14:36:41.313843" elapsed="6.720872"/>
</kw>
<test id="s1-s5-t1" name="Add Multiple Products In Cart" line="69">
<kw name="Go To Shop Page" type="SETUP">
<kw name="Go To" owner="SeleniumLibrary">
<msg time="2026-02-22T14:36:48.035833" level="INFO">Opening url 'https://practice.automationtesting.in/shop/'</msg>
<arg>https://practice.automationtesting.in/shop/</arg>
<doc>Navigates the current browser window to the provided ``url``.</doc>
<status status="PASS" start="2026-02-22T14:36:48.035401" elapsed="3.021416"/>
</kw>
<kw name="Wait Until Page Contains Element" owner="SeleniumLibrary">
<arg>id=content</arg>
<doc>Waits until the element ``locator`` appears on the current page.</doc>
<status status="PASS" start="2026-02-22T14:36:51.056991" elapsed="0.006119"/>
</kw>
<status status="PASS" start="2026-02-22T14:36:48.035236" elapsed="3.027925"/>
</kw>
<kw name="Add First Product By URL">
<kw name="Go To" owner="SeleniumLibrary">
<msg time="2026-02-22T14:36:51.063464" level="INFO">Opening url 'https://practice.automationtesting.in/shop/?add-to-cart=169'</msg>
<arg>https://practice.automationtesting.in/shop/?add-to-cart=169</arg>
<doc>Navigates the current browser window to the provided ``url``.</doc>
<status status="PASS" start="2026-02-22T14:36:51.063411" elapsed="2.473274"/>
</kw>
<kw name="Wait Until Page Contains Element" owner="SeleniumLibrary">
<arg>xpath=//a[contains(text(),'View Basket')]</arg>
<doc>Waits until the element ``locator`` appears on the current page.</doc>
<status status="PASS" start="2026-02-22T14:36:53.537027" elapsed="0.007608"/>
</kw>
<kw name="Page Should Contain" owner="SeleniumLibrary">
<msg time="2026-02-22T14:36:53.550693" level="INFO">Current page contains text 'View Basket'.</msg>
<arg>View Basket</arg>
<doc>Verifies that current page contains ``text``.</doc>
<status status="PASS" start="2026-02-22T14:36:53.544734" elapsed="0.005996"/>
</kw>
<status status="PASS" start="2026-02-22T14:36:51.063289" elapsed="2.487483"/>
</kw>
<kw name="Add Second Product By URL">
<kw name="Go To" owner="SeleniumLibrary">
<msg time="2026-02-22T14:36:53.551050" level="INFO">Opening url 'https://practice.automationtesting.in/shop/?add-to-cart=181'</msg>
<arg>https://practice.automationtesting.in/shop/?add-to-cart=181</arg>
<doc>Navigates the current browser window to the provided ``url``.</doc>
<status status="PASS" start="2026-02-22T14:36:53.551004" elapsed="2.585359"/>
</kw>
<kw name="Wait Until Page Contains Element" owner="SeleniumLibrary">
<arg>xpath=//a[contains(text(),'View Basket')]</arg>
<doc>Waits until the element ``locator`` appears on the current page.</doc>
<status status="PASS" start="2026-02-22T14:36:56.136503" elapsed="0.003711"/>
</kw>
<kw name="Page Should Contain" owner="SeleniumLibrary">
<msg time="2026-02-22T14:36:56.144785" level="INFO">Current page contains text 'View Basket'.</msg>
<arg>View Basket</arg>
<doc>Verifies that current page contains ``text``.</doc>
<status status="PASS" start="2026-02-22T14:36:56.140295" elapsed="0.004529"/>
</kw>
<status status="PASS" start="2026-02-22T14:36:53.550889" elapsed="2.593987"/>
</kw>
<kw name="Open Cart">
<kw name="Click Element" owner="SeleniumLibrary">
<msg time="2026-02-22T14:36:56.145247" level="INFO">Clicking element 'xpath=//a[contains(text(),'View Basket')]'.</msg>
<arg>xpath=//a[contains(text(),'View Basket')]</arg>
<doc>Click the element identified by ``locator``.</doc>
<status status="PASS" start="2026-02-22T14:36:56.145164" elapsed="1.268642"/>
</kw>
<kw name="Wait Until Page Contains Element" owner="SeleniumLibrary">
<arg>css=table.shop_table</arg>
<doc>Waits until the element ``locator`` appears on the current page.</doc>
<status status="PASS" start="2026-02-22T14:36:57.413919" elapsed="0.010610"/>
</kw>
<kw name="Element Should Be Visible" owner="SeleniumLibrary">
<msg time="2026-02-22T14:36:57.431852" level="INFO">Element 'css=table.shop_table' is displayed.</msg>
<arg>css=table.shop_table</arg>
<doc>Verifies that the element identified by ``locator`` is visible.</doc>
<status status="PASS" start="2026-02-22T14:36:57.424621" elapsed="0.007273"/>
</kw>
<status status="PASS" start="2026-02-22T14:36:56.145016" elapsed="1.286921"/>
</kw>
<kw name="Get Element Count" owner="SeleniumLibrary">
<msg time="2026-02-22T14:36:57.436604" level="INFO">${count} = 6</msg>
<var>${count}</var>
<arg>css=table.shop_table tbody tr</arg>
<doc>Returns the number of elements matching ``locator``.</doc>
<status status="PASS" start="2026-02-22T14:36:57.432042" elapsed="0.004578"/>
</kw>
<kw name="Should Be True" owner="BuiltIn">
<arg>${count} &gt;= 2</arg>
<doc>Fails if the given condition is not true.</doc>
<status status="PASS" start="2026-02-22T14:36:57.436726" elapsed="0.000658"/>
</kw>
<kw name="Element Should Be Visible" owner="SeleniumLibrary">
<msg time="2026-02-22T14:36:57.445690" level="INFO">Element 'css=.cart_totals' is displayed.</msg>
<arg>css=.cart_totals</arg>
<doc>Verifies that the element identified by ``locator`` is visible.</doc>
<status status="PASS" start="2026-02-22T14:36:57.437451" elapsed="0.008292"/>
</kw>
<status status="PASS" start="2026-02-22T14:36:48.034818" elapsed="9.411250"/>
</test>
<test id="s1-s5-t2" name="Remove One Product From Cart" line="83">
<kw name="Go To Shop Page" type="SETUP">
<kw name="Go To" owner="SeleniumLibrary">
<msg time="2026-02-22T14:36:57.447194" level="INFO">Opening url 'https://practice.automationtesting.in/shop/'</msg>
<arg>https://practice.automationtesting.in/shop/</arg>
<doc>Navigates the current browser window to the provided ``url``.</doc>
<status status="PASS" start="2026-02-22T14:36:57.447138" elapsed="2.287240"/>
</kw>
<kw name="Wait Until Page Contains Element" owner="SeleniumLibrary">
<arg>id=content</arg>
<doc>Waits until the element ``locator`` appears on the current page.</doc>
<status status="PASS" start="2026-02-22T14:36:59.734855" elapsed="0.004339"/>
</kw>
<status status="PASS" start="2026-02-22T14:36:57.447012" elapsed="2.292258"/>
</kw>
<kw name="Add First Product By URL">
<kw name="Go To" owner="SeleniumLibrary">
<msg time="2026-02-22T14:36:59.739632" level="INFO">Opening url 'https://practice.automationtesting.in/shop/?add-to-cart=169'</msg>
<arg>https://practice.automationtesting.in/shop/?add-to-cart=169</arg>
<doc>Navigates the current browser window to the provided ``url``.</doc>
<status status="PASS" start="2026-02-22T14:36:59.739566" elapsed="1.244301"/>
</kw>
<kw name="Wait Until Page Contains Element" owner="SeleniumLibrary">
<arg>xpath=//a[contains(text(),'View Basket')]</arg>
<doc>Waits until the element ``locator`` appears on the current page.</doc>
<status status="PASS" start="2026-02-22T14:37:00.983992" elapsed="0.013982"/>
</kw>
<kw name="Page Should Contain" owner="SeleniumLibrary">
<msg time="2026-02-22T14:37:01.002204" level="INFO">Current page contains text 'View Basket'.</msg>
<arg>View Basket</arg>
<doc>Verifies that current page contains ``text``.</doc>
<status status="PASS" start="2026-02-22T14:37:00.998066" elapsed="0.004175"/>
</kw>
<status status="PASS" start="2026-02-22T14:36:59.739422" elapsed="1.262869"/>
</kw>
<kw name="Add Second Product By URL">
<kw name="Go To" owner="SeleniumLibrary">
<msg time="2026-02-22T14:37:01.002623" level="INFO">Opening url 'https://practice.automationtesting.in/shop/?add-to-cart=181'</msg>
<arg>https://practice.automationtesting.in/shop/?add-to-cart=181</arg>
<doc>Navigates the current browser window to the provided ``url``.</doc>
<status status="PASS" start="2026-02-22T14:37:01.002576" elapsed="1.196199"/>
</kw>
<kw name="Wait Until Page Contains Element" owner="SeleniumLibrary">
<arg>xpath=//a[contains(text(),'View Basket')]</arg>
<doc>Waits until the element ``locator`` appears on the current page.</doc>
<status status="PASS" start="2026-02-22T14:37:02.198895" elapsed="0.015022"/>
</kw>
<kw name="Page Should Contain" owner="SeleniumLibrary">
<msg time="2026-02-22T14:37:02.218112" level="INFO">Current page contains text 'View Basket'.</msg>
<arg>View Basket</arg>
<doc>Verifies that current page contains ``text``.</doc>
<status status="PASS" start="2026-02-22T14:37:02.214018" elapsed="0.004133"/>
</kw>
<status status="PASS" start="2026-02-22T14:37:01.002441" elapsed="1.215753"/>
</kw>
<kw name="Open Cart">
<kw name="Click Element" owner="SeleniumLibrary">
<msg time="2026-02-22T14:37:02.218515" level="INFO">Clicking element 'xpath=//a[contains(text(),'View Basket')]'.</msg>
<arg>xpath=//a[contains(text(),'View Basket')]</arg>
<doc>Click the element identified by ``locator``.</doc>
<status status="PASS" start="2026-02-22T14:37:02.218432" elapsed="1.048978"/>
</kw>
<kw name="Wait Until Page Contains Element" owner="SeleniumLibrary">
<arg>css=table.shop_table</arg>
<doc>Waits until the element ``locator`` appears on the current page.</doc>
<status status="PASS" start="2026-02-22T14:37:03.267529" elapsed="0.007778"/>
</kw>
<kw name="Element Should Be Visible" owner="SeleniumLibrary">
<msg time="2026-02-22T14:37:03.281547" level="INFO">Element 'css=table.shop_table' is displayed.</msg>
<arg>css=table.shop_table</arg>
<doc>Verifies that the element identified by ``locator`` is visible.</doc>
<status status="PASS" start="2026-02-22T14:37:03.275598" elapsed="0.005987"/>
</kw>
<status status="PASS" start="2026-02-22T14:37:02.218307" elapsed="1.063321"/>
</kw>
<kw name="Get Element Count" owner="SeleniumLibrary">
<msg time="2026-02-22T14:37:03.284404" level="INFO">${before} = 6</msg>
<var>${before}</var>
<arg>css=table.shop_table tbody tr</arg>
<doc>Returns the number of elements matching ``locator``.</doc>
<status status="PASS" start="2026-02-22T14:37:03.281719" elapsed="0.002700"/>
</kw>
<kw name="Remove One Product">
<kw name="Scroll Element Into View" owner="SeleniumLibrary">
<arg>css=a.remove</arg>
<doc>Scrolls the element identified by ``locator`` into view.</doc>
<status status="PASS" start="2026-02-22T14:37:03.284631" elapsed="0.270015"/>
</kw>
<kw name="Click Element" owner="SeleniumLibrary">
<msg time="2026-02-22T14:37:03.554884" level="INFO">Clicking element 'css=a.remove'.</msg>
<arg>css=a.remove</arg>
<doc>Click the element identified by ``locator``.</doc>
<status status="PASS" start="2026-02-22T14:37:03.554763" elapsed="0.031478"/>
</kw>
<kw name="Wait Until Element Is Visible" owner="SeleniumLibrary">
<arg>css=.woocommerce-message</arg>
<doc>Waits until the element ``locator`` is visible.</doc>
<status status="PASS" start="2026-02-22T14:37:03.586350" elapsed="0.837439"/>
</kw>
<kw name="Element Should Contain" owner="SeleniumLibrary">
<msg time="2026-02-22T14:37:04.435267" level="INFO">Element 'css=.woocommerce-message' contains text 'removed'.</msg>
<arg>css=.woocommerce-message</arg>
<arg>removed</arg>
<doc>Verifies that element ``locator`` contains text ``expected``.</doc>
<status status="PASS" start="2026-02-22T14:37:04.423910" elapsed="0.011418"/>
</kw>
<status status="PASS" start="2026-02-22T14:37:03.284527" elapsed="1.150869"/>
</kw>
<kw name="Get Element Count" owner="SeleniumLibrary">
<msg time="2026-02-22T14:37:04.438556" level="INFO">${after} = 5</msg>
<var>${after}</var>
<arg>css=table.shop_table tbody tr</arg>
<doc>Returns the number of elements matching ``locator``.</doc>
<status status="PASS" start="2026-02-22T14:37:04.435528" elapsed="0.003050"/>
</kw>
<kw name="Should Be True" owner="BuiltIn">
<arg>${after} &lt; ${before}</arg>
<doc>Fails if the given condition is not true.</doc>
<status status="PASS" start="2026-02-22T14:37:04.438781" elapsed="0.000773"/>
</kw>
<kw name="Element Should Be Visible" owner="SeleniumLibrary">
<msg time="2026-02-22T14:37:04.446416" level="INFO">Element 'css=table.shop_table' is displayed.</msg>
<arg>css=table.shop_table</arg>
<doc>Verifies that the element identified by ``locator`` is visible.</doc>
<status status="PASS" start="2026-02-22T14:37:04.439655" elapsed="0.006810"/>
</kw>
<status status="PASS" start="2026-02-22T14:36:57.446487" elapsed="7.000117"/>
</test>
<test id="s1-s5-t3" name="Proceed To Checkout Product" line="101">
<kw name="Go To Shop Page" type="SETUP">
<kw name="Go To" owner="SeleniumLibrary">
<msg time="2026-02-22T14:37:04.447240" level="INFO">Opening url 'https://practice.automationtesting.in/shop/'</msg>
<arg>https://practice.automationtesting.in/shop/</arg>
<doc>Navigates the current browser window to the provided ``url``.</doc>
<status status="PASS" start="2026-02-22T14:37:04.447143" elapsed="1.132756"/>
</kw>
<kw name="Wait Until Page Contains Element" owner="SeleniumLibrary">
<arg>id=content</arg>
<doc>Waits until the element ``locator`` appears on the current page.</doc>
<status status="PASS" start="2026-02-22T14:37:05.580045" elapsed="0.014199"/>
</kw>
<status status="PASS" start="2026-02-22T14:37:04.447014" elapsed="1.147301"/>
</kw>
<kw name="Add First Product By URL">
<kw name="Go To" owner="SeleniumLibrary">
<msg time="2026-02-22T14:37:05.594681" level="INFO">Opening url 'https://practice.automationtesting.in/shop/?add-to-cart=169'</msg>
<arg>https://practice.automationtesting.in/shop/?add-to-cart=169</arg>
<doc>Navigates the current browser window to the provided ``url``.</doc>
<status status="PASS" start="2026-02-22T14:37:05.594625" elapsed="2.320043"/>
</kw>
<kw name="Wait Until Page Contains Element" owner="SeleniumLibrary">
<arg>xpath=//a[contains(text(),'View Basket')]</arg>
<doc>Waits until the element ``locator`` appears on the current page.</doc>
<status status="PASS" start="2026-02-22T14:37:07.914968" elapsed="0.003688"/>
</kw>
<kw name="Page Should Contain" owner="SeleniumLibrary">
<msg time="2026-02-22T14:37:07.923149" level="INFO">Current page contains text 'View Basket'.</msg>
<arg>View Basket</arg>
<doc>Verifies that current page contains ``text``.</doc>
<status status="PASS" start="2026-02-22T14:37:07.918737" elapsed="0.004450"/>
</kw>
<status status="PASS" start="2026-02-22T14:37:05.594496" elapsed="2.328734"/>
</kw>
<kw name="Open Cart">
<kw name="Click Element" owner="SeleniumLibrary">
<msg time="2026-02-22T14:37:07.923608" level="INFO">Clicking element 'xpath=//a[contains(text(),'View Basket')]'.</msg>
<arg>xpath=//a[contains(text(),'View Basket')]</arg>
<doc>Click the element identified by ``locator``.</doc>
<status status="PASS" start="2026-02-22T14:37:07.923533" elapsed="5.376347"/>
</kw>
<kw name="Wait Until Page Contains Element" owner="SeleniumLibrary">
<arg>css=table.shop_table</arg>
<doc>Waits until the element ``locator`` appears on the current page.</doc>
<status status="PASS" start="2026-02-22T14:37:13.300413" elapsed="0.005206"/>
</kw>
<kw name="Element Should Be Visible" owner="SeleniumLibrary">
<msg time="2026-02-22T14:37:13.311719" level="INFO">Element 'css=table.shop_table' is displayed.</msg>
<arg>css=table.shop_table</arg>
<doc>Verifies that the element identified by ``locator`` is visible.</doc>
<status status="PASS" start="2026-02-22T14:37:13.305717" elapsed="0.006050"/>
</kw>
<status status="PASS" start="2026-02-22T14:37:07.923410" elapsed="5.388444"/>
</kw>
<kw name="Proceed To Checkout">
<kw name="Go To" owner="SeleniumLibrary">
<msg time="2026-02-22T14:37:13.312376" level="INFO">Opening url 'https://practice.automationtesting.in/checkout/'</msg>
<arg>https://practice.automationtesting.in/checkout/</arg>
<doc>Navigates the current browser window to the provided ``url``.</doc>
[...]
<msg time="2026-02-22T14:41:04.115921" level="FAIL">Page should have contained text 'already registered' but did not.</msg>
<arg>already registered</arg>
<doc>Verifies that current page contains ``text``.</doc>
<status status="FAIL" start="2026-02-22T14:41:03.910963" elapsed="0.205113">Page should have contained text 'already registered' but did not.</status>
</kw>
<msg time="2026-02-22T14:41:04.116141" level="INFO">${exists} = False</msg>
<var>${exists}</var>
<arg>Page Should Contain</arg>
<arg>already registered</arg>
<doc>Runs the specified keyword and returns the status as a Boolean value.</doc>
<status status="PASS" start="2026-02-22T14:41:03.910795" elapsed="0.205357"/>
</kw>
<if>
<branch type="IF" condition="${logout}">
<kw name="Log" owner="BuiltIn">
<arg>New user registered</arg>
<doc>Logs the given message with the given level.</doc>
<status status="NOT RUN" start="2026-02-22T14:41:04.116303" elapsed="0.000014"/>
</kw>
<kw name="Logout User" owner="login_keywords">
<status status="NOT RUN" start="2026-02-22T14:41:04.116385" elapsed="0.000014"/>
</kw>
<kw name="Wait Until Element Is Visible" owner="SeleniumLibrary">
<arg>id=username</arg>
<doc>Waits until the element ``locator`` is visible.</doc>
<status status="NOT RUN" start="2026-02-22T14:41:04.116439" elapsed="0.000010"/>
</kw>
<status status="NOT RUN" start="2026-02-22T14:41:04.116210" elapsed="0.000254"/>
</branch>
<branch type="ELSE IF" condition="${exists}">
<kw name="Fail" owner="BuiltIn">
<arg>User already registered — registration must be new</arg>
<doc>Fails the test with the given message and optionally alters its tags.</doc>
<status status="NOT RUN" start="2026-02-22T14:41:04.116531" elapsed="0.000010"/>
</kw>
<status status="NOT RUN" start="2026-02-22T14:41:04.116480" elapsed="0.000077"/>
</branch>
<branch type="ELSE">
<kw name="Fail" owner="BuiltIn">
<msg time="2026-02-22T14:41:04.116746" level="FAIL">Registration result not detected</msg>
<arg>Registration result not detected</arg>
<doc>Fails the test with the given message and optionally alters its tags.</doc>
<status status="FAIL" start="2026-02-22T14:41:04.116602" elapsed="0.000171">Registration result not detected</status>
</kw>
<status status="FAIL" start="2026-02-22T14:41:04.116570" elapsed="0.000238">Registration result not detected</status>
</branch>
<status status="FAIL" start="2026-02-22T14:41:04.116191" elapsed="0.000633">Registration result not detected</status>
</if>
<status status="FAIL" start="2026-02-22T14:41:03.685053" elapsed="0.431817">Registration result not detected</status>
</kw>
<kw name="Check Registration Result">
<kw name="Run Keyword And Return Status" owner="BuiltIn">
<kw name="Page Should Contain" owner="SeleniumLibrary">
<msg time="2026-02-22T14:41:06.337098" level="INFO" html="true">&lt;/td&gt;&lt;/tr&gt;&lt;tr&gt;&lt;td colspan="3"&gt;&lt;a href="selenium-screenshot-35.png"&gt;&lt;img src="selenium-screenshot-35.png" width="800px"&gt;&lt;/a&gt;</msg>
<msg time="2026-02-22T14:41:06.337184" level="FAIL">Page should have contained text 'Logout' but did not.</msg>
<arg>Logout</arg>
<doc>Verifies that current page contains ``text``.</doc>
<status status="FAIL" start="2026-02-22T14:41:06.120731" elapsed="0.216613">Page should have contained text 'Logout' but did not.</status>
</kw>
<msg time="2026-02-22T14:41:06.337413" level="INFO">${logout} = False</msg>
<var>${logout}</var>
<arg>Page Should Contain</arg>
<arg>Logout</arg>
<doc>Runs the specified keyword and returns the status as a Boolean value.</doc>
<status status="PASS" start="2026-02-22T14:41:06.120034" elapsed="0.217391"/>
</kw>
<kw name="Run Keyword And Return Status" owner="BuiltIn">
<kw name="Page Should Contain" owner="SeleniumLibrary">
<msg time="2026-02-22T14:41:06.547983" level="INFO" html="true">&lt;/td&gt;&lt;/tr&gt;&lt;tr&gt;&lt;td colspan="3"&gt;&lt;a href="selenium-screenshot-36.png"&gt;&lt;img src="selenium-screenshot-36.png" width="800px"&gt;&lt;/a&gt;</msg>
<msg time="2026-02-22T14:41:06.548066" level="FAIL">Page should have contained text 'already registered' but did not.</msg>
<arg>already registered</arg>
<doc>Verifies that current page contains ``text``.</doc>
<status status="FAIL" start="2026-02-22T14:41:06.337801" elapsed="0.210423">Page should have contained text 'already registered' but did not.</status>
</kw>
<msg time="2026-02-22T14:41:06.548298" level="INFO">${exists} = False</msg>
<var>${exists}</var>
<arg>Page Should Contain</arg>
<arg>already registered</arg>
<doc>Runs the specified keyword and returns the status as a Boolean value.</doc>
<status status="PASS" start="2026-02-22T14:41:06.337527" elapsed="0.210783"/>
</kw>
<if>
<branch type="IF" condition="${logout}">
<kw name="Log" owner="BuiltIn">
<arg>New user registered</arg>
<doc>Logs the given message with the given level.</doc>
<status status="NOT RUN" start="2026-02-22T14:41:06.548442" elapsed="0.000013"/>
</kw>
<kw name="Logout User" owner="login_keywords">
<status status="NOT RUN" start="2026-02-22T14:41:06.548522" elapsed="0.000013"/>
</kw>
<kw name="Wait Until Element Is Visible" owner="SeleniumLibrary">
<arg>id=username</arg>
<doc>Waits until the element ``locator`` is visible.</doc>
<status status="NOT RUN" start="2026-02-22T14:41:06.548575" elapsed="0.000011"/>
</kw>
<status status="NOT RUN" start="2026-02-22T14:41:06.548359" elapsed="0.000242"/>
</branch>
<branch type="ELSE IF" condition="${exists}">
<kw name="Fail" owner="BuiltIn">
<arg>User already registered — registration must be new</arg>
<doc>Fails the test with the given message and optionally alters its tags.</doc>
<status status="NOT RUN" start="2026-02-22T14:41:06.548667" elapsed="0.000009"/>
</kw>
<status status="NOT RUN" start="2026-02-22T14:41:06.548618" elapsed="0.000073"/>
</branch>
<branch type="ELSE">
<kw name="Fail" owner="BuiltIn">
<msg time="2026-02-22T14:41:06.548876" level="FAIL">Registration result not detected</msg>
<arg>Registration result not detected</arg>
<doc>Fails the test with the given message and optionally alters its tags.</doc>
<status status="FAIL" start="2026-02-22T14:41:06.548737" elapsed="0.000165">Registration result not detected</status>
</kw>
<status status="FAIL" start="2026-02-22T14:41:06.548704" elapsed="0.000229">Registration result not detected</status>
</branch>
<status status="FAIL" start="2026-02-22T14:41:06.548344" elapsed="0.000605">Registration result not detected</status>
</if>
<status status="FAIL" start="2026-02-22T14:41:06.118915" elapsed="0.430071">Registration result not detected</status>
</kw>
<kw name="Check Registration Result">
<kw name="Run Keyword And Return Status" owner="BuiltIn">
<kw name="Page Should Contain" owner="SeleniumLibrary">
<msg time="2026-02-22T14:41:08.810498" level="INFO" html="true">&lt;/td&gt;&lt;/tr&gt;&lt;tr&gt;&lt;td colspan="3"&gt;&lt;a href="selenium-screenshot-37.png"&gt;&lt;img src="selenium-screenshot-37.png" width="800px"&gt;&lt;/a&gt;</msg>
<msg time="2026-02-22T14:41:08.810746" level="FAIL">Page should have contained text 'Logout' but did not.</msg>
<arg>Logout</arg>
<doc>Verifies that current page contains ``text``.</doc>
<status status="FAIL" start="2026-02-22T14:41:08.553187" elapsed="0.257783">Page should have contained text 'Logout' but did not.</status>
</kw>
<msg time="2026-02-22T14:41:08.811089" level="INFO">${logout} = False</msg>
<var>${logout}</var>
<arg>Page Should Contain</arg>
<arg>Logout</arg>
<doc>Runs the specified keyword and returns the status as a Boolean value.</doc>
<status status="PASS" start="2026-02-22T14:41:08.552473" elapsed="0.258628"/>
</kw>
<kw name="Run Keyword And Return Status" owner="BuiltIn">
<kw name="Page Should Contain" owner="SeleniumLibrary">
<msg time="2026-02-22T14:41:09.019904" level="INFO" html="true">&lt;/td&gt;&lt;/tr&gt;&lt;tr&gt;&lt;td colspan="3"&gt;&lt;a href="selenium-screenshot-38.png"&gt;&lt;img src="selenium-screenshot-38.png" width="800px"&gt;&lt;/a&gt;</msg>
<msg time="2026-02-22T14:41:09.019987" level="FAIL">Page should have contained text 'already registered' but did not.</msg>
<arg>already registered</arg>
<doc>Verifies that current page contains ``text``.</doc>
<status status="FAIL" start="2026-02-22T14:41:08.811527" elapsed="0.208623">Page should have contained text 'already registered' but did not.</status>
</kw>
<msg time="2026-02-22T14:41:09.020219" level="INFO">${exists} = False</msg>
<var>${exists}</var>
<arg>Page Should Contain</arg>
<arg>already registered</arg>
<doc>Runs the specified keyword and returns the status as a Boolean value.</doc>
<status status="PASS" start="2026-02-22T14:41:08.811275" elapsed="0.208956"/>
</kw>
<if>
<branch type="IF" condition="${logout}">
<kw name="Log" owner="BuiltIn">
<arg>New user registered</arg>
<doc>Logs the given message with the given level.</doc>
<status status="NOT RUN" start="2026-02-22T14:41:09.020372" elapsed="0.000013"/>
</kw>
<kw name="Logout User" owner="login_keywords">
<status status="NOT RUN" start="2026-02-22T14:41:09.020454" elapsed="0.000012"/>
</kw>
<kw name="Wait Until Element Is Visible" owner="SeleniumLibrary">
<arg>id=username</arg>
<doc>Waits until the element ``locator`` is visible.</doc>
<status status="NOT RUN" start="2026-02-22T14:41:09.020515" elapsed="0.000010"/>
</kw>
<status status="NOT RUN" start="2026-02-22T14:41:09.020283" elapsed="0.000256"/>
</branch>
<branch type="ELSE IF" condition="${exists}">
<kw name="Fail" owner="BuiltIn">
<arg>User already registered — registration must be new</arg>
<doc>Fails the test with the given message and optionally alters its tags.</doc>
<status status="NOT RUN" start="2026-02-22T14:41:09.020606" elapsed="0.000009"/>
</kw>
<status status="NOT RUN" start="2026-02-22T14:41:09.020556" elapsed="0.000075"/>
</branch>
<branch type="ELSE">
<kw name="Fail" owner="BuiltIn">
<msg time="2026-02-22T14:41:09.020824" level="FAIL">Registration result not detected</msg>
<arg>Registration result not detected</arg>
<doc>Fails the test with the given message and optionally alters its tags.</doc>
<status status="FAIL" start="2026-02-22T14:41:09.020676" elapsed="0.000174">Registration result not detected</status>
</kw>
<status status="FAIL" start="2026-02-22T14:41:09.020644" elapsed="0.000235">Registration result not detected</status>
</branch>
<status status="FAIL" start="2026-02-22T14:41:09.020267" elapsed="0.000627">Registration result not detected</status>
</if>
<status status="FAIL" start="2026-02-22T14:41:08.551421" elapsed="0.469509">Registration result not detected</status>
</kw>
<kw name="Check Registration Result">
<kw name="Run Keyword And Return Status" owner="BuiltIn">
<kw name="Page Should Contain" owner="SeleniumLibrary">
<msg time="2026-02-22T14:41:11.253887" level="INFO" html="true">&lt;/td&gt;&lt;/tr&gt;&lt;tr&gt;&lt;td colspan="3"&gt;&lt;a href="selenium-screenshot-39.png"&gt;&lt;img src="selenium-screenshot-39.png" width="800px"&gt;&lt;/a&gt;</msg>
<msg time="2026-02-22T14:41:11.254001" level="FAIL">Page should have contained text 'Logout' but did not.</msg>
<arg>Logout</arg>
<doc>Verifies that current page contains ``text``.</doc>
<status status="FAIL" start="2026-02-22T14:41:11.025500" elapsed="0.228718">Page should have contained text 'Logout' but did not.</status>
</kw>
<msg time="2026-02-22T14:41:11.254292" level="INFO">${logout} = False</msg>
<var>${logout}</var>
<arg>Page Should Contain</arg>
<arg>Logout</arg>
<doc>Runs the specified keyword and returns the status as a Boolean value.</doc>
<status status="PASS" start="2026-02-22T14:41:11.024770" elapsed="0.229534"/>
</kw>
<kw name="Run Keyword And Return Status" owner="BuiltIn">
<kw name="Page Should Contain" owner="SeleniumLibrary">
<msg time="2026-02-22T14:41:11.465736" level="INFO" html="true">&lt;/td&gt;&lt;/tr&gt;&lt;tr&gt;&lt;td colspan="3"&gt;&lt;a href="selenium-screenshot-40.png"&gt;&lt;img src="selenium-screenshot-40.png" width="800px"&gt;&lt;/a&gt;</msg>
<msg time="2026-02-22T14:41:11.465839" level="FAIL">Page should have contained text 'already registered' but did not.</msg>
<arg>already registered</arg>
<doc>Verifies that current page contains ``text``.</doc>
<status status="FAIL" start="2026-02-22T14:41:11.254577" elapsed="0.211414">Page should have contained text 'already registered' but did not.</status>
</kw>
<msg time="2026-02-22T14:41:11.466060" level="INFO">${exists} = False</msg>
<var>${exists}</var>
<arg>Page Should Contain</arg>
<arg>already registered</arg>
<doc>Runs the specified keyword and returns the status as a Boolean value.</doc>
<status status="PASS" start="2026-02-22T14:41:11.254388" elapsed="0.211688"/>
</kw>
<if>
<branch type="IF" condition="${logout}">
<kw name="Log" owner="BuiltIn">
<arg>New user registered</arg>
<doc>Logs the given message with the given level.</doc>
<status status="NOT RUN" start="2026-02-22T14:41:11.466224" elapsed="0.000013"/>
</kw>
<kw name="Logout User" owner="login_keywords">
<status status="NOT RUN" start="2026-02-22T14:41:11.466320" elapsed="0.000014"/>
</kw>
<kw name="Wait Until Element Is Visible" owner="SeleniumLibrary">
<arg>id=username</arg>
<doc>Waits until the element ``locator`` is visible.</doc>
<status status="NOT RUN" start="2026-02-22T14:41:11.466375" elapsed="0.000011"/>
</kw>
<status status="NOT RUN" start="2026-02-22T14:41:11.466133" elapsed="0.000268"/>
</branch>
<branch type="ELSE IF" condition="${exists}">
<kw name="Fail" owner="BuiltIn">
<arg>User already registered — registration must be new</arg>
<doc>Fails the test with the given message and optionally alters its tags.</doc>
<status status="NOT RUN" start="2026-02-22T14:41:11.466466" elapsed="0.000009"/>
</kw>
<status status="NOT RUN" start="2026-02-22T14:41:11.466418" elapsed="0.000073"/>
</branch>
<branch type="ELSE">
<kw name="Fail" owner="BuiltIn">
<msg time="2026-02-22T14:41:11.466688" level="FAIL">Registration result not detected</msg>
<arg>Registration result not detected</arg>
<doc>Fails the test with the given message and optionally alters its tags.</doc>
<status status="FAIL" start="2026-02-22T14:41:11.466542" elapsed="0.000172">Registration result not detected</status>
</kw>
<status status="FAIL" start="2026-02-22T14:41:11.466503" elapsed="0.000243">Registration result not detected</status>
</branch>
<status status="FAIL" start="2026-02-22T14:41:11.466116" elapsed="0.000646">Registration result not detected</status>
</if>
<status status="FAIL" start="2026-02-22T14:41:11.023699" elapsed="0.443102">Registration result not detected</status>
</kw>
<msg time="2026-02-22T14:41:11.466839" level="FAIL">Keyword 'Check Registration Result' failed after retrying for 15 seconds. The last error was: Registration result not detected</msg>
<arg>15s</arg>
<arg>2s</arg>
<arg>Check Registration Result</arg>
<doc>Runs the specified keyword and retries if it fails.</doc>
<status status="FAIL" start="2026-02-22T14:40:56.229372" elapsed="15.237505">Keyword 'Check Registration Result' failed after retrying for 15 seconds. The last error was: Registration result not detected</status>
</kw>
<arg>${EMAIL}</arg>
<arg>${PASSWORD}</arg>
<status status="FAIL" start="2026-02-22T14:40:51.504786" elapsed="19.962129">Keyword 'Check Registration Result' failed after retrying for 15 seconds. The last error was: Registration result not detected</status>
</kw>
<kw name="Login Validation">
<arg>${EMAIL}</arg>
<arg>${PASSWORD}</arg>
<status status="NOT RUN" start="2026-02-22T14:41:11.466992" elapsed="0.000011"/>
</kw>
<kw name="Search Validation">
<status status="NOT RUN" start="2026-02-22T14:41:11.467052" elapsed="0.000014"/>
</kw>
<kw name="Sorting Validation">
<status status="NOT RUN" start="2026-02-22T14:41:11.467109" elapsed="0.000010"/>
</kw>
<kw name="Cart Validation">
<status status="NOT RUN" start="2026-02-22T14:41:11.467161" elapsed="0.000013"/>
</kw>
<kw name="Billing Validation">
<arg>${EMAIL}</arg>
<arg>${FIRSTNAME}</arg>
<arg>${LASTNAME}</arg>
<arg>${PHONE}</arg>
<arg>${CITY}</arg>
<arg>${POSTCODE}</arg>
<status status="NOT RUN" start="2026-02-22T14:41:11.467238" elapsed="0.000008"/>
</kw>
<kw name="Logout Validation">
<status status="NOT RUN" start="2026-02-22T14:41:11.467287" elapsed="0.000010"/>
</kw>
<arg>EMAIL=testuser1@test.com</arg>
<arg>PASSWORD=Omkar@2003</arg>
<arg>FIRSTNAME=Ravi</arg>
<arg>LASTNAME=Kumar</arg>
<arg>PHONE=9876543222</arg>
<arg>CITY=Chennai</arg>
<arg>POSTCODE=600001</arg>
<status status="FAIL" start="2026-02-22T14:40:51.504511" elapsed="19.962814">Keyword 'Check Registration Result' failed after retrying for 15 seconds. The last error was: Registration result not detected</status>
</kw>
<kw name="Run Keyword If Test Failed" owner="BuiltIn" type="TEARDOWN">
<kw name="Capture Failed Screenshot" owner="common">
<kw name="Replace String" owner="String">
<msg time="2026-02-22T14:41:11.467891" level="INFO">${clean} = User2</msg>
<var>${clean}</var>
<arg>${TEST NAME}</arg>
<arg>${SPACE}</arg>
<arg>_</arg>
<doc>Replaces ``search_for`` in the given ``string`` with ``replace_with``.</doc>
<status status="PASS" start="2026-02-22T14:41:11.467782" elapsed="0.000121"/>
</kw>
<kw name="Set Variable" owner="BuiltIn">
<msg time="2026-02-22T14:41:11.468068" level="INFO">${file} = FAILED_User2.png</msg>
<var>${file}</var>
<arg>FAILED_${clean}.png</arg>
<doc>Returns the given values which can then be assigned to a variables.</doc>
<status status="PASS" start="2026-02-22T14:41:11.467958" elapsed="0.000122"/>
</kw>
<kw name="Capture Page Screenshot" owner="SeleniumLibrary">
<msg time="2026-02-22T14:41:11.550653" level="INFO" html="true">&lt;/td&gt;&lt;/tr&gt;&lt;tr&gt;&lt;td colspan="3"&gt;&lt;a href="FAILED_User2.png"&gt;&lt;img src="FAILED_User2.png" width="800px"&gt;&lt;/a&gt;</msg>
<arg>${file}</arg>
<doc>Takes a screenshot of the current page and embeds it into a log file.</doc>
<status status="PASS" start="2026-02-22T14:41:11.468140" elapsed="0.082578"/>
</kw>
<status status="PASS" start="2026-02-22T14:41:11.467656" elapsed="0.083116"/>
</kw>
<arg>Capture Failed Screenshot</arg>
<doc>Runs the given keyword with the given arguments, if the test failed.</doc>
<status status="PASS" start="2026-02-22T14:41:11.467519" elapsed="0.083276"/>
</kw>
<status status="FAIL" start="2026-02-22T14:40:31.923196" elapsed="39.627649">Keyword 'Check Registration Result' failed after retrying for 15 seconds. The last error was: Registration result not detected</status>
</test>
<status status="FAIL" start="2026-02-22T14:38:51.710790" elapsed="139.840300"/>
</suite>
<status status="FAIL" start="2026-02-22T14:34:42.872241" elapsed="388.679154"/>
</suite>
<statistics>
<total>
<stat pass="18" fail="2" skip="0">All Tests</stat>
</total>
<tag>
</tag>
<suite>
<stat name="Tests" id="s1" pass="18" fail="2" skip="0">Tests</stat>
<stat name="00 User Registration" id="s1-s1" pass="1" fail="0" skip="0">Tests.00 User Registration</stat>
<stat name="01 Login Validation" id="s1-s2" pass="3" fail="0" skip="0">Tests.01 Login Validation</stat>
<stat name="02 Search Validation" id="s1-s3" pass="3" fail="0" skip="0">Tests.02 Search Validation</stat>
<stat name="03 Sorting Filter Validation" id="s1-s4" pass="4" fail="0" skip="0">Tests.03 Sorting Filter Validation</stat>
<stat name="04 Cart Validation" id="s1-s5" pass="3" fail="0" skip="0">Tests.04 Cart Validation</stat>
<stat name="05 Billing Validation" id="s1-s6" pass="3" fail="0" skip="0">Tests.05 Billing Validation</stat>
<stat name="06 Logout Validation" id="s1-s7" pass="1" fail="0" skip="0">Tests.06 Logout Validation</stat>
<stat name="End To End" id="s1-s8" pass="0" fail="2" skip="0">Tests.End To End</stat>
</suite>
</statistics>
<errors>
<msg time="2026-02-22T14:34:42.867314" level="ERROR">Error in file '/Users/abhinay/Capstone_Project/robot-framework/tests/end_to_end.robot' on line 9: Setting 'Test Teardown' is allowed only once. Only the first value is used.</msg>
</errors>
</robot>
