<?xml version="1.0" encoding="UTF-8"?>
<robot generator="Robot 7.4.1 (Python 3.11.9 on darwin)" generated="2026-02-23T09:16:34.423148" rpa="false" schemaversion="5">
<suite id="s1" name="Tests" source="/Users/abhinay/Capstone_Project/robot-framework/tests">
<suite id="s1-s1" name="00 User Registration" source="/Users/abhinay/Capstone_Project/robot-framework/tests/00_user_registration.robot">
<kw name="Open Application" owner="common" type="SETUP">
<kw name="Open Browser" owner="SeleniumLibrary">
<msg time="2026-02-23T09:16:34.560263" level="INFO">Opening browser 'chrome' to base url 'https://practice.automationtesting.in/'.</msg>
<arg>${URL}</arg>
<arg>${browser}</arg>
<doc>Opens a new browser instance to the optional ``url``.</doc>
<status status="PASS" start="2026-02-23T09:16:34.560137" elapsed="10.794755"/>
</kw>
<kw name="Maximize Browser Window" owner="SeleniumLibrary">
<doc>Maximizes current browser window.</doc>
<status status="PASS" start="2026-02-23T09:16:45.369566" elapsed="1.658982"/>
</kw>
<kw name="Set Selenium Timeout" owner="SeleniumLibrary">
<arg>${TIMEOUT}</arg>
<doc>Sets the timeout that is used by various keywords.</doc>
<status status="PASS" start="2026-02-23T09:16:47.029505" elapsed="0.002552"/>
</kw>
<status status="PASS" start="2026-02-23T09:16:34.559749" elapsed="12.472414"/>
</kw>
<test id="s1-s1-t1" name="User1" line="10">
<kw name="Register User">
<if>
<branch type="IF" condition="'${EXPECTED}' != 'PASS'">
<kw name="Skip" owner="BuiltIn">
<arg>Not registration user</arg>
<doc>Skips the rest of the current test.</doc>
<status status="NOT RUN" start="2026-02-23T09:16:47.038711" elapsed="0.000542"/>
</kw>
<status status="NOT RUN" start="2026-02-23T09:16:47.034294" elapsed="0.005070"/>
</branch>
<status status="PASS" start="2026-02-23T09:16:47.034267" elapsed="0.005217"/>
</if>
<kw name="Go To" owner="SeleniumLibrary">
<msg time="2026-02-23T09:16:47.039899" level="INFO">Opening url 'https://practice.automationtesting.in/my-account/'</msg>
<arg>https://practice.automationtesting.in/my-account/</arg>
<doc>Navigates the current browser window to the provided ``url``.</doc>
<status status="PASS" start="2026-02-23T09:16:47.039622" elapsed="1.523339"/>
</kw>
<kw name="Wait Until Page Contains Element" owner="SeleniumLibrary">
<arg>id=reg_email</arg>
<doc>Waits until the element ``locator`` appears on the current page.</doc>
<status status="PASS" start="2026-02-23T09:16:48.563315" elapsed="0.008811"/>
</kw>
<kw name="Input Text" owner="SeleniumLibrary">
<msg time="2026-02-23T09:16:48.572394" level="INFO">Typing text 'testuser138@test.com' into text field 'id=reg_email'.</msg>
<arg>id=reg_email</arg>
<arg>${EMAIL}</arg>
<doc>Types the given ``text`` into the text field identified by ``locator``.</doc>
<status status="PASS" start="2026-02-23T09:16:48.572230" elapsed="0.235301"/>
</kw>
<kw name="Textfield Value Should Be" owner="SeleniumLibrary">
<msg time="2026-02-23T09:16:48.821245" level="INFO">Content of text field 'id=reg_email' is 'testuser138@test.com'.</msg>
<arg>id=reg_email</arg>
<arg>${EMAIL}</arg>
<doc>Verifies text field ``locator`` has exactly text ``expected``.</doc>
<status status="PASS" start="2026-02-23T09:16:48.807653" elapsed="0.013668"/>
</kw>
<kw name="Input Text" owner="SeleniumLibrary">
<msg time="2026-02-23T09:16:48.821800" level="INFO">Typing text 'Omkar@2003' into text field 'id=reg_password'.</msg>
<arg>id=reg_password</arg>
<arg>${PASSWORD}</arg>
<doc>Types the given ``text`` into the text field identified by ``locator``.</doc>
<status status="PASS" start="2026-02-23T09:16:48.821437" elapsed="0.078349"/>
</kw>
<kw name="Element Should Be Visible" owner="SeleniumLibrary">
<msg time="2026-02-23T09:16:48.908482" level="INFO">Element 'id=reg_password' is displayed.</msg>
<arg>id=reg_password</arg>
<doc>Verifies that the element identified by ``locator`` is visible.</doc>
<status status="PASS" start="2026-02-23T09:16:48.900008" elapsed="0.008533"/>
</kw>
<kw name="Click Button" owner="SeleniumLibrary">
<msg time="2026-02-23T09:16:48.908754" level="INFO">Clicking button 'name=register'.</msg>
<arg>name=register</arg>
<doc>Clicks the button identified by ``locator``.</doc>
<status status="PASS" start="2026-02-23T09:16:48.908632" elapsed="2.114685"/>
</kw>
<kw name="Wait Until Keyword Succeeds" owner="BuiltIn">
<kw name="Check Registration Result">
<kw name="Run Keyword And Return Status" owner="BuiltIn">
<kw name="Page Should Contain" owner="SeleniumLibrary">
<msg time="2026-02-23T09:16:51.671840" level="INFO" html="true">&lt;/td&gt;&lt;/tr&gt;&lt;tr&gt;&lt;td colspan="3"&gt;&lt;a href="selenium-screenshot-1.png"&gt;&lt;img src="selenium-screenshot-1.png" width="800px"&gt;&lt;/a&gt;</msg>
<msg time="2026-02-23T09:16:51.671991" level="FAIL">Page should have contained text 'Logout' but did not.</msg>
<arg>Logout</arg>
<doc>Verifies that current page contains ``text``.</doc>
<status status="FAIL" start="2026-02-23T09:16:51.026718" elapsed="0.648832">Page should have contained text 'Logout' but did not.</status>
</kw>
<msg time="2026-02-23T09:16:51.675642" level="INFO">${logout} = False</msg>
<var>${logout}</var>
<arg>Page Should Contain</arg>
<arg>Logout</arg>
<doc>Runs the specified keyword and returns the status as a Boolean value.</doc>
<status status="PASS" start="2026-02-23T09:16:51.026533" elapsed="0.649124"/>
</kw>
<kw name="Run Keyword And Return Status" owner="BuiltIn">
<kw name="Page Should Contain" owner="SeleniumLibrary">
<msg time="2026-02-23T09:16:51.681737" level="INFO">Current page contains text 'already registered'.</msg>
<arg>already registered</arg>
<doc>Verifies that current page contains ``text``.</doc>
<status status="PASS" start="2026-02-23T09:16:51.675939" elapsed="0.005840"/>
</kw>
<msg time="2026-02-23T09:16:51.681839" level="INFO">${exists} = True</msg>
<var>${exists}</var>
<arg>Page Should Contain</arg>
<arg>already registered</arg>
<doc>Runs the specified keyword and returns the status as a Boolean value.</doc>
<status status="PASS" start="2026-02-23T09:16:51.675746" elapsed="0.006105"/>
</kw>
<if>
<branch type="IF" condition="${logout} or ${exists}">
<kw name="Log" owner="BuiltIn">
<msg time="2026-02-23T09:16:51.682184" level="INFO">Registration successful (new user or already registered)</msg>
<arg>Registration successful (new user or already registered)</arg>
<doc>Logs the given message with the given level.</doc>
<status status="PASS" start="2026-02-23T09:16:51.682055" elapsed="0.000149"/>
</kw>
<status status="PASS" start="2026-02-23T09:16:51.681919" elapsed="0.000304"/>
</branch>
<branch type="ELSE">
<kw name="Fail" owner="BuiltIn">
<arg>Registration failed - no expected result found</arg>
<doc>Fails the test with the given message and optionally alters its tags.</doc>
<status status="NOT RUN" start="2026-02-23T09:16:51.682292" elapsed="0.000010"/>
</kw>
<status status="NOT RUN" start="2026-02-23T09:16:51.682243" elapsed="0.000075"/>
</branch>
<status status="PASS" start="2026-02-23T09:16:51.681895" elapsed="0.000435"/>
</if>
<status status="PASS" start="2026-02-23T09:16:51.026012" elapsed="0.656345"/>
</kw>
<arg>15s</arg>
<arg>2s</arg>
<arg>Check Registration Result</arg>
<doc>Runs the specified keyword and retries if it fails.</doc>
<status status="PASS" start="2026-02-23T09:16:51.023577" elapsed="0.658804"/>
</kw>
<arg>EMAIL=testuser138@test.com</arg>
<arg>PASSWORD=Omkar@2003</arg>
<arg>FIRSTNAME=Omkar</arg>
<arg>LASTNAME=Reddy</arg>
<arg>PHONE=9876543210</arg>
<arg>CITY=Hyderabad</arg>
<arg>POSTCODE=500001</arg>
<arg>EXPECTED=PASS</arg>
<status status="PASS" start="2026-02-23T09:16:47.033973" elapsed="4.648433"/>
</kw>
<status status="PASS" start="2026-02-23T09:16:47.032284" elapsed="4.650251"/>
</test>
<kw name="Close Browser" owner="SeleniumLibrary" type="TEARDOWN">
<doc>Closes the current browser.</doc>
<status status="PASS" start="2026-02-23T09:16:51.682755" elapsed="0.126783"/>
</kw>
<status status="PASS" start="2026-02-23T09:16:34.442024" elapsed="17.367596"/>
</suite>
<suite id="s1-s2" name="01 Login Validation" source="/Users/abhinay/Capstone_Project/robot-framework/tests/01_login_validation.robot">
<kw name="Open Application" owner="common" type="SETUP">
<kw name="Open Browser" owner="SeleniumLibrary">
<msg time="2026-02-23T09:16:51.826067" level="INFO">Opening browser 'chrome' to base url 'https://practice.automationtesting.in/'.</msg>
<arg>${URL}</arg>
<arg>${browser}</arg>
<doc>Opens a new browser instance to the optional ``url``.</doc>
<status status="PASS" start="2026-02-23T09:16:51.825242" elapsed="6.386943"/>
</kw>
<kw name="Maximize Browser Window" owner="SeleniumLibrary">
<doc>Maximizes current browser window.</doc>
<status status="PASS" start="2026-02-23T09:16:58.213160" elapsed="1.512122"/>
</kw>
<kw name="Set Selenium Timeout" owner="SeleniumLibrary">
<arg>${TIMEOUT}</arg>
<doc>Sets the timeout that is used by various keywords.</doc>
<status status="PASS" start="2026-02-23T09:16:59.725589" elapsed="0.001904"/>
</kw>
<status status="PASS" start="2026-02-23T09:16:51.824706" elapsed="7.902902"/>
</kw>
<test id="s1-s2-t1" name="User1" line="11">
<kw name="Go To Fresh Login Page" type="SETUP">
<kw name="Go To" owner="SeleniumLibrary">
<msg time="2026-02-23T09:16:59.729747" level="INFO">Opening url 'https://practice.automationtesting.in/my-account/'</msg>
<arg>https://practice.automationtesting.in/my-account/</arg>
<doc>Navigates the current browser window to the provided ``url``.</doc>
<status status="PASS" start="2026-02-23T09:16:59.729667" elapsed="2.057760"/>
</kw>
<kw name="Wait Until Page Contains Element" owner="SeleniumLibrary">
<arg>id=username</arg>
<doc>Waits until the element ``locator`` appears on the current page.</doc>
<status status="PASS" start="2026-02-23T09:17:01.787893" elapsed="0.009199"/>
</kw>
<kw name="Run Keyword And Ignore Error" owner="BuiltIn">
<kw name="Logout User" owner="login_keywords">
<kw name="Go To" owner="SeleniumLibrary">
<msg time="2026-02-23T09:17:01.798120" level="INFO">Opening url 'https://practice.automationtesting.in/my-account/'</msg>
<arg>https://practice.automationtesting.in/my-account/</arg>
<doc>Navigates the current browser window to the provided ``url``.</doc>
<status status="PASS" start="2026-02-23T09:17:01.798064" elapsed="1.758332"/>
</kw>
<kw name="Wait Until Page Contains Element" owner="SeleniumLibrary">
<arg>css=body</arg>
<doc>Waits until the element ``locator`` appears on the current page.</doc>
<status status="PASS" start="2026-02-23T09:17:03.556761" elapsed="0.005050"/>
</kw>
<kw name="Run Keyword And Ignore Error" owner="BuiltIn">
<kw name="Click Element" owner="SeleniumLibrary">
<msg time="2026-02-23T09:17:03.562304" level="INFO">Clicking element 'xpath=//a[text()='Logout']'.</msg>
<msg time="2026-02-23T09:17:04.286073" level="INFO" html="true">&lt;/td&gt;&lt;/tr&gt;&lt;tr&gt;&lt;td colspan="3"&gt;&lt;a href="selenium-screenshot-2.png"&gt;&lt;img src="selenium-screenshot-2.png" width="800px"&gt;&lt;/a&gt;</msg>
<msg time="2026-02-23T09:17:04.286322" level="FAIL">Element with locator 'xpath=//a[text()='Logout']' not found.</msg>
<arg>xpath=//a[text()='Logout']</arg>
<doc>Click the element identified by ``locator``.</doc>
<status status="FAIL" start="2026-02-23T09:17:03.562190" elapsed="0.726616">Element with locator 'xpath=//a[text()='Logout']' not found.</status>
</kw>
<arg>Click Element</arg>
<arg>xpath=//a[text()='Logout']</arg>
<doc>Runs the given keyword with the given arguments and ignores possible error.</doc>
<status status="PASS" start="2026-02-23T09:17:03.561989" elapsed="0.726899"/>
</kw>
<kw name="Wait Until Element Is Visible" owner="SeleniumLibrary">
<arg>id=username</arg>
<arg>15s</arg>
<doc>Waits until the element ``locator`` is visible.</doc>
<status status="PASS" start="2026-02-23T09:17:04.289025" elapsed="0.008419"/>
</kw>
<status status="PASS" start="2026-02-23T09:17:01.797938" elapsed="2.499577"/>
</kw>
<arg>Logout User</arg>
<doc>Runs the given keyword with the given arguments and ignores possible error.</doc>
<status status="PASS" start="2026-02-23T09:17:01.797231" elapsed="2.500313"/>
</kw>
<kw name="Go To" owner="SeleniumLibrary">
<msg time="2026-02-23T09:17:04.297669" level="INFO">Opening url 'https://practice.automationtesting.in/my-account/'</msg>
<arg>https://practice.automationtesting.in/my-account/</arg>
<doc>Navigates the current browser window to the provided ``url``.</doc>
<status status="PASS" start="2026-02-23T09:17:04.297605" elapsed="2.334093"/>
</kw>
<kw name="Wait Until Element Is Visible" owner="SeleniumLibrary">
<arg>id=username</arg>
<doc>Waits until the element ``locator`` is visible.</doc>
<status status="PASS" start="2026-02-23T09:17:06.631834" elapsed="0.007612"/>
</kw>
<status status="PASS" start="2026-02-23T09:16:59.729426" elapsed="6.910094"/>
</kw>
<kw name="Login Validation Template">
<kw name="Login User" owner="login_keywords">
<kw name="Input Text" owner="SeleniumLibrary">
<msg time="2026-02-23T09:17:06.640758" level="INFO">Typing text 'testuser1@test.com' into text field 'id=username'.</msg>
<arg>id=username</arg>
<arg>${EMAIL}</arg>
<doc>Types the given ``text`` into the text field identified by ``locator``.</doc>
<status status="PASS" start="2026-02-23T09:17:06.640578" elapsed="0.215953"/>
</kw>
<kw name="Input Text" owner="SeleniumLibrary">
<msg time="2026-02-23T09:17:06.857258" level="INFO">Typing text 'Omkar@2003' into text field 'id=password'.</msg>
<arg>id=password</arg>
<arg>${PASSWORD}</arg>
<doc>Types the given ``text`` into the text field identified by ``locator``.</doc>
<status status="PASS" start="2026-02-23T09:17:06.856799" elapsed="0.082449"/>
</kw>
<kw name="Click Button" owner="SeleniumLibrary">
<msg time="2026-02-23T09:17:06.940282" level="INFO">Clicking button 'name=login'.</msg>
<arg>name=login</arg>
<doc>Clicks the button identified by ``locator``.</doc>
<status status="PASS" start="2026-02-23T09:17:06.939801" elapsed="2.447892"/>
</kw>
<arg>${EMAIL}</arg>
<arg>${PASSWORD}</arg>
<status status="PASS" start="2026-02-23T09:17:06.640282" elapsed="2.748461"/>
</kw>
<kw name="Run Keyword And Return Status" owner="BuiltIn">
<kw name="Wait Until Element Is Visible" owner="SeleniumLibrary">
<arg>css=div.woocommerce-MyAccount-content</arg>
<arg>5s</arg>
<doc>Waits until the element ``locator`` is visible.</doc>
<status status="PASS" start="2026-02-23T09:17:09.390407" elapsed="0.011889"/>
</kw>
<msg time="2026-02-23T09:17:09.402458" level="INFO">${dashboard_visible} = True</msg>
<var>${dashboard_visible}</var>
<arg>Wait Until Element Is Visible</arg>
<arg>css=div.woocommerce-MyAccount-content</arg>
<arg>5s</arg>
<doc>Runs the specified keyword and returns the status as a Boolean value.</doc>
<status status="PASS" start="2026-02-23T09:17:09.389499" elapsed="0.012994"/>
</kw>
<if>
<branch type="IF" condition="'${EXPECTED}'=='PASS'">
<kw name="Should Be True" owner="BuiltIn">
<arg>${dashboard_visible}</arg>
<doc>Fails if the given condition is not true.</doc>
<status status="PASS" start="2026-02-23T09:17:09.403571" elapsed="0.000183"/>
</kw>
<kw name="Logout User" owner="login_keywords">
<kw name="Go To" owner="SeleniumLibrary">
<msg time="2026-02-23T09:17:09.404126" level="INFO">Opening url 'https://practice.automationtesting.in/my-account/'</msg>
<arg>https://practice.automationtesting.in/my-account/</arg>
<doc>Navigates the current browser window to the provided ``url``.</doc>
<status status="PASS" start="2026-02-23T09:17:09.404035" elapsed="2.649065"/>
</kw>
<kw name="Wait Until Page Contains Element" owner="SeleniumLibrary">
<arg>css=body</arg>
<doc>Waits until the element ``locator`` appears on the current page.</doc>
<status status="PASS" start="2026-02-23T09:17:12.053420" elapsed="0.009788"/>
</kw>
<kw name="Run Keyword And Ignore Error" owner="BuiltIn">
<kw name="Click Element" owner="SeleniumLibrary">
<msg time="2026-02-23T09:17:12.063651" level="INFO">Clicking element 'xpath=//a[text()='Logout']'.</msg>
<arg>xpath=//a[text()='Logout']</arg>
<doc>Click the element identified by ``locator``.</doc>
<status status="PASS" start="2026-02-23T09:17:12.063527" elapsed="1.752383"/>
</kw>
<arg>Click Element</arg>
<arg>xpath=//a[text()='Logout']</arg>
<doc>Runs the given keyword with the given arguments and ignores possible error.</doc>
<status status="PASS" start="2026-02-23T09:17:12.063333" elapsed="1.752799"/>
</kw>
<kw name="Wait Until Element Is Visible" owner="SeleniumLibrary">
<arg>id=username</arg>
<arg>15s</arg>
<doc>Waits until the element ``locator`` is visible.</doc>
<status status="PASS" start="2026-02-23T09:17:13.816356" elapsed="0.010135"/>
</kw>
<status status="PASS" start="2026-02-23T09:17:09.403861" elapsed="4.422714"/>
</kw>
<kw name="Wait Until Element Is Visible" owner="SeleniumLibrary">
<arg>id=username</arg>
<doc>Waits until the element ``locator`` is visible.</doc>
<status status="PASS" start="2026-02-23T09:17:13.826664" elapsed="0.007441"/>
</kw>
<status status="PASS" start="2026-02-23T09:17:09.402655" elapsed="4.431544"/>
</branch>
<status status="PASS" start="2026-02-23T09:17:09.402609" elapsed="4.431680"/>
</if>
<if>
<branch type="IF" condition="'${EXPECTED}'=='FAIL'">
<kw name="Should Not Be True" owner="BuiltIn">
<arg>${dashboard_visible}</arg>
<doc>Fails if the given condition is true.</doc>
<status status="NOT RUN" start="2026-02-23T09:17:13.834841" elapsed="0.000038"/>
</kw>
<status status="NOT RUN" start="2026-02-23T09:17:13.834418" elapsed="0.000512"/>
</branch>
<status status="PASS" start="2026-02-23T09:17:13.834384" elapsed="0.000586"/>
</if>
<arg>EMAIL=testuser1@test.com</arg>
<arg>PASSWORD=Omkar@2003</arg>
<arg>FIRSTNAME=Omkar</arg>
<arg>LASTNAME=Reddy</arg>
<arg>PHONE=9876543210</arg>
<arg>CITY=Hyderabad</arg>
<arg>POSTCODE=500001</arg>
<arg>EXPECTED=PASS</arg>
<status status="PASS" start="2026-02-23T09:17:06.639888" elapsed="7.195152"/>
</kw>
<status status="PASS" start="2026-02-23T09:16:59.727712" elapsed="14.107726"/>
</test>
<test id="s1-s2-t2" name="User2" line="11">
<kw name="Go To Fresh Login Page" type="SETUP">
<kw name="Go To" owner="SeleniumLibrary">
<msg time="2026-02-23T09:17:13.836534" level="INFO">Opening url 'https://practice.automationtesting.in/my-account/'</msg>
<arg>https://practice.automationtesting.in/my-account/</arg>
<doc>Navigates the current browser window to the provided ``url``.</doc>
<status status="PASS" start="2026-02-23T09:17:13.836457" elapsed="1.731264"/>
</kw>
<kw name="Wait Until Page Contains Element" owner="SeleniumLibrary">
<arg>id=username</arg>
<doc>Waits until the element ``locator`` appears on the current page.</doc>
<status status="PASS" start="2026-02-23T09:17:15.568095" elapsed="0.004328"/>
</kw>
<kw name="Run Keyword And Ignore Error" owner="BuiltIn">
<kw name="Logout User" owner="login_keywords">
<kw name="Go To" owner="SeleniumLibrary">
<msg time="2026-02-23T09:17:15.573122" level="INFO">Opening url 'https://practice.automationtesting.in/my-account/'</msg>
<arg>https://practice.automationtesting.in/my-account/</arg>
<doc>Navigates the current browser window to the provided ``url``.</doc>
<status status="PASS" start="2026-02-23T09:17:15.573074" elapsed="1.218126"/>
</kw>
<kw name="Wait Until Page Contains Element" owner="SeleniumLibrary">
<arg>css=body</arg>
<doc>Waits until the element ``locator`` appears on the current page.</doc>
<status status="PASS" start="2026-02-23T09:17:16.791321" elapsed="0.004438"/>
</kw>
<kw name="Run Keyword And Ignore Error" owner="BuiltIn">
<kw name="Click Element" owner="SeleniumLibrary">
<msg time="2026-02-23T09:17:16.796126" level="INFO">Clicking element 'xpath=//a[text()='Logout']'.</msg>
<msg time="2026-02-23T09:17:16.972872" level="INFO" html="true">&lt;/td&gt;&lt;/tr&gt;&lt;tr&gt;&lt;td colspan="3"&gt;&lt;a href="selenium-screenshot-3.png"&gt;&lt;img src="selenium-screenshot-3.png" width="800px"&gt;&lt;/a&gt;</msg>
<msg time="2026-02-23T09:17:16.973006" level="FAIL">Element with locator 'xpath=//a[text()='Logout']' not found.</msg>
<arg>xpath=//a[text()='Logout']</arg>
<doc>Click the element identified by ``locator``.</doc>
<status status="FAIL" start="2026-02-23T09:17:16.796023" elapsed="0.177755">Element with locator 'xpath=//a[text()='Logout']' not found.</status>
</kw>
<arg>Click Element</arg>
<arg>xpath=//a[text()='Logout']</arg>
<doc>Runs the given keyword with the given arguments and ignores possible error.</doc>
<status status="PASS" start="2026-02-23T09:17:16.795855" elapsed="0.177990"/>
</kw>
<kw name="Wait Until Element Is Visible" owner="SeleniumLibrary">
<arg>id=username</arg>
<arg>15s</arg>
<doc>Waits until the element ``locator`` is visible.</doc>
<status status="PASS" start="2026-02-23T09:17:16.973931" elapsed="0.007466"/>
</kw>
<status status="PASS" start="2026-02-23T09:17:15.572950" elapsed="1.408504"/>
</kw>
<arg>Logout User</arg>
<doc>Runs the given keyword with the given arguments and ignores possible error.</doc>
<status status="PASS" start="2026-02-23T09:17:15.572536" elapsed="1.408944"/>
</kw>
<kw name="Go To" owner="SeleniumLibrary">
<msg time="2026-02-23T09:17:16.981615" level="INFO">Opening url 'https://practice.automationtesting.in/my-account/'</msg>
<arg>https://practice.automationtesting.in/my-account/</arg>
<doc>Navigates the current browser window to the provided ``url``.</doc>
<status status="PASS" start="2026-02-23T09:17:16.981547" elapsed="1.522995"/>
</kw>
<kw name="Wait Until Element Is Visible" owner="SeleniumLibrary">
<arg>id=username</arg>
<doc>Waits until the element ``locator`` is visible.</doc>
<status status="PASS" start="2026-02-23T09:17:18.505027" elapsed="0.006593"/>
</kw>
<status status="PASS" start="2026-02-23T09:17:13.836313" elapsed="4.675357"/>
</kw>
<kw name="Login Validation Template">
<kw name="Login User" owner="login_keywords">
<kw name="Input Text" owner="SeleniumLibrary">
<msg time="2026-02-23T09:17:18.512294" level="INFO">Typing text 'testuser2@test.com' into text field 'id=username'.</msg>
<arg>id=username</arg>
<arg>${EMAIL}</arg>
<doc>Types the given ``text`` into the text field identified by ``locator``.</doc>
<status status="PASS" start="2026-02-23T09:17:18.512190" elapsed="0.074628"/>
</kw>
<kw name="Input Text" owner="SeleniumLibrary">
<msg time="2026-02-23T09:17:18.587925" level="INFO">Typing text 'Wrong123' into text field 'id=password'.</msg>
<arg>id=password</arg>
<arg>${PASSWORD}</arg>
<doc>Types the given ``text`` into the text field identified by ``locator``.</doc>
<status status="PASS" start="2026-02-23T09:17:18.587304" elapsed="0.054061"/>
</kw>
<kw name="Click Button" owner="SeleniumLibrary">
<msg time="2026-02-23T09:17:18.641605" level="INFO">Clicking button 'name=login'.</msg>
<arg>name=login</arg>
<doc>Clicks the button identified by ``locator``.</doc>
<status status="PASS" start="2026-02-23T09:17:18.641478" elapsed="1.800174"/>
</kw>
<arg>${EMAIL}</arg>
<arg>${PASSWORD}</arg>
<status status="PASS" start="2026-02-23T09:17:18.512053" elapsed="1.929734"/>
</kw>
<kw name="Run Keyword And Return Status" owner="BuiltIn">
<kw name="Wait Until Element Is Visible" owner="SeleniumLibrary">
<msg time="2026-02-23T09:17:25.652671" level="INFO" html="true">&lt;/td&gt;&lt;/tr&gt;&lt;tr&gt;&lt;td colspan="3"&gt;&lt;a href="selenium-screenshot-4.png"&gt;&lt;img src="selenium-screenshot-4.png" width="800px"&gt;&lt;/a&gt;</msg>
<msg time="2026-02-23T09:17:25.653305" level="FAIL">Element 'css=div.woocommerce-MyAccount-content' not visible after 5 seconds.</msg>
<arg>css=div.woocommerce-MyAccount-content</arg>
<arg>5s</arg>
<doc>Waits until the element ``locator`` is visible.</doc>
<status status="FAIL" start="2026-02-23T09:17:20.443204" elapsed="5.211253">Element 'css=div.woocommerce-MyAccount-content' not visible after 5 seconds.</status>
</kw>
<msg time="2026-02-23T09:17:25.654766" level="INFO">${dashboard_visible} = False</msg>
<var>${dashboard_visible}</var>
<arg>Wait Until Element Is Visible</arg>
<arg>css=div.woocommerce-MyAccount-content</arg>
<arg>5s</arg>
<doc>Runs the specified keyword and returns the status as a Boolean value.</doc>
<status status="PASS" start="2026-02-23T09:17:20.442019" elapsed="5.212763"/>
</kw>
<if>
<branch type="IF" condition="'${EXPECTED}'=='PASS'">
<kw name="Should Be True" owner="BuiltIn">
<arg>${dashboard_visible}</arg>
<doc>Fails if the given condition is not true.</doc>
<status status="NOT RUN" start="2026-02-23T09:17:25.655391" elapsed="0.000021"/>
</kw>
<kw name="Logout User" owner="login_keywords">
<status status="NOT RUN" start="2026-02-23T09:17:25.655576" elapsed="0.000015"/>
</kw>
<kw name="Wait Until Element Is Visible" owner="SeleniumLibrary">
<arg>id=username</arg>
<doc>Waits until the element ``locator`` is visible.</doc>
<status status="NOT RUN" start="2026-02-23T09:17:25.655655" elapsed="0.000192"/>
</kw>
<status status="NOT RUN" start="2026-02-23T09:17:25.654992" elapsed="0.000875"/>
</branch>
<status status="PASS" start="2026-02-23T09:17:25.654928" elapsed="0.000962"/>
</if>
<if>
<branch type="IF" condition="'${EXPECTED}'=='FAIL'">
<kw name="Should Not Be True" owner="BuiltIn">
<arg>${dashboard_visible}</arg>
<doc>Fails if the given condition is true.</doc>
<status status="PASS" start="2026-02-23T09:17:25.655997" elapsed="0.000389"/>
</kw>
<status status="PASS" start="2026-02-23T09:17:25.655916" elapsed="0.000490"/>
</branch>
<status status="PASS" start="2026-02-23T09:17:25.655908" elapsed="0.000514"/>
</if>
<arg>EMAIL=testuser2@test.com</arg>
<arg>PASSWORD=Wrong123</arg>
<arg>FIRSTNAME=</arg>
<arg>LASTNAME=</arg>
<arg>PHONE=9876543222</arg>
<arg>CITY=Chennai</arg>
<arg>POSTCODE=600001</arg>
<arg>EXPECTED=FAIL</arg>
<status status="PASS" start="2026-02-23T09:17:18.511855" elapsed="7.144598"/>
</kw>
<status status="PASS" start="2026-02-23T09:17:13.835655" elapsed="11.820953"/>
</test>
<test id="s1-s2-t3" name="User3" line="11">
<kw name="Go To Fresh Login Page" type="SETUP">
<kw name="Go To" owner="SeleniumLibrary">
<msg time="2026-02-23T09:17:25.657797" level="INFO">Opening url 'https://practice.automationtesting.in/my-account/'</msg>
<arg>https://practice.automationtesting.in/my-account/</arg>
<doc>Navigates the current browser window to the provided ``url``.</doc>
<status status="PASS" start="2026-02-23T09:17:25.657710" elapsed="1.651422"/>
</kw>
<kw name="Wait Until Page Contains Element" owner="SeleniumLibrary">
<arg>id=username</arg>
<doc>Waits until the element ``locator`` appears on the current page.</doc>
<status status="PASS" start="2026-02-23T09:17:27.310290" elapsed="0.016375"/>
</kw>
<kw name="Run Keyword And Ignore Error" owner="BuiltIn">
<kw name="Logout User" owner="login_keywords">
<kw name="Go To" owner="SeleniumLibrary">
<msg time="2026-02-23T09:17:27.328528" level="INFO">Opening url 'https://practice.automationtesting.in/my-account/'</msg>
<arg>https://practice.automationtesting.in/my-account/</arg>
<doc>Navigates the current browser window to the provided ``url``.</doc>
<status status="PASS" start="2026-02-23T09:17:27.327146" elapsed="2.302116"/>
</kw>
<kw name="Wait Until Page Contains Element" owner="SeleniumLibrary">
<arg>css=body</arg>
<doc>Waits until the element ``locator`` appears on the current page.</doc>
<status status="PASS" start="2026-02-23T09:17:29.629607" elapsed="0.004039"/>
</kw>
<kw name="Run Keyword And Ignore Error" owner="BuiltIn">
<kw name="Click Element" owner="SeleniumLibrary">
<msg time="2026-02-23T09:17:29.634159" level="INFO">Clicking element 'xpath=//a[text()='Logout']'.</msg>
<msg time="2026-02-23T09:17:29.791370" level="INFO" html="true">&lt;/td&gt;&lt;/tr&gt;&lt;tr&gt;&lt;td colspan="3"&gt;&lt;a href="selenium-screenshot-5.png"&gt;&lt;img src="selenium-screenshot-5.png" width="800px"&gt;&lt;/a&gt;</msg>
<msg time="2026-02-23T09:17:29.791537" level="FAIL">Element with locator 'xpath=//a[text()='Logout']' not found.</msg>
<arg>xpath=//a[text()='Logout']</arg>
<doc>Click the element identified by ``locator``.</doc>
<status status="FAIL" start="2026-02-23T09:17:29.634051" elapsed="0.157967">Element with locator 'xpath=//a[text()='Logout']' not found.</status>
</kw>
<arg>Click Element</arg>
<arg>xpath=//a[text()='Logout']</arg>
<doc>Runs the given keyword with the given arguments and ignores possible error.</doc>
<status status="PASS" start="2026-02-23T09:17:29.633754" elapsed="0.158317"/>
</kw>
<kw name="Wait Until Element Is Visible" owner="SeleniumLibrary">
<arg>id=username</arg>
<arg>15s</arg>
<doc>Waits until the element ``locator`` is visible.</doc>
<status status="PASS" start="2026-02-23T09:17:29.792154" elapsed="0.005764"/>
</kw>
<status status="PASS" start="2026-02-23T09:17:27.327022" elapsed="2.470964"/>
</kw>
<arg>Logout User</arg>
<doc>Runs the given keyword with the given arguments and ignores possible error.</doc>
<status status="PASS" start="2026-02-23T09:17:27.326791" elapsed="2.471232"/>
</kw>
<kw name="Go To" owner="SeleniumLibrary">
<msg time="2026-02-23T09:17:29.798140" level="INFO">Opening url 'https://practice.automationtesting.in/my-account/'</msg>
<arg>https://practice.automationtesting.in/my-account/</arg>
<doc>Navigates the current browser window to the provided ``url``.</doc>
<status status="PASS" start="2026-02-23T09:17:29.798082" elapsed="1.761201"/>
</kw>
<kw name="Wait Until Element Is Visible" owner="SeleniumLibrary">
<arg>id=username</arg>
<doc>Waits until the element ``locator`` is visible.</doc>
<status status="PASS" start="2026-02-23T09:17:31.559408" elapsed="0.006869"/>
</kw>
<status status="PASS" start="2026-02-23T09:17:25.657498" elapsed="5.908838"/>
</kw>
<kw name="Login Validation Template">
<kw name="Login User" owner="login_keywords">
<kw name="Input Text" owner="SeleniumLibrary">
<msg time="2026-02-23T09:17:31.567205" level="INFO">Typing text 'testuser3@test.com' into text field 'id=username'.</msg>
<arg>id=username</arg>
<arg>${EMAIL}</arg>
<doc>Types the given ``text`` into the text field identified by ``locator``.</doc>
<status status="PASS" start="2026-02-23T09:17:31.567099" elapsed="0.087654"/>
</kw>
<kw name="Input Text" owner="SeleniumLibrary">
<msg time="2026-02-23T09:17:31.655079" level="INFO">Typing text '' into text field 'id=password'.</msg>
<arg>id=password</arg>
<arg>${PASSWORD}</arg>
<doc>Types the given ``text`` into the text field identified by ``locator``.</doc>
<status status="PASS" start="2026-02-23T09:17:31.654898" elapsed="0.040108"/>
</kw>
<kw name="Click Button" owner="SeleniumLibrary">
<msg time="2026-02-23T09:17:31.695745" level="INFO">Clicking button 'name=login'.</msg>
<arg>name=login</arg>
<doc>Clicks the button identified by ``locator``.</doc>
<status status="PASS" start="2026-02-23T09:17:31.695172" elapsed="0.035081"/>
</kw>
<arg>${EMAIL}</arg>
<arg>${PASSWORD}</arg>
<status status="PASS" start="2026-02-23T09:17:31.566950" elapsed="0.163379"/>
</kw>
<kw name="Run Keyword And Return Status" owner="BuiltIn">
<kw name="Wait Until Element Is Visible" owner="SeleniumLibrary">
<msg time="2026-02-23T09:17:37.037512" level="INFO" html="true">&lt;/td&gt;&lt;/tr&gt;&lt;tr&gt;&lt;td colspan="3"&gt;&lt;a href="selenium-screenshot-6.png"&gt;&lt;img src="selenium-screenshot-6.png" width="800px"&gt;&lt;/a&gt;</msg>
<msg time="2026-02-23T09:17:37.038149" level="FAIL">Element 'css=div.woocommerce-MyAccount-content' not visible after 5 seconds.</msg>
<arg>css=div.woocommerce-MyAccount-content</arg>
<arg>5s</arg>
<doc>Waits until the element ``locator`` is visible.</doc>
<status status="FAIL" start="2026-02-23T09:17:31.730666" elapsed="5.307992">Element 'css=div.woocommerce-MyAccount-content' not visible after 5 seconds.</status>
</kw>
<msg time="2026-02-23T09:17:37.038923" level="INFO">${dashboard_visible} = False</msg>
<var>${dashboard_visible}</var>
<arg>Wait Until Element Is Visible</arg>
<arg>css=div.woocommerce-MyAccount-content</arg>
<arg>5s</arg>
<doc>Runs the specified keyword and returns the status as a Boolean value.</doc>
<status status="PASS" start="2026-02-23T09:17:31.730448" elapsed="5.308490"/>
</kw>
<if>
<branch type="IF" condition="'${EXPECTED}'=='PASS'">
<kw name="Should Be True" owner="BuiltIn">
<arg>${dashboard_visible}</arg>
<doc>Fails if the given condition is not true.</doc>
<status status="NOT RUN" start="2026-02-23T09:17:37.039460" elapsed="0.000018"/>
</kw>
<kw name="Logout User" owner="login_keywords">
<status status="NOT RUN" start="2026-02-23T09:17:37.039600" elapsed="0.000015"/>
</kw>
<kw name="Wait Until Element Is Visible" owner="SeleniumLibrary">
<arg>id=username</arg>
<doc>Waits until the element ``locator`` is visible.</doc>
<status status="NOT RUN" start="2026-02-23T09:17:37.039676" elapsed="0.000013"/>
</kw>
<status status="NOT RUN" start="2026-02-23T09:17:37.039127" elapsed="0.000578"/>
</branch>
<status status="PASS" start="2026-02-23T09:17:37.039069" elapsed="0.000665"/>
</if>
<if>
<branch type="IF" condition="'${EXPECTED}'=='FAIL'">
<kw name="Should Not Be True" owner="BuiltIn">
<arg>${dashboard_visible}</arg>
<doc>Fails if the given condition is true.</doc>
<status status="PASS" start="2026-02-23T09:17:37.040025" elapsed="0.000346"/>
</kw>
<status status="PASS" start="2026-02-23T09:17:37.039946" elapsed="0.000445"/>
</branch>
<status status="PASS" start="2026-02-23T09:17:37.039938" elapsed="0.000468"/>
</if>
<arg>EMAIL=testuser3@test.com</arg>
<arg>PASSWORD=</arg>
<arg>FIRSTNAME=Anil</arg>
<arg>LASTNAME=Varma</arg>
<arg>PHONE=</arg>
<arg>CITY=Bangalore</arg>
<arg>POSTCODE=560001</arg>
<arg>EXPECTED=FAIL</arg>
<status status="PASS" start="2026-02-23T09:17:31.566648" elapsed="5.473787"/>
</kw>
<status status="PASS" start="2026-02-23T09:17:25.656744" elapsed="11.383822"/>
</test>
<kw name="Close Application" owner="common" type="TEARDOWN">
<kw name="Close All Browsers" owner="SeleniumLibrary">
<doc>Closes all open browsers and resets the browser cache.</doc>
<status status="PASS" start="2026-02-23T09:17:37.040952" elapsed="0.230626"/>
</kw>
<status status="PASS" start="2026-02-23T09:17:37.040849" elapsed="0.230807"/>
</kw>
<status status="PASS" start="2026-02-23T09:16:51.810116" elapsed="45.461564"/>
</suite>
<suite id="s1-s3" name="02 Search Validation" source="/Users/abhinay/Capstone_Project/robot-framework/tests/02_search_validation.robot">
<kw name="Open Application" owner="common" type="SETUP">
<kw name="Open Browser" owner="SeleniumLibrary">
<msg time="2026-02-23T09:17:37.278081" level="INFO">Opening browser 'chrome' to base url 'https://practice.automationtesting.in/'.</msg>
<arg>${URL}</arg>
<arg>${browser}</arg>
<doc>Opens a new browser instance to the optional ``url``.</doc>
<status status="PASS" start="2026-02-23T09:17:37.277874" elapsed="2.392431"/>
</kw>
<kw name="Maximize Browser Window" owner="SeleniumLibrary">
<doc>Maximizes current browser window.</doc>
<status status="PASS" start="2026-02-23T09:17:39.671855" elapsed="3.119861"/>
</kw>
<kw name="Set Selenium Timeout" owner="SeleniumLibrary">
<arg>${TIMEOUT}</arg>
<doc>Sets the timeout that is used by various keywords.</doc>
<status status="PASS" start="2026-02-23T09:17:42.791938" elapsed="0.001580"/>
</kw>
<status status="PASS" start="2026-02-23T09:17:37.277484" elapsed="5.516120"/>
</kw>
<test id="s1-s3-t1" name="Search With Valid Product" line="65">
<kw name="Go To Shop Page" type="SETUP">
<kw name="Go To" owner="SeleniumLibrary">
<msg time="2026-02-23T09:17:42.794374" level="INFO">Opening url 'https://practice.automationtesting.in/shop/'</msg>
<arg>https://practice.automationtesting.in/shop/</arg>
<doc>Navigates the current browser window to the provided ``url``.</doc>
<status status="PASS" start="2026-02-23T09:17:42.794315" elapsed="0.302173"/>
</kw>
<kw name="Wait Until Page Contains Element" owner="SeleniumLibrary">
<arg>id=content</arg>
<doc>Waits until the element ``locator`` appears on the current page.</doc>
<status status="PASS" start="2026-02-23T09:17:43.100204" elapsed="3.282530"/>
</kw>
<status status="PASS" start="2026-02-23T09:17:42.794171" elapsed="3.589160"/>
</kw>
<kw name="Search And Validate Products">
<kw name="Input Text" owner="SeleniumLibrary">
<msg time="2026-02-23T09:17:46.387615" level="INFO">Typing text 'HTML' into text field 'id=s'.</msg>
<arg>id=s</arg>
<arg>${product}</arg>
<doc>Types the given ``text`` into the text field identified by ``locator``.</doc>
<status status="PASS" start="2026-02-23T09:17:46.386771" elapsed="0.189962"/>
</kw>
<kw name="Textfield Value Should Be" owner="SeleniumLibrary">
<msg time="2026-02-23T09:17:46.638966" level="INFO">Content of text field 'id=s' is 'HTML'.</msg>
<arg>id=s</arg>
<arg>${product}</arg>
<doc>Verifies text field ``locator`` has exactly text ``expected``.</doc>
<status status="PASS" start="2026-02-23T09:17:46.576878" elapsed="0.062155"/>
</kw>
<kw name="Press Keys" owner="SeleniumLibrary">
<msg time="2026-02-23T09:17:46.642031" level="INFO">Sending key(s) ('ENTER',) to id=s element.</msg>
<msg time="2026-02-23T09:17:46.935622" level="INFO">Pressing special key ENTER to element.</msg>
<msg time="2026-02-23T09:17:46.935714" level="INFO">Releasing special key ENTER.</msg>
<arg>id=s</arg>
<arg>ENTER</arg>
<doc>Simulates the user pressing key(s) to an element or on the active browser.</doc>
<status status="PASS" start="2026-02-23T09:17:46.639210" elapsed="4.441422"/>
</kw>
<arg>${VALID_PRODUCT}</arg>
<arg>PASS</arg>
<status status="PASS" start="2026-02-23T09:17:46.385454" elapsed="4.696991"/>
</kw>
<status status="PASS" start="2026-02-23T09:17:42.793714" elapsed="8.292067"/>
</test>
<test id="s1-s3-t2" name="Search With Invalid Product" line="68">
<kw name="Go To Shop Page" type="SETUP">
<kw name="Go To" owner="SeleniumLibrary">
<msg time="2026-02-23T09:17:51.090427" level="INFO">Opening url 'https://practice.automationtesting.in/shop/'</msg>
<arg>https://practice.automationtesting.in/shop/</arg>
<doc>Navigates the current browser window to the provided ``url``.</doc>
<status status="PASS" start="2026-02-23T09:17:51.089813" elapsed="2.697720"/>
</kw>
<kw name="Wait Until Page Contains Element" owner="SeleniumLibrary">
<arg>id=content</arg>
<doc>Waits until the element ``locator`` appears on the current page.</doc>
<status status="PASS" start="2026-02-23T09:17:53.788204" elapsed="0.005802"/>
</kw>
<status status="PASS" start="2026-02-23T09:17:51.088459" elapsed="2.705637"/>
</kw>
<kw name="Search And Validate Products">
<kw name="Input Text" owner="SeleniumLibrary">
<msg time="2026-02-23T09:17:53.794747" level="INFO">Typing text 'XYZINVALID123' into text field 'id=s'.</msg>
<arg>id=s</arg>
<arg>${product}</arg>
<doc>Types the given ``text`` into the text field identified by ``locator``.</doc>
<status status="PASS" start="2026-02-23T09:17:53.794577" elapsed="0.053436"/>
</kw>
<kw name="Textfield Value Should Be" owner="SeleniumLibrary">
<msg time="2026-02-23T09:17:53.857819" level="INFO">Content of text field 'id=s' is 'XYZINVALID123'.</msg>
<arg>id=s</arg>
<arg>${product}</arg>
<doc>Verifies text field ``locator`` has exactly text ``expected``.</doc>
<status status="PASS" start="2026-02-23T09:17:53.848140" elapsed="0.009726"/>
</kw>
<kw name="Press Keys" owner="SeleniumLibrary">
<msg time="2026-02-23T09:17:53.860160" level="INFO">Sending key(s) ('ENTER',) to id=s element.</msg>
<msg time="2026-02-23T09:17:54.131629" level="INFO">Pressing special key ENTER to element.</msg>
<msg time="2026-02-23T09:17:54.131682" level="INFO">Releasing special key ENTER.</msg>
<arg>id=s</arg>
<arg>ENTER</arg>
<doc>Simulates the user pressing key(s) to an element or on the active browser.</doc>
<status status="PASS" start="2026-02-23T09:17:53.857962" elapsed="0.279392"/>
</kw>
<arg>${INVALID_PRODUCT}</arg>
<arg>NORESULT</arg>
<status status="PASS" start="2026-02-23T09:17:53.794363" elapsed="0.343057"/>
</kw>
<status status="PASS" start="2026-02-23T09:17:51.086798" elapsed="3.050766"/>
</test>
<test id="s1-s3-t3" name="Search With Empty Value" line="71">
<kw name="Go To Shop Page" type="SETUP">
<kw name="Go To" owner="SeleniumLibrary">
<msg time="2026-02-23T09:17:54.139987" level="INFO">Opening url 'https://practice.automationtesting.in/shop/'</msg>
<arg>https://practice.automationtesting.in/shop/</arg>
<doc>Navigates the current browser window to the provided ``url``.</doc>
<status status="PASS" start="2026-02-23T09:17:54.139571" elapsed="2.182681"/>
</kw>
<kw name="Wait Until Page Contains Element" owner="SeleniumLibrary">
<arg>id=content</arg>
<doc>Waits until the element ``locator`` appears on the current page.</doc>
<status status="PASS" start="2026-02-23T09:17:56.322724" elapsed="0.005099"/>
</kw>
<status status="PASS" start="2026-02-23T09:17:54.139064" elapsed="2.188829"/>
</kw>
<kw name="Search And Validate Products">
<kw name="Input Text" owner="SeleniumLibrary">
<msg time="2026-02-23T09:17:56.328362" level="INFO">Typing text '' into text field 'id=s'.</msg>
<arg>id=s</arg>
<arg>${product}</arg>
<doc>Types the given ``text`` into the text field identified by ``locator``.</doc>
<status status="PASS" start="2026-02-23T09:17:56.328252" elapsed="0.046991"/>
</kw>
<kw name="Textfield Value Should Be" owner="SeleniumLibrary">
<msg time="2026-02-23T09:17:56.388196" level="INFO">Content of text field 'id=s' is ''.</msg>
<arg>id=s</arg>
<arg>${product}</arg>
<doc>Verifies text field ``locator`` has exactly text ``expected``.</doc>
<status status="PASS" start="2026-02-23T09:17:56.376347" elapsed="0.011910"/>
</kw>
<kw name="Press Keys" owner="SeleniumLibrary">
<msg time="2026-02-23T09:17:56.388674" level="INFO">Sending key(s) ('ENTER',) to id=s element.</msg>
<msg time="2026-02-23T09:17:56.692998" level="INFO">Pressing special key ENTER to element.</msg>
<msg time="2026-02-23T09:17:56.693137" level="INFO">Releasing special key ENTER.</msg>
<arg>id=s</arg>
<arg>ENTER</arg>
<doc>Simulates the user pressing key(s) to an element or on the active browser.</doc>
<status status="PASS" start="2026-02-23T09:17:56.388378" elapsed="1.841683"/>
</kw>
<arg>${EMPTY}</arg>
<arg>ALL</arg>
<status status="PASS" start="2026-02-23T09:17:56.328066" elapsed="1.902069"/>
</kw>
<status status="PASS" start="2026-02-23T09:17:54.138046" elapsed="4.092207"/>
</test>
<kw name="Close Application" owner="common" type="TEARDOWN">
<kw name="Close All Browsers" owner="SeleniumLibrary">
<doc>Closes all open browsers and resets the browser cache.</doc>
<status status="PASS" start="2026-02-23T09:17:58.230801" elapsed="0.212189"/>
</kw>
<status status="PASS" start="2026-02-23T09:17:58.230641" elapsed="0.212532"/>
</kw>
<status status="PASS" start="2026-02-23T09:17:37.272042" elapsed="21.171172"/>
</suite>
<suite id="s1-s4" name="03 Sorting Filter Validation" source="/Users/abhinay/Capstone_Project/robot-framework/tests/03_sorting_filter_validation.robot">
<kw name="Open Application" owner="common" type="SETUP">
<kw name="Open Browser" owner="SeleniumLibrary">
<msg time="2026-02-23T09:17:58.447076" level="INFO">Opening browser 'chrome' to base url 'https://practice.automationtesting.in/'.</msg>
<arg>${URL}</arg>
<arg>${browser}</arg>
<doc>Opens a new browser instance to the optional ``url``.</doc>
<status status="PASS" start="2026-02-23T09:17:58.446931" elapsed="1.904674"/>
</kw>
<kw name="Maximize Browser Window" owner="SeleniumLibrary">
<doc>Maximizes current browser window.</doc>
<status status="PASS" start="2026-02-23T09:18:00.353009" elapsed="3.216623"/>
</kw>
<kw name="Set Selenium Timeout" owner="SeleniumLibrary">
<arg>${TIMEOUT}</arg>
<doc>Sets the timeout that is used by various keywords.</doc>
<status status="PASS" start="2026-02-23T09:18:03.570443" elapsed="0.001412"/>
</kw>
<status status="PASS" start="2026-02-23T09:17:58.446765" elapsed="5.125174"/>
</kw>
<test id="s1-s4-t1" name="Default Sorting Validation" line="62">
<kw name="Go To Shop Page" type="SETUP">
<kw name="Go To" owner="SeleniumLibrary">
<msg time="2026-02-23T09:18:03.573848" level="INFO">Opening url 'https://practice.automationtesting.in/shop/'</msg>
<arg>https://practice.automationtesting.in/shop/</arg>
<doc>Navigates the current browser window to the provided ``url``.</doc>
<status status="PASS" start="2026-02-23T09:18:03.573434" elapsed="0.294851"/>
</kw>
<kw name="Wait Until Page Contains Element" owner="SeleniumLibrary">
<arg>id=content</arg>
<doc>Waits until the element ``locator`` appears on the current page.</doc>
<status status="PASS" start="2026-02-23T09:18:03.868535" elapsed="1.402492"/>
</kw>
<status status="PASS" start="2026-02-23T09:18:03.573042" elapsed="1.699128"/>
</kw>
<kw name="Select Default Sorting">
<kw name="Select From List By Label" owner="SeleniumLibrary">
<msg time="2026-02-23T09:18:05.274676" level="INFO">Selecting options from selection list 'css=select.orderby' by label Default sorting.</msg>
<arg>css=select.orderby</arg>
<arg>Default sorting</arg>
<doc>Selects options from selection list ``locator`` by ``labels``.</doc>
<status status="PASS" start="2026-02-23T09:18:05.274285" elapsed="0.038036"/>
</kw>
<kw name="Sleep" owner="BuiltIn">
<msg time="2026-02-23T09:18:07.314523" level="INFO">Slept 2 seconds.</msg>
<arg>2s</arg>
<doc>Pauses the test executed for the given time.</doc>
<status status="PASS" start="2026-02-23T09:18:05.312447" elapsed="2.004387"/>
</kw>
<kw name="List Selection Should Be" owner="SeleniumLibrary">
<msg time="2026-02-23T09:18:07.321549" level="INFO">Verifying list 'css=select.orderby' has option [ Default sorting ] selected.</msg>
<msg time="2026-02-23T09:18:07.337483" level="INFO">Current page contains list 'css=select.orderby'.</msg>
<arg>css=select.orderby</arg>
<arg>Default sorting</arg>
<doc>Verifies selection list ``locator`` has ``expected`` options selected.</doc>
<status status="PASS" start="2026-02-23T09:18:07.319519" elapsed="0.059713"/>
</kw>
<status status="PASS" start="2026-02-23T09:18:05.273595" elapsed="2.105759"/>
</kw>
<kw name="Validate Products Visible">
<kw name="Element Should Be Visible" owner="SeleniumLibrary">
<msg time="2026-02-23T09:18:07.390956" level="INFO">Element 'css=ul.products li' is displayed.</msg>
<arg>css=ul.products li</arg>
<doc>Verifies that the element identified by ``locator`` is visible.</doc>
<status status="PASS" start="2026-02-23T09:18:07.379954" elapsed="0.011076"/>
</kw>
<kw name="Get Element Count" owner="SeleniumLibrary">
<msg time="2026-02-23T09:18:07.394309" level="INFO">${count} = 8</msg>
<var>${count}</var>
<arg>css=ul.products li</arg>
<doc>Returns the number of elements matching ``locator``.</doc>
<status status="PASS" start="2026-02-23T09:18:07.391154" elapsed="0.003176"/>
</kw>
<kw name="Should Be True" owner="BuiltIn">
<arg>${count} &gt; 0</arg>
<doc>Fails if the given condition is not true.</doc>
<status status="PASS" start="2026-02-23T09:18:07.394424" elapsed="0.000572"/>
</kw>
<status status="PASS" start="2026-02-23T09:18:07.379670" elapsed="0.015375"/>
</kw>
<status status="PASS" start="2026-02-23T09:18:03.572074" elapsed="3.823094"/>
</test>
<test id="s1-s4-t2" name="Sort By Price Low To High Validation" line="67">
<kw name="Go To Shop Page" type="SETUP">
<kw name="Go To" owner="SeleniumLibrary">
<msg time="2026-02-23T09:18:07.395988" level="INFO">Opening url 'https://practice.automationtesting.in/shop/'</msg>
<arg>https://practice.automationtesting.in/shop/</arg>
<doc>Navigates the current browser window to the provided ``url``.</doc>
<status status="PASS" start="2026-02-23T09:18:07.395848" elapsed="1.532749"/>
</kw>
<kw name="Wait Until Page Contains Element" owner="SeleniumLibrary">
<arg>id=content</arg>
<doc>Waits until the element ``locator`` appears on the current page.</doc>
<status status="PASS" start="2026-02-23T09:18:08.928759" elapsed="0.003194"/>
</kw>
<status status="PASS" start="2026-02-23T09:18:07.395608" elapsed="1.536399"/>
</kw>
<kw name="Select Sort By Price Low To High">
<kw name="Select From List By Value" owner="SeleniumLibrary">
<msg time="2026-02-23T09:18:08.932350" level="INFO">Selecting options from selection list 'css=select.orderby' by value price.</msg>
<arg>css=select.orderby</arg>
<arg>price</arg>
<doc>Selects options from selection list ``locator`` by ``values``.</doc>
<status status="PASS" start="2026-02-23T09:18:08.932261" elapsed="1.843236"/>
</kw>
<kw name="Sleep" owner="BuiltIn">
<msg time="2026-02-23T09:18:12.777455" level="INFO">Slept 2 seconds.</msg>
<arg>2s</arg>
<doc>Pauses the test executed for the given time.</doc>
<status status="PASS" start="2026-02-23T09:18:10.775780" elapsed="2.001976"/>
</kw>
<kw name="List Selection Should Be" owner="SeleniumLibrary">
<msg time="2026-02-23T09:18:12.779394" level="INFO">Verifying list 'css=select.orderby' has option [ Sort by price: low to high ] selected.</msg>
<msg time="2026-02-23T09:18:12.793164" level="INFO">Current page contains list 'css=select.orderby'.</msg>
<arg>css=select.orderby</arg>
<arg>Sort by price: low to high</arg>
<doc>Verifies selection list ``locator`` has ``expected`` options selected.</doc>
<status status="PASS" start="2026-02-23T09:18:12.778346" elapsed="0.052031"/>
</kw>
<status status="PASS" start="2026-02-23T09:18:08.932134" elapsed="3.898343"/>
</kw>
<kw name="Validate Products Visible">
<kw name="Element Should Be Visible" owner="SeleniumLibrary">
<msg time="2026-02-23T09:18:12.836018" level="INFO">Element 'css=ul.products li' is displayed.</msg>
<arg>css=ul.products li</arg>
<doc>Verifies that the element identified by ``locator`` is visible.</doc>
<status status="PASS" start="2026-02-23T09:18:12.830880" elapsed="0.005338"/>
</kw>
<kw name="Get Element Count" owner="SeleniumLibrary">
<msg time="2026-02-23T09:18:12.838963" level="INFO">${count} = 8</msg>
<var>${count}</var>
<arg>css=ul.products li</arg>
<doc>Returns the number of elements matching ``locator``.</doc>
<status status="PASS" start="2026-02-23T09:18:12.836319" elapsed="0.002659"/>
</kw>
<kw name="Should Be True" owner="BuiltIn">
<arg>${count} &gt; 0</arg>
<doc>Fails if the given condition is not true.</doc>
<status status="PASS" start="2026-02-23T09:18:12.839038" elapsed="0.000217"/>
</kw>
<status status="PASS" start="2026-02-23T09:18:12.830698" elapsed="0.008592"/>
</kw>
<status status="PASS" start="2026-02-23T09:18:07.395333" elapsed="5.444042"/>
</test>
<test id="s1-s4-t3" name="Filter By Price Validation" line="72">
<kw name="Go To Shop Page" type="SETUP">
<kw name="Go To" owner="SeleniumLibrary">
<msg time="2026-02-23T09:18:12.839905" level="INFO">Opening url 'https://practice.automationtesting.in/shop/'</msg>
<arg>https://practice.automationtesting.in/shop/</arg>
<doc>Navigates the current browser window to the provided ``url``.</doc>
<status status="PASS" start="2026-02-23T09:18:12.839847" elapsed="1.789585"/>
</kw>
<kw name="Wait Until Page Contains Element" owner="SeleniumLibrary">
<arg>id=content</arg>
<doc>Waits until the element ``locator`` appears on the current page.</doc>
<status status="PASS" start="2026-02-23T09:18:14.629570" elapsed="0.003111"/>
</kw>
<status status="PASS" start="2026-02-23T09:18:12.839741" elapsed="1.792990"/>
</kw>
<kw name="Get Price Range Text">
<kw name="Get Text" owner="SeleniumLibrary">
<msg time="2026-02-23T09:18:14.642566" level="INFO">${text} = Price: ₹150 — ₹500</msg>
<var>${text}</var>
<arg>css=.price_label</arg>
<doc>Returns the text value of the element identified by ``locator``.</doc>
<status status="PASS" start="2026-02-23T09:18:14.632995" elapsed="0.009601"/>
</kw>
<kw name="Should Not Be Empty" owner="BuiltIn">
<msg time="2026-02-23T09:18:14.643001" level="INFO">Length is 18.</msg>
<arg>${text}</arg>
<doc>Verifies that the given item is not empty.</doc>
<status status="PASS" start="2026-02-23T09:18:14.642681" elapsed="0.000344"/>
</kw>
<return>
<value>${text}</value>
<status status="PASS" start="2026-02-23T09:18:14.643060" elapsed="0.000449"/>
</return>
<msg time="2026-02-23T09:18:14.643609" level="INFO">${before} = Price: ₹150 — ₹500</msg>
<var>${before}</var>
<status status="PASS" start="2026-02-23T09:18:14.632865" elapsed="0.010759"/>
</kw>
<kw name="Move Price Slider And Apply Filter">
<kw name="Execute Javascript" owner="SeleniumLibrary">
<msg time="2026-02-23T09:18:14.644351" level="INFO">Executing JavaScript:
document.querySelector('#min_price').value='150';
Without any arguments.</msg>
<arg>document.querySelector('#min_price').value='150';</arg>
<doc>Executes the given JavaScript code with possible arguments.</doc>
<status status="PASS" start="2026-02-23T09:18:14.643874" elapsed="0.002338"/>
</kw>
<kw name="Execute Javascript" owner="SeleniumLibrary">
<msg time="2026-02-23T09:18:14.646459" level="INFO">Executing JavaScript:
document.querySelector('#max_price').value='300';
Without any arguments.</msg>
<arg>document.querySelector('#max_price').value='300';</arg>
<doc>Executes the given JavaScript code with possible arguments.</doc>
<status status="PASS" start="2026-02-23T09:18:14.646277" elapsed="0.002228"/>
</kw>
<kw name="Execute Javascript" owner="SeleniumLibrary">
<msg time="2026-02-23T09:18:14.648724" level="INFO">Executing JavaScript:
jQuery('body').trigger('price_slider_change');
Without any arguments.</msg>
<arg>jQuery('body').trigger('price_slider_change');</arg>
<doc>Executes the given JavaScript code with possible arguments.</doc>
<status status="PASS" start="2026-02-23T09:18:14.648567" elapsed="0.002690"/>
</kw>
<kw name="Click Button" owner="SeleniumLibrary">
<msg time="2026-02-23T09:18:14.651841" level="INFO">Clicking button 'css=.price_slider_amount button'.</msg>
<arg>css=.price_slider_amount button</arg>
<doc>Clicks the button identified by ``locator``.</doc>
<status status="PASS" start="2026-02-23T09:18:14.651395" elapsed="1.793969"/>
</kw>
<kw name="Wait Until Page Contains Element" owner="SeleniumLibrary">
<arg>css=ul.products</arg>
<doc>Waits until the element ``locator`` appears on the current page.</doc>
<status status="PASS" start="2026-02-23T09:18:16.445634" elapsed="0.004775"/>
</kw>
<status status="PASS" start="2026-02-23T09:18:14.643755" elapsed="1.806706"/>
</kw>
<kw name="Get Price Range Text">
<kw name="Get Text" owner="SeleniumLibrary">
<msg time="2026-02-23T09:18:16.458559" level="INFO">${text} = Price: ₹150 — ₹300</msg>
<var>${text}</var>
<arg>css=.price_label</arg>
<doc>Returns the text value of the element identified by ``locator``.</doc>
<status status="PASS" start="2026-02-23T09:18:16.451060" elapsed="0.007525"/>
</kw>
<kw name="Should Not Be Empty" owner="BuiltIn">
<msg time="2026-02-23T09:18:16.458952" level="INFO">Length is 18.</msg>
<arg>${text}</arg>
<doc>Verifies that the given item is not empty.</doc>
<status status="PASS" start="2026-02-23T09:18:16.458682" elapsed="0.000307"/>
</kw>
<return>
<value>${text}</value>
<status status="PASS" start="2026-02-23T09:18:16.459022" elapsed="0.000029"/>
</return>
<msg time="2026-02-23T09:18:16.459125" level="INFO">${after} = Price: ₹150 — ₹300</msg>
<var>${after}</var>
<status status="PASS" start="2026-02-23T09:18:16.450617" elapsed="0.008521"/>
</kw>
<kw name="Should Not Be Equal" owner="BuiltIn">
<arg>${before}</arg>
<arg>${after}</arg>
<doc>Fails if the given objects are equal.</doc>
<status status="PASS" start="2026-02-23T09:18:16.459363" elapsed="0.000304"/>
</kw>
<kw name="Element Should Contain" owner="SeleniumLibrary">
<msg time="2026-02-23T09:18:16.469621" level="INFO">Element 'css=.price_label' contains text '₹'.</msg>
<arg>css=.price_label</arg>
<arg>₹</arg>
<doc>Verifies that element ``locator`` contains text ``expected``.</doc>
<status status="PASS" start="2026-02-23T09:18:16.459757" elapsed="0.010009"/>
</kw>
<kw name="Validate Products Visible">
<kw name="Element Should Be Visible" owner="SeleniumLibrary">
<msg time="2026-02-23T09:18:16.477723" level="INFO">Element 'css=ul.products li' is displayed.</msg>
<arg>css=ul.products li</arg>
<doc>Verifies that the element identified by ``locator`` is visible.</doc>
<status status="PASS" start="2026-02-23T09:18:16.470257" elapsed="0.007513"/>
</kw>
<kw name="Get Element Count" owner="SeleniumLibrary">
<msg time="2026-02-23T09:18:16.480983" level="INFO">${count} = 4</msg>
<var>${count}</var>
<arg>css=ul.products li</arg>
<doc>Returns the number of elements matching ``locator``.</doc>
<status status="PASS" start="2026-02-23T09:18:16.477857" elapsed="0.003145"/>
</kw>
<kw name="Should Be True" owner="BuiltIn">
<arg>${count} &gt; 0</arg>
<doc>Fails if the given condition is not true.</doc>
<status status="PASS" start="2026-02-23T09:18:16.481072" elapsed="0.000181"/>
</kw>
<status status="PASS" start="2026-02-23T09:18:16.470079" elapsed="0.011207"/>
</kw>
<status status="PASS" start="2026-02-23T09:18:12.839510" elapsed="3.641855"/>
</test>
<test id="s1-s4-t4" name="Price Change Filter Validation" line="86">
<kw name="Go To Shop Page" type="SETUP">
<kw name="Go To" owner="SeleniumLibrary">
<msg time="2026-02-23T09:18:16.481755" level="INFO">Opening url 'https://practice.automationtesting.in/shop/'</msg>
<arg>https://practice.automationtesting.in/shop/</arg>
<doc>Navigates the current browser window to the provided ``url``.</doc>
<status status="PASS" start="2026-02-23T09:18:16.481712" elapsed="2.374294"/>
</kw>
<kw name="Wait Until Page Contains Element" owner="SeleniumLibrary">
<arg>id=content</arg>
<doc>Waits until the element ``locator`` appears on the current page.</doc>
<status status="PASS" start="2026-02-23T09:18:18.856193" elapsed="0.003788"/>
</kw>
<status status="PASS" start="2026-02-23T09:18:16.481618" elapsed="2.378463"/>
</kw>
<kw name="Get Price Range Text">
<kw name="Get Text" owner="SeleniumLibrary">
<msg time="2026-02-23T09:18:18.871920" level="INFO">${text} = Price: ₹150 — ₹500</msg>
<var>${text}</var>
<arg>css=.price_label</arg>
<doc>Returns the text value of the element identified by ``locator``.</doc>
<status status="PASS" start="2026-02-23T09:18:18.861819" elapsed="0.010134"/>
</kw>
<kw name="Should Not Be Empty" owner="BuiltIn">
<msg time="2026-02-23T09:18:18.872256" level="INFO">Length is 18.</msg>
<arg>${text}</arg>
<doc>Verifies that the given item is not empty.</doc>
<status status="PASS" start="2026-02-23T09:18:18.872049" elapsed="0.000235"/>
</kw>
<return>
<value>${text}</value>
<status status="PASS" start="2026-02-23T09:18:18.872317" elapsed="0.000044"/>
</return>
<msg time="2026-02-23T09:18:18.872426" level="INFO">${initial} = Price: ₹150 — ₹500</msg>
<var>${initial}</var>
<status status="PASS" start="2026-02-23T09:18:18.861253" elapsed="0.011186"/>
</kw>
<kw name="Move Price Slider And Apply Filter">
<kw name="Execute Javascript" owner="SeleniumLibrary">
<msg time="2026-02-23T09:18:18.873102" level="INFO">Executing JavaScript:
document.querySelector('#min_price').value='150';
Without any arguments.</msg>
<arg>document.querySelector('#min_price').value='150';</arg>
<doc>Executes the given JavaScript code with possible arguments.</doc>
<status status="PASS" start="2026-02-23T09:18:18.872682" elapsed="0.002312"/>
</kw>
<kw name="Execute Javascript" owner="SeleniumLibrary">
<msg time="2026-02-23T09:18:18.875289" level="INFO">Executing JavaScript:
document.querySelector('#max_price').value='300';
Without any arguments.</msg>
<arg>document.querySelector('#max_price').value='300';</arg>
<doc>Executes the given JavaScript code with possible arguments.</doc>
<status status="PASS" start="2026-02-23T09:18:18.875060" elapsed="0.002287"/>
</kw>
<kw name="Execute Javascript" owner="SeleniumLibrary">
<msg time="2026-02-23T09:18:18.877858" level="INFO">Executing JavaScript:
jQuery('body').trigger('price_slider_change');
Without any arguments.</msg>
<arg>jQuery('body').trigger('price_slider_change');</arg>
<doc>Executes the given JavaScript code with possible arguments.</doc>
<status status="PASS" start="2026-02-23T09:18:18.877407" elapsed="0.002350"/>
</kw>
<kw name="Click Button" owner="SeleniumLibrary">
<msg time="2026-02-23T09:18:18.879954" level="INFO">Clicking button 'css=.price_slider_amount button'.</msg>
<arg>css=.price_slider_amount button</arg>
<doc>Clicks the button identified by ``locator``.</doc>
<status status="PASS" start="2026-02-23T09:18:18.879823" elapsed="1.640658"/>
</kw>
<kw name="Wait Until Page Contains Element" owner="SeleniumLibrary">
<arg>css=ul.products</arg>
<doc>Waits until the element ``locator`` appears on the current page.</doc>
<status status="PASS" start="2026-02-23T09:18:20.520757" elapsed="0.003414"/>
</kw>
<status status="PASS" start="2026-02-23T09:18:18.872567" elapsed="1.651657"/>
</kw>
<kw name="Get Price Range Text">
<kw name="Get Text" owner="SeleniumLibrary">
<msg time="2026-02-23T09:18:20.531918" level="INFO">${text} = Price: ₹150 — ₹300</msg>
<var>${text}</var>
<arg>css=.price_label</arg>
<doc>Returns the text value of the element identified by ``locator``.</doc>
<status status="PASS" start="2026-02-23T09:18:20.524490" elapsed="0.007452"/>
</kw>
<kw name="Should Not Be Empty" owner="BuiltIn">
<msg time="2026-02-23T09:18:20.532252" level="INFO">Length is 18.</msg>
<arg>${text}</arg>
<doc>Verifies that the given item is not empty.</doc>
<status status="PASS" start="2026-02-23T09:18:20.532033" elapsed="0.000240"/>
</kw>
<return>
<value>${text}</value>
<status status="PASS" start="2026-02-23T09:18:20.532301" elapsed="0.000025"/>
</return>
<msg time="2026-02-23T09:18:20.532399" level="INFO">${changed} = Price: ₹150 — ₹300</msg>
<var>${changed}</var>
<status status="PASS" start="2026-02-23T09:18:20.524366" elapsed="0.008049"/>
</kw>
<kw name="Log" owner="BuiltIn">
<msg time="2026-02-23T09:18:20.533204" level="INFO">Initial Price Range: Price: ₹150 — ₹500</msg>
<arg>Initial Price Range: ${initial}</arg>
<doc>Logs the given message with the given level.</doc>
<status status="PASS" start="2026-02-23T09:18:20.532690" elapsed="0.000546"/>
</kw>
<kw name="Log" owner="BuiltIn">
<msg time="2026-02-23T09:18:20.533414" level="INFO">Changed Price Range: Price: ₹150 — ₹300</msg>
<arg>Changed Price Range: ${changed}</arg>
<doc>Logs the given message with the given level.</doc>
<status status="PASS" start="2026-02-23T09:18:20.533313" elapsed="0.000120"/>
</kw>
<kw name="Should Not Be Equal" owner="BuiltIn">
<arg>${initial}</arg>
<arg>${changed}</arg>
<doc>Fails if the given objects are equal.</doc>
<status status="PASS" start="2026-02-23T09:18:20.533498" elapsed="0.000247"/>
</kw>
<kw name="Element Should Be Visible" owner="SeleniumLibrary">
<msg time="2026-02-23T09:18:20.543203" level="INFO">Element 'css=.price_label' is displayed.</msg>
<arg>css=.price_label</arg>
<doc>Verifies that the element identified by ``locator`` is visible.</doc>
<status status="PASS" start="2026-02-23T09:18:20.533815" elapsed="0.009451"/>
</kw>
<kw name="Validate Products Visible">
<kw name="Element Should Be Visible" owner="SeleniumLibrary">
<msg time="2026-02-23T09:18:20.551247" level="INFO">Element 'css=ul.products li' is displayed.</msg>
<arg>css=ul.products li</arg>
<doc>Verifies that the element identified by ``locator`` is visible.</doc>
<status status="PASS" start="2026-02-23T09:18:20.543887" elapsed="0.007420"/>
</kw>
<kw name="Get Element Count" owner="SeleniumLibrary">
<msg time="2026-02-23T09:18:20.555422" level="INFO">${count} = 4</msg>
<var>${count}</var>
<arg>css=ul.products li</arg>
<doc>Returns the number of elements matching ``locator``.</doc>
<status status="PASS" start="2026-02-23T09:18:20.551416" elapsed="0.004027"/>
</kw>
<kw name="Should Be True" owner="BuiltIn">
<arg>${count} &gt; 0</arg>
<doc>Fails if the given condition is not true.</doc>
<status status="PASS" start="2026-02-23T09:18:20.555522" elapsed="0.000222"/>
</kw>
<status status="PASS" start="2026-02-23T09:18:20.543594" elapsed="0.012185"/>
</kw>
<status status="PASS" start="2026-02-23T09:18:16.481458" elapsed="4.074427"/>
</test>
<kw name="Close Browser" owner="SeleniumLibrary" type="TEARDOWN">
<doc>Closes the current browser.</doc>
<status status="PASS" start="2026-02-23T09:18:20.556334" elapsed="0.165345"/>
</kw>
<status status="PASS" start="2026-02-23T09:17:58.443884" elapsed="22.277851"/>
</suite>
<suite id="s1-s5" name="04 Cart Validation" source="/Users/abhinay/Capstone_Project/robot-framework/tests/04_cart_validation.robot">
<kw name="Open Application" owner="common" type="SETUP">
<kw name="Open Browser" owner="SeleniumLibrary">
<msg time="2026-02-23T09:18:20.724322" level="INFO">Opening browser 'chrome' to base url 'https://practice.automationtesting.in/'.</msg>
<arg>${URL}</arg>
<arg>${browser}</arg>
<doc>Opens a new browser instance to the optional ``url``.</doc>
<status status="PASS" start="2026-02-23T09:18:20.724193" elapsed="4.433349"/>
</kw>
<kw name="Maximize Browser Window" owner="SeleniumLibrary">
<doc>Maximizes current browser window.</doc>
<status status="PASS" start="2026-02-23T09:18:25.158303" elapsed="0.343312"/>
</kw>
<kw name="Set Selenium Timeout" owner="SeleniumLibrary">
<arg>${TIMEOUT}</arg>
<doc>Sets the timeout that is used by various keywords.</doc>
<status status="PASS" start="2026-02-23T09:18:25.501908" elapsed="0.000807"/>
</kw>
<status status="PASS" start="2026-02-23T09:18:20.724054" elapsed="4.778730"/>
</kw>
<test id="s1-s5-t1" name="Add Multiple Products In Cart" line="69">
<kw name="Go To Shop Page" type="SETUP">
<kw name="Go To" owner="SeleniumLibrary">
<msg time="2026-02-23T09:18:25.503485" level="INFO">Opening url 'https://practice.automationtesting.in/shop/'</msg>
<arg>https://practice.automationtesting.in/shop/</arg>
<doc>Navigates the current browser window to the provided ``url``.</doc>
<status status="PASS" start="2026-02-23T09:18:25.503428" elapsed="0.335593"/>
</kw>
<kw name="Wait Until Page Contains Element" owner="SeleniumLibrary">
<arg>id=content</arg>
<doc>Waits until the element ``locator`` appears on the current page.</doc>
<status status="PASS" start="2026-02-23T09:18:25.844461" elapsed="1.381246"/>
</kw>
<status status="PASS" start="2026-02-23T09:18:25.503277" elapsed="1.722506"/>
</kw>
<kw name="Add First Product By URL">
<kw name="Go To" owner="SeleniumLibrary">
<msg time="2026-02-23T09:18:27.226454" level="INFO">Opening url 'https://practice.automationtesting.in/shop/?add-to-cart=169'</msg>
<arg>https://practice.automationtesting.in/shop/?add-to-cart=169</arg>
<doc>Navigates the current browser window to the provided ``url``.</doc>
<status status="PASS" start="2026-02-23T09:18:27.226324" elapsed="3.544143"/>
</kw>
<kw name="Wait Until Page Contains Element" owner="SeleniumLibrary">
<arg>xpath=//a[contains(text(),'View Basket')]</arg>
<doc>Waits until the element ``locator`` appears on the current page.</doc>
<status status="PASS" start="2026-02-23T09:18:30.771402" elapsed="0.012153"/>
</kw>
<kw name="Page Should Contain" owner="SeleniumLibrary">
<msg time="2026-02-23T09:18:30.789937" level="INFO">Current page contains text 'View Basket'.</msg>
<arg>View Basket</arg>
<doc>Verifies that current page contains ``text``.</doc>
<status status="PASS" start="2026-02-23T09:18:30.783675" elapsed="0.006311"/>
</kw>
<status status="PASS" start="2026-02-23T09:18:27.226020" elapsed="3.564055"/>
</kw>
<kw name="Add Second Product By URL">
<kw name="Go To" owner="SeleniumLibrary">
<msg time="2026-02-23T09:18:30.791104" level="INFO">Opening url 'https://practice.automationtesting.in/shop/?add-to-cart=181'</msg>
<arg>https://practice.automationtesting.in/shop/?add-to-cart=181</arg>
<doc>Navigates the current browser window to the provided ``url``.</doc>
<status status="PASS" start="2026-02-23T09:18:30.791045" elapsed="1.896168"/>
</kw>
<kw name="Wait Until Page Contains Element" owner="SeleniumLibrary">
<arg>xpath=//a[contains(text(),'View Basket')]</arg>
<doc>Waits until the element ``locator`` appears on the current page.</doc>
<status status="PASS" start="2026-02-23T09:18:32.687338" elapsed="0.003494"/>
</kw>
<kw name="Page Should Contain" owner="SeleniumLibrary">
<msg time="2026-02-23T09:18:32.694775" level="INFO">Current page contains text 'View Basket'.</msg>
<arg>View Basket</arg>
<doc>Verifies that current page contains ``text``.</doc>
<status status="PASS" start="2026-02-23T09:18:32.690933" elapsed="0.003880"/>
</kw>
<status status="PASS" start="2026-02-23T09:18:30.790465" elapsed="1.904392"/>
</kw>
<kw name="Open Cart">
<kw name="Click Element" owner="SeleniumLibrary">
<msg time="2026-02-23T09:18:32.695198" level="INFO">Clicking element 'xpath=//a[contains(text(),'View Basket')]'.</msg>
<arg>xpath=//a[contains(text(),'View Basket')]</arg>
<doc>Click the element identified by ``locator``.</doc>
<status status="PASS" start="2026-02-23T09:18:32.695097" elapsed="1.732313"/>
</kw>
<kw name="Wait Until Page Contains Element" owner="SeleniumLibrary">
<arg>css=table.shop_table</arg>
<doc>Waits until the element ``locator`` appears on the current page.</doc>
<status status="PASS" start="2026-02-23T09:18:34.428334" elapsed="0.006840"/>
</kw>
<kw name="Element Should Be Visible" owner="SeleniumLibrary">
<msg time="2026-02-23T09:18:34.442829" level="INFO">Element 'css=table.shop_table' is displayed.</msg>
<arg>css=table.shop_table</arg>
<doc>Verifies that the element identified by ``locator`` is visible.</doc>
<status status="PASS" start="2026-02-23T09:18:34.435302" elapsed="0.007573"/>
</kw>
<status status="PASS" start="2026-02-23T09:18:32.694967" elapsed="1.747974"/>
</kw>
<kw name="Get Element Count" owner="SeleniumLibrary">
<msg time="2026-02-23T09:18:34.447411" level="INFO">${count} = 6</msg>
<var>${count}</var>
<arg>css=table.shop_table tbody tr</arg>
<doc>Returns the number of elements matching ``locator``.</doc>
<status status="PASS" start="2026-02-23T09:18:34.443057" elapsed="0.004371"/>
</kw>
<kw name="Should Be True" owner="BuiltIn">
<arg>${count} &gt;= 2</arg>
<doc>Fails if the given condition is not true.</doc>
<status status="PASS" start="2026-02-23T09:18:34.447530" elapsed="0.002033"/>
</kw>
<kw name="Element Should Be Visible" owner="SeleniumLibrary">
<msg time="2026-02-23T09:18:34.457072" level="INFO">Element 'css=.cart_totals' is displayed.</msg>
<arg>css=.cart_totals</arg>
<doc>Verifies that the element identified by ``locator`` is visible.</doc>
<status status="PASS" start="2026-02-23T09:18:34.449650" elapsed="0.007474"/>
</kw>
<status status="PASS" start="2026-02-23T09:18:25.502862" elapsed="8.954431"/>
</test>
<test id="s1-s5-t2" name="Remove One Product From Cart" line="83">
<kw name="Go To Shop Page" type="SETUP">
<kw name="Go To" owner="SeleniumLibrary">
<msg time="2026-02-23T09:18:34.460068" level="INFO">Opening url 'https://practice.automationtesting.in/shop/'</msg>
<arg>https://practice.automationtesting.in/shop/</arg>
<doc>Navigates the current browser window to the provided ``url``.</doc>
<status status="PASS" start="2026-02-23T09:18:34.459963" elapsed="1.635227"/>
</kw>
<kw name="Wait Until Page Contains Element" owner="SeleniumLibrary">
<arg>id=content</arg>
<doc>Waits until the element ``locator`` appears on the current page.</doc>
<status status="PASS" start="2026-02-23T09:18:36.095295" elapsed="0.003383"/>
</kw>
<status status="PASS" start="2026-02-23T09:18:34.459539" elapsed="1.639185"/>
</kw>
<kw name="Add First Product By URL">
<kw name="Go To" owner="SeleniumLibrary">
<msg time="2026-02-23T09:18:36.099026" level="INFO">Opening url 'https://practice.automationtesting.in/shop/?add-to-cart=169'</msg>
<arg>https://practice.automationtesting.in/shop/?add-to-cart=169</arg>
<doc>Navigates the current browser window to the provided ``url``.</doc>
<status status="PASS" start="2026-02-23T09:18:36.098977" elapsed="1.383092"/>
</kw>
<kw name="Wait Until Page Contains Element" owner="SeleniumLibrary">
<arg>xpath=//a[contains(text(),'View Basket')]</arg>
<doc>Waits until the element ``locator`` appears on the current page.</doc>
<status status="PASS" start="2026-02-23T09:18:37.482190" elapsed="0.003416"/>
</kw>
<kw name="Page Should Contain" owner="SeleniumLibrary">
<msg time="2026-02-23T09:18:37.489380" level="INFO">Current page contains text 'View Basket'.</msg>
<arg>View Basket</arg>
<doc>Verifies that current page contains ``text``.</doc>
<status status="PASS" start="2026-02-23T09:18:37.485699" elapsed="0.003718"/>
</kw>
<status status="PASS" start="2026-02-23T09:18:36.098859" elapsed="1.390597"/>
</kw>
<kw name="Add Second Product By URL">
<kw name="Go To" owner="SeleniumLibrary">
<msg time="2026-02-23T09:18:37.489881" level="INFO">Opening url 'https://practice.automationtesting.in/shop/?add-to-cart=181'</msg>
<arg>https://practice.automationtesting.in/shop/?add-to-cart=181</arg>
<doc>Navigates the current browser window to the provided ``url``.</doc>
<status status="PASS" start="2026-02-23T09:18:37.489672" elapsed="1.896353"/>
</kw>
<kw name="Wait Until Page Contains Element" owner="SeleniumLibrary">
<arg>xpath=//a[contains(text(),'View Basket')]</arg>
<doc>Waits until the element ``locator`` appears on the current page.</doc>
<status status="PASS" start="2026-02-23T09:18:39.386508" elapsed="0.003641"/>
</kw>
<kw name="Page Should Contain" owner="SeleniumLibrary">
<msg time="2026-02-23T09:18:39.394585" level="INFO">Current page contains text 'View Basket'.</msg>
<arg>View Basket</arg>
<doc>Verifies that current page contains ``text``.</doc>
<status status="PASS" start="2026-02-23T09:18:39.390231" elapsed="0.004390"/>
</kw>
<status status="PASS" start="2026-02-23T09:18:37.489558" elapsed="1.905111"/>
</kw>
<kw name="Open Cart">
<kw name="Click Element" owner="SeleniumLibrary">
<msg time="2026-02-23T09:18:39.395045" level="INFO">Clicking element 'xpath=//a[contains(text(),'View Basket')]'.</msg>
<arg>xpath=//a[contains(text(),'View Basket')]</arg>
<doc>Click the element identified by ``locator``.</doc>
<status status="PASS" start="2026-02-23T09:18:39.394955" elapsed="0.819790"/>
</kw>
<kw name="Wait Until Page Contains Element" owner="SeleniumLibrary">
<arg>css=table.shop_table</arg>
<doc>Waits until the element ``locator`` appears on the current page.</doc>
<status status="PASS" start="2026-02-23T09:18:40.214964" elapsed="0.008004"/>
</kw>
<kw name="Element Should Be Visible" owner="SeleniumLibrary">
<msg time="2026-02-23T09:18:40.228888" level="INFO">Element 'css=table.shop_table' is displayed.</msg>
<arg>css=table.shop_table</arg>
<doc>Verifies that the element identified by ``locator`` is visible.</doc>
<status status="PASS" start="2026-02-23T09:18:40.223356" elapsed="0.005569"/>
</kw>
<status status="PASS" start="2026-02-23T09:18:39.394808" elapsed="0.834157"/>
</kw>
<kw name="Get Element Count" owner="SeleniumLibrary">
<msg time="2026-02-23T09:18:40.231710" level="INFO">${before} = 6</msg>
<var>${before}</var>
<arg>css=table.shop_table tbody tr</arg>
<doc>Returns the number of elements matching ``locator``.</doc>
<status status="PASS" start="2026-02-23T09:18:40.229050" elapsed="0.002676"/>
</kw>
<kw name="Remove One Product">
<kw name="Scroll Element Into View" owner="SeleniumLibrary">
<arg>css=a.remove</arg>
<doc>Scrolls the element identified by ``locator`` into view.</doc>
<status status="PASS" start="2026-02-23T09:18:40.231946" elapsed="0.267913"/>
</kw>
<kw name="Click Element" owner="SeleniumLibrary">
<msg time="2026-02-23T09:18:40.500079" level="INFO">Clicking element 'css=a.remove'.</msg>
<arg>css=a.remove</arg>
<doc>Click the element identified by ``locator``.</doc>
<status status="PASS" start="2026-02-23T09:18:40.499965" elapsed="0.032451"/>
</kw>
<kw name="Wait Until Element Is Visible" owner="SeleniumLibrary">
<arg>css=.woocommerce-message</arg>
<doc>Waits until the element ``locator`` is visible.</doc>
<status status="PASS" start="2026-02-23T09:18:40.532535" elapsed="0.856787"/>
</kw>
<kw name="Element Should Contain" owner="SeleniumLibrary">
<msg time="2026-02-23T09:18:41.399130" level="INFO">Element 'css=.woocommerce-message' contains text 'removed'.</msg>
<arg>css=.woocommerce-message</arg>
<arg>removed</arg>
<doc>Verifies that element ``locator`` contains text ``expected``.</doc>
<status status="PASS" start="2026-02-23T09:18:41.389427" elapsed="0.009754"/>
</kw>
<status status="PASS" start="2026-02-23T09:18:40.231839" elapsed="1.167391"/>
</kw>
<kw name="Get Element Count" owner="SeleniumLibrary">
<msg time="2026-02-23T09:18:41.402183" level="INFO">${after} = 5</msg>
<var>${after}</var>
<arg>css=table.shop_table tbody tr</arg>
<doc>Returns the number of elements matching ``locator``.</doc>
<status status="PASS" start="2026-02-23T09:18:41.399324" elapsed="0.002878"/>
</kw>
<kw name="Should Be True" owner="BuiltIn">
<arg>${after} &lt; ${before}</arg>
<doc>Fails if the given condition is not true.</doc>
<status status="PASS" start="2026-02-23T09:18:41.402316" elapsed="0.001656"/>
</kw>
<kw name="Element Should Be Visible" owner="SeleniumLibrary">
<msg time="2026-02-23T09:18:41.414685" level="INFO">Element 'css=table.shop_table' is displayed.</msg>
<arg>css=table.shop_table</arg>
<doc>Verifies that the element identified by ``locator`` is visible.</doc>
<status status="PASS" start="2026-02-23T09:18:41.404090" elapsed="0.010769"/>
</kw>
<status status="PASS" start="2026-02-23T09:18:34.458502" elapsed="6.956739"/>
</test>
<test id="s1-s5-t3" name="Proceed To Checkout Product" line="101">
<kw name="Go To Shop Page" type="SETUP">
<kw name="Go To" owner="SeleniumLibrary">
<msg time="2026-02-23T09:18:41.417857" level="INFO">Opening url 'https://practice.automationtesting.in/shop/'</msg>
<arg>https://practice.automationtesting.in/shop/</arg>
<doc>Navigates the current browser window to the provided ``url``.</doc>
<status status="PASS" start="2026-02-23T09:18:41.417431" elapsed="0.423664"/>
</kw>
<kw name="Wait Until Page Contains Element" owner="SeleniumLibrary">
<arg>id=content</arg>
<doc>Waits until the element ``locator`` appears on the current page.</doc>
<status status="PASS" start="2026-02-23T09:18:41.842833" elapsed="1.225227"/>
</kw>
<status status="PASS" start="2026-02-23T09:18:41.417000" elapsed="1.651226"/>
</kw>
<kw name="Add First Product By URL">
<kw name="Go To" owner="SeleniumLibrary">
<msg time="2026-02-23T09:18:43.068830" level="INFO">Opening url 'https://practice.automationtesting.in/shop/?add-to-cart=169'</msg>
<arg>https://practice.automationtesting.in/shop/?add-to-cart=169</arg>
<doc>Navigates the current browser window to the provided ``url``.</doc>
<status status="PASS" start="2026-02-23T09:18:43.068742" elapsed="1.033030"/>
</kw>
<kw name="Wait Until Page Contains Element" owner="SeleniumLibrary">
<arg>xpath=//a[contains(text(),'View Basket')]</arg>
<doc>Waits until the element ``locator`` appears on the current page.</doc>
<status status="PASS" start="2026-02-23T09:18:44.101913" elapsed="0.013486"/>
</kw>
<kw name="Page Should Contain" owner="SeleniumLibrary">
<msg time="2026-02-23T09:18:44.119871" level="INFO">Current page contains text 'View Basket'.</msg>
<arg>View Basket</arg>
<doc>Verifies that current page contains ``text``.</doc>
<status status="PASS" start="2026-02-23T09:18:44.115495" elapsed="0.004410"/>
</kw>
<status status="PASS" start="2026-02-23T09:18:43.068524" elapsed="1.051420"/>
</kw>
<kw name="Open Cart">
<kw name="Click Element" owner="SeleniumLibrary">
<msg time="2026-02-23T09:18:44.120275" level="INFO">Clicking element 'xpath=//a[contains(text(),'View Basket')]'.</msg>
<arg>xpath=//a[contains(text(),'View Basket')]</arg>
<doc>Click the element identified by ``locator``.</doc>
<status status="PASS" start="2026-02-23T09:18:44.120182" elapsed="1.560989"/>
</kw>
<kw name="Wait Until Page Contains Element" owner="SeleniumLibrary">
<arg>css=table.shop_table</arg>
<doc>Waits until the element ``locator`` appears on the current page.</doc>
<status status="PASS" start="2026-02-23T09:18:45.681309" elapsed="0.003677"/>
</kw>
<kw name="Element Should Be Visible" owner="SeleniumLibrary">
<msg time="2026-02-23T09:18:45.690573" level="INFO">Element 'css=table.shop_table' is displayed.</msg>
<arg>css=table.shop_table</arg>
<doc>Verifies that the element identified by ``locator`` is visible.</doc>
<status status="PASS" start="2026-02-23T09:18:45.685079" elapsed="0.005530"/>
</kw>
<status status="PASS" start="2026-02-23T09:18:44.120056" elapsed="1.570592"/>
</kw>
<kw name="Proceed To Checkout">
<kw name="Go To" owner="SeleniumLibrary">
<msg time="2026-02-23T09:18:45.690923" level="INFO">Opening url 'https://practice.automationtesting.in/checkout/'</msg>
<arg>https://practice.automationtesting.in/checkout/</arg>
<doc>Navigates the current browser window to the provided ``url``.</doc>
[...]
<doc>Verifies that current page contains ``text``.</doc>
<status status="FAIL" start="2026-02-23T09:20:55.054986" elapsed="0.305998">Page should have contained text 'Logout' but did not.</status>
</kw>
<msg time="2026-02-23T09:20:55.361110" level="INFO">${logout} = False</msg>
<var>${logout}</var>
<arg>Page Should Contain</arg>
<arg>Logout</arg>
<doc>Runs the specified keyword and returns the status as a Boolean value.</doc>
<status status="PASS" start="2026-02-23T09:20:55.053922" elapsed="0.307201"/>
</kw>
<kw name="Run Keyword And Return Status" owner="BuiltIn">
<kw name="Page Should Contain" owner="SeleniumLibrary">
<msg time="2026-02-23T09:20:55.367818" level="INFO">Current page contains text 'already registered'.</msg>
<arg>already registered</arg>
<doc>Verifies that current page contains ``text``.</doc>
<status status="PASS" start="2026-02-23T09:20:55.361448" elapsed="0.006674"/>
</kw>
<msg time="2026-02-23T09:20:55.368449" level="INFO">${exists} = True</msg>
<var>${exists}</var>
<arg>Page Should Contain</arg>
<arg>already registered</arg>
<doc>Runs the specified keyword and returns the status as a Boolean value.</doc>
<status status="PASS" start="2026-02-23T09:20:55.361241" elapsed="0.007255"/>
</kw>
<if>
<branch type="IF" condition="${logout}">
<kw name="Log" owner="BuiltIn">
<arg>New user registered</arg>
<doc>Logs the given message with the given level.</doc>
<status status="NOT RUN" start="2026-02-23T09:20:55.369503" elapsed="0.000057"/>
</kw>
<kw name="Logout User" owner="login_keywords">
<status status="NOT RUN" start="2026-02-23T09:20:55.370038" elapsed="0.000047"/>
</kw>
<kw name="Wait Until Element Is Visible" owner="SeleniumLibrary">
<arg>id=username</arg>
<doc>Waits until the element ``locator`` is visible.</doc>
<status status="NOT RUN" start="2026-02-23T09:20:55.370335" elapsed="0.000031"/>
</kw>
<status status="NOT RUN" start="2026-02-23T09:20:55.368945" elapsed="0.001447"/>
</branch>
<branch type="ELSE IF" condition="${exists}">
<kw name="Fail" owner="BuiltIn">
<msg time="2026-02-23T09:20:55.370995" level="FAIL">User already registered — registration must be new</msg>
<arg>User already registered — registration must be new</arg>
<doc>Fails the test with the given message and optionally alters its tags.</doc>
<status status="FAIL" start="2026-02-23T09:20:55.370502" elapsed="0.000595">User already registered — registration must be new</status>
</kw>
<status status="FAIL" start="2026-02-23T09:20:55.370415" elapsed="0.000780">User already registered — registration must be new</status>
</branch>
<branch type="ELSE">
<kw name="Fail" owner="BuiltIn">
<arg>Registration result not detected</arg>
<doc>Fails the test with the given message and optionally alters its tags.</doc>
<status status="NOT RUN" start="2026-02-23T09:20:55.371402" elapsed="0.000031"/>
</kw>
<status status="NOT RUN" start="2026-02-23T09:20:55.371271" elapsed="0.000203"/>
</branch>
<status status="FAIL" start="2026-02-23T09:20:55.368792" elapsed="0.002716">User already registered — registration must be new</status>
</if>
<status status="FAIL" start="2026-02-23T09:20:55.052610" elapsed="0.319007">User already registered — registration must be new</status>
</kw>
<kw name="Check Registration Result">
<kw name="Run Keyword And Return Status" owner="BuiltIn">
<kw name="Page Should Contain" owner="SeleniumLibrary">
<msg time="2026-02-23T09:20:57.641930" level="INFO" html="true">&lt;/td&gt;&lt;/tr&gt;&lt;tr&gt;&lt;td colspan="3"&gt;&lt;a href="selenium-screenshot-26.png"&gt;&lt;img src="selenium-screenshot-26.png" width="800px"&gt;&lt;/a&gt;</msg>
<msg time="2026-02-23T09:20:57.642091" level="FAIL">Page should have contained text 'Logout' but did not.</msg>
<arg>Logout</arg>
<doc>Verifies that current page contains ``text``.</doc>
<status status="FAIL" start="2026-02-23T09:20:57.387806" elapsed="0.254612">Page should have contained text 'Logout' but did not.</status>
</kw>
<msg time="2026-02-23T09:20:57.642518" level="INFO">${logout} = False</msg>
<var>${logout}</var>
<arg>Page Should Contain</arg>
<arg>Logout</arg>
<doc>Runs the specified keyword and returns the status as a Boolean value.</doc>
<status status="PASS" start="2026-02-23T09:20:57.386162" elapsed="0.256368"/>
</kw>
<kw name="Run Keyword And Return Status" owner="BuiltIn">
<kw name="Page Should Contain" owner="SeleniumLibrary">
<msg time="2026-02-23T09:20:57.646968" level="INFO">Current page contains text 'already registered'.</msg>
<arg>already registered</arg>
<doc>Verifies that current page contains ``text``.</doc>
<status status="PASS" start="2026-02-23T09:20:57.642782" elapsed="0.004228"/>
</kw>
<msg time="2026-02-23T09:20:57.647067" level="INFO">${exists} = True</msg>
<var>${exists}</var>
<arg>Page Should Contain</arg>
<arg>already registered</arg>
<doc>Runs the specified keyword and returns the status as a Boolean value.</doc>
<status status="PASS" start="2026-02-23T09:20:57.642615" elapsed="0.004466"/>
</kw>
<if>
<branch type="IF" condition="${logout}">
<kw name="Log" owner="BuiltIn">
<arg>New user registered</arg>
<doc>Logs the given message with the given level.</doc>
<status status="NOT RUN" start="2026-02-23T09:20:57.647234" elapsed="0.000013"/>
</kw>
<kw name="Logout User" owner="login_keywords">
<status status="NOT RUN" start="2026-02-23T09:20:57.647317" elapsed="0.000014"/>
</kw>
<kw name="Wait Until Element Is Visible" owner="SeleniumLibrary">
<arg>id=username</arg>
<doc>Waits until the element ``locator`` is visible.</doc>
<status status="NOT RUN" start="2026-02-23T09:20:57.647377" elapsed="0.000010"/>
</kw>
<status status="NOT RUN" start="2026-02-23T09:20:57.647148" elapsed="0.000253"/>
</branch>
<branch type="ELSE IF" condition="${exists}">
<kw name="Fail" owner="BuiltIn">
<msg time="2026-02-23T09:20:57.647627" level="FAIL">User already registered — registration must be new</msg>
<arg>User already registered — registration must be new</arg>
<doc>Fails the test with the given message and optionally alters its tags.</doc>
<status status="FAIL" start="2026-02-23T09:20:57.647467" elapsed="0.000191">User already registered — registration must be new</status>
</kw>
<status status="FAIL" start="2026-02-23T09:20:57.647417" elapsed="0.000273">User already registered — registration must be new</status>
</branch>
<branch type="ELSE">
<kw name="Fail" owner="BuiltIn">
<arg>Registration result not detected</arg>
<doc>Fails the test with the given message and optionally alters its tags.</doc>
<status status="NOT RUN" start="2026-02-23T09:20:57.647743" elapsed="0.000010"/>
</kw>
<status status="NOT RUN" start="2026-02-23T09:20:57.647707" elapsed="0.000060"/>
</branch>
<status status="FAIL" start="2026-02-23T09:20:57.647123" elapsed="0.000657">User already registered — registration must be new</status>
</if>
<status status="FAIL" start="2026-02-23T09:20:57.384196" elapsed="0.263624">User already registered — registration must be new</status>
</kw>
<kw name="Check Registration Result">
<kw name="Run Keyword And Return Status" owner="BuiltIn">
<kw name="Page Should Contain" owner="SeleniumLibrary">
<msg time="2026-02-23T09:20:59.873643" level="INFO" html="true">&lt;/td&gt;&lt;/tr&gt;&lt;tr&gt;&lt;td colspan="3"&gt;&lt;a href="selenium-screenshot-27.png"&gt;&lt;img src="selenium-screenshot-27.png" width="800px"&gt;&lt;/a&gt;</msg>
<msg time="2026-02-23T09:20:59.873745" level="FAIL">Page should have contained text 'Logout' but did not.</msg>
<arg>Logout</arg>
<doc>Verifies that current page contains ``text``.</doc>
<status status="FAIL" start="2026-02-23T09:20:59.649943" elapsed="0.223986">Page should have contained text 'Logout' but did not.</status>
</kw>
<msg time="2026-02-23T09:20:59.874013" level="INFO">${logout} = False</msg>
<var>${logout}</var>
<arg>Page Should Contain</arg>
<arg>Logout</arg>
<doc>Runs the specified keyword and returns the status as a Boolean value.</doc>
<status status="PASS" start="2026-02-23T09:20:59.649759" elapsed="0.224267"/>
</kw>
<kw name="Run Keyword And Return Status" owner="BuiltIn">
<kw name="Page Should Contain" owner="SeleniumLibrary">
<msg time="2026-02-23T09:20:59.878714" level="INFO">Current page contains text 'already registered'.</msg>
<arg>already registered</arg>
<doc>Verifies that current page contains ``text``.</doc>
<status status="PASS" start="2026-02-23T09:20:59.874281" elapsed="0.004471"/>
</kw>
<msg time="2026-02-23T09:20:59.878806" level="INFO">${exists} = True</msg>
<var>${exists}</var>
<arg>Page Should Contain</arg>
<arg>already registered</arg>
<doc>Runs the specified keyword and returns the status as a Boolean value.</doc>
<status status="PASS" start="2026-02-23T09:20:59.874116" elapsed="0.004701"/>
</kw>
<if>
<branch type="IF" condition="${logout}">
<kw name="Log" owner="BuiltIn">
<arg>New user registered</arg>
<doc>Logs the given message with the given level.</doc>
<status status="NOT RUN" start="2026-02-23T09:20:59.878936" elapsed="0.000013"/>
</kw>
<kw name="Logout User" owner="login_keywords">
<status status="NOT RUN" start="2026-02-23T09:20:59.879017" elapsed="0.000013"/>
</kw>
<kw name="Wait Until Element Is Visible" owner="SeleniumLibrary">
<arg>id=username</arg>
<doc>Waits until the element ``locator`` is visible.</doc>
<status status="NOT RUN" start="2026-02-23T09:20:59.879070" elapsed="0.000010"/>
</kw>
<status status="NOT RUN" start="2026-02-23T09:20:59.878863" elapsed="0.000232"/>
</branch>
<branch type="ELSE IF" condition="${exists}">
<kw name="Fail" owner="BuiltIn">
<msg time="2026-02-23T09:20:59.879293" level="FAIL">User already registered — registration must be new</msg>
<arg>User already registered — registration must be new</arg>
<doc>Fails the test with the given message and optionally alters its tags.</doc>
<status status="FAIL" start="2026-02-23T09:20:59.879165" elapsed="0.000159">User already registered — registration must be new</status>
</kw>
<status status="FAIL" start="2026-02-23T09:20:59.879113" elapsed="0.000247">User already registered — registration must be new</status>
</branch>
<branch type="ELSE">
<kw name="Fail" owner="BuiltIn">
<arg>Registration result not detected</arg>
<doc>Fails the test with the given message and optionally alters its tags.</doc>
<status status="NOT RUN" start="2026-02-23T09:20:59.879416" elapsed="0.000011"/>
</kw>
<status status="NOT RUN" start="2026-02-23T09:20:59.879378" elapsed="0.000064"/>
</branch>
<status status="FAIL" start="2026-02-23T09:20:59.878849" elapsed="0.000606">User already registered — registration must be new</status>
</if>
<status status="FAIL" start="2026-02-23T09:20:59.649491" elapsed="0.230003">User already registered — registration must be new</status>
</kw>
<kw name="Check Registration Result">
<kw name="Run Keyword And Return Status" owner="BuiltIn">
<kw name="Page Should Contain" owner="SeleniumLibrary">
<msg time="2026-02-23T09:21:02.098910" level="INFO" html="true">&lt;/td&gt;&lt;/tr&gt;&lt;tr&gt;&lt;td colspan="3"&gt;&lt;a href="selenium-screenshot-28.png"&gt;&lt;img src="selenium-screenshot-28.png" width="800px"&gt;&lt;/a&gt;</msg>
<msg time="2026-02-23T09:21:02.099003" level="FAIL">Page should have contained text 'Logout' but did not.</msg>
<arg>Logout</arg>
<doc>Verifies that current page contains ``text``.</doc>
<status status="FAIL" start="2026-02-23T09:21:01.881995" elapsed="0.217174">Page should have contained text 'Logout' but did not.</status>
</kw>
<msg time="2026-02-23T09:21:02.099232" level="INFO">${logout} = False</msg>
<var>${logout}</var>
<arg>Page Should Contain</arg>
<arg>Logout</arg>
<doc>Runs the specified keyword and returns the status as a Boolean value.</doc>
<status status="PASS" start="2026-02-23T09:21:01.881384" elapsed="0.217863"/>
</kw>
<kw name="Run Keyword And Return Status" owner="BuiltIn">
<kw name="Page Should Contain" owner="SeleniumLibrary">
<msg time="2026-02-23T09:21:02.103625" level="INFO">Current page contains text 'already registered'.</msg>
<arg>already registered</arg>
<doc>Verifies that current page contains ``text``.</doc>
<status status="PASS" start="2026-02-23T09:21:02.099490" elapsed="0.004169"/>
</kw>
<msg time="2026-02-23T09:21:02.103709" level="INFO">${exists} = True</msg>
<var>${exists}</var>
<arg>Page Should Contain</arg>
<arg>already registered</arg>
<doc>Runs the specified keyword and returns the status as a Boolean value.</doc>
<status status="PASS" start="2026-02-23T09:21:02.099328" elapsed="0.004392"/>
</kw>
<if>
<branch type="IF" condition="${logout}">
<kw name="Log" owner="BuiltIn">
<arg>New user registered</arg>
<doc>Logs the given message with the given level.</doc>
<status status="NOT RUN" start="2026-02-23T09:21:02.103839" elapsed="0.000013"/>
</kw>
<kw name="Logout User" owner="login_keywords">
<status status="NOT RUN" start="2026-02-23T09:21:02.103920" elapsed="0.000013"/>
</kw>
<kw name="Wait Until Element Is Visible" owner="SeleniumLibrary">
<arg>id=username</arg>
<doc>Waits until the element ``locator`` is visible.</doc>
<status status="NOT RUN" start="2026-02-23T09:21:02.103973" elapsed="0.000010"/>
</kw>
<status status="NOT RUN" start="2026-02-23T09:21:02.103764" elapsed="0.000233"/>
</branch>
<branch type="ELSE IF" condition="${exists}">
<kw name="Fail" owner="BuiltIn">
<msg time="2026-02-23T09:21:02.104198" level="FAIL">User already registered — registration must be new</msg>
<arg>User already registered — registration must be new</arg>
<doc>Fails the test with the given message and optionally alters its tags.</doc>
<status status="FAIL" start="2026-02-23T09:21:02.104067" elapsed="0.000161">User already registered — registration must be new</status>
</kw>
<status status="FAIL" start="2026-02-23T09:21:02.104013" elapsed="0.000249">User already registered — registration must be new</status>
</branch>
<branch type="ELSE">
<kw name="Fail" owner="BuiltIn">
<arg>Registration result not detected</arg>
<doc>Fails the test with the given message and optionally alters its tags.</doc>
<status status="NOT RUN" start="2026-02-23T09:21:02.104316" elapsed="0.000011"/>
</kw>
<status status="NOT RUN" start="2026-02-23T09:21:02.104279" elapsed="0.000063"/>
</branch>
<status status="FAIL" start="2026-02-23T09:21:02.103751" elapsed="0.000604">User already registered — registration must be new</status>
</if>
<status status="FAIL" start="2026-02-23T09:21:01.880581" elapsed="0.223811">User already registered — registration must be new</status>
</kw>
<msg time="2026-02-23T09:21:02.104432" level="FAIL">Keyword 'Check Registration Result' failed after retrying for 15 seconds. The last error was: User already registered — registration must be new</msg>
<arg>15s</arg>
<arg>2s</arg>
<arg>Check Registration Result</arg>
<doc>Runs the specified keyword and retries if it fails.</doc>
<status status="FAIL" start="2026-02-23T09:20:46.120861" elapsed="15.983617">Keyword 'Check Registration Result' failed after retrying for 15 seconds. The last error was: User already registered — registration must be new</status>
</kw>
<arg>${EMAIL}</arg>
<arg>${PASSWORD}</arg>
<status status="FAIL" start="2026-02-23T09:20:43.323374" elapsed="18.781145">Keyword 'Check Registration Result' failed after retrying for 15 seconds. The last error was: User already registered — registration must be new</status>
</kw>
<kw name="Login Validation">
<arg>${EMAIL}</arg>
<arg>${PASSWORD}</arg>
<status status="NOT RUN" start="2026-02-23T09:21:02.104642" elapsed="0.000011"/>
</kw>
<kw name="Search Validation">
<status status="NOT RUN" start="2026-02-23T09:21:02.104704" elapsed="0.000010"/>
</kw>
<kw name="Sorting Validation">
<status status="NOT RUN" start="2026-02-23T09:21:02.104758" elapsed="0.000009"/>
</kw>
<kw name="Cart Validation">
<status status="NOT RUN" start="2026-02-23T09:21:02.104809" elapsed="0.000009"/>
</kw>
<kw name="Billing Validation">
<arg>${EMAIL}</arg>
<arg>${FIRSTNAME}</arg>
<arg>${LASTNAME}</arg>
<arg>${PHONE}</arg>
<arg>${CITY}</arg>
<arg>${POSTCODE}</arg>
<status status="NOT RUN" start="2026-02-23T09:21:02.104882" elapsed="0.000010"/>
</kw>
<kw name="Logout Validation">
<status status="NOT RUN" start="2026-02-23T09:21:02.104933" elapsed="0.000008"/>
</kw>
<arg>EMAIL=testuser1@test.com</arg>
<arg>PASSWORD=Omkar@2003</arg>
<arg>FIRSTNAME=Ravi</arg>
<arg>LASTNAME=Kumar</arg>
<arg>PHONE=9876543222</arg>
<arg>CITY=Chennai</arg>
<arg>POSTCODE=600001</arg>
<status status="FAIL" start="2026-02-23T09:20:43.322389" elapsed="18.782581">Keyword 'Check Registration Result' failed after retrying for 15 seconds. The last error was: User already registered — registration must be new</status>
</kw>
<kw name="End User Session" type="TEARDOWN">
<kw name="Run Keyword If Test Failed" owner="BuiltIn">
<kw name="Capture Failed Screenshot" owner="common">
<kw name="Replace String" owner="String">
<msg time="2026-02-23T09:21:02.105708" level="INFO">${clean} = User2</msg>
<var>${clean}</var>
<arg>${TEST NAME}</arg>
<arg>${SPACE}</arg>
<arg>_</arg>
<doc>Replaces ``search_for`` in the given ``string`` with ``replace_with``.</doc>
<status status="PASS" start="2026-02-23T09:21:02.105607" elapsed="0.000113"/>
</kw>
<kw name="Set Variable" owner="BuiltIn">
<msg time="2026-02-23T09:21:02.105933" level="INFO">${file} = FAILED_User2.png</msg>
<var>${file}</var>
<arg>FAILED_${clean}.png</arg>
<doc>Returns the given values which can then be assigned to a variables.</doc>
<status status="PASS" start="2026-02-23T09:21:02.105775" elapsed="0.000174"/>
</kw>
<kw name="Capture Page Screenshot" owner="SeleniumLibrary">
<msg time="2026-02-23T09:21:02.181092" level="INFO" html="true">&lt;/td&gt;&lt;/tr&gt;&lt;tr&gt;&lt;td colspan="3"&gt;&lt;a href="FAILED_User2.png"&gt;&lt;img src="FAILED_User2.png" width="800px"&gt;&lt;/a&gt;</msg>
<arg>${file}</arg>
<doc>Takes a screenshot of the current page and embeds it into a log file.</doc>
<status status="PASS" start="2026-02-23T09:21:02.106016" elapsed="0.075145"/>
</kw>
<status status="PASS" start="2026-02-23T09:21:02.105508" elapsed="0.075713"/>
</kw>
<arg>Capture Failed Screenshot</arg>
<doc>Runs the given keyword with the given arguments, if the test failed.</doc>
<status status="PASS" start="2026-02-23T09:21:02.105337" elapsed="0.075910"/>
</kw>
<kw name="Close Application" owner="common">
<kw name="Close All Browsers" owner="SeleniumLibrary">
<doc>Closes all open browsers and resets the browser cache.</doc>
<status status="PASS" start="2026-02-23T09:21:02.181480" elapsed="0.128354"/>
</kw>
<status status="PASS" start="2026-02-23T09:21:02.181332" elapsed="0.128682"/>
</kw>
<status status="PASS" start="2026-02-23T09:21:02.105209" elapsed="0.204864"/>
</kw>
<status status="FAIL" start="2026-02-23T09:20:38.533244" elapsed="23.776890">Keyword 'Check Registration Result' failed after retrying for 15 seconds. The last error was: User already registered — registration must be new</status>
</test>
<status status="FAIL" start="2026-02-23T09:20:12.909168" elapsed="49.401648"/>
</suite>
<status status="FAIL" start="2026-02-23T09:16:34.424175" elapsed="267.887858"/>
</suite>
<statistics>
<total>
<stat pass="18" fail="2" skip="0">All Tests</stat>
</total>
<tag>
</tag>
<suite>
<stat name="Tests" id="s1" pass="18" fail="2" skip="0">Tests</stat>
<stat name="00 User Registration" id="s1-s1" pass="1" fail="0" skip="0">Tests.00 User Registration</stat>
<stat name="01 Login Validation" id="s1-s2" pass="3" fail="0" skip="0">Tests.01 Login Validation</stat>
<stat name="02 Search Validation" id="s1-s3" pass="3" fail="0" skip="0">Tests.02 Search Validation</stat>
<stat name="03 Sorting Filter Validation" id="s1-s4" pass="4" fail="0" skip="0">Tests.03 Sorting Filter Validation</stat>
<stat name="04 Cart Validation" id="s1-s5" pass="3" fail="0" skip="0">Tests.04 Cart Validation</stat>
<stat name="05 Billing Validation" id="s1-s6" pass="3" fail="0" skip="0">Tests.05 Billing Validation</stat>
<stat name="06 Logout Validation" id="s1-s7" pass="1" fail="0" skip="0">Tests.06 Logout Validation</stat>
<stat name="End To End" id="s1-s8" pass="0" fail="2" skip="0">Tests.End To End</stat>
</suite>
</statistics>
<errors>
</errors>
</robot>
