<?xml version="1.0" encoding="UTF-8"?>
<robot generator="Robot 7.4.1 (Python 3.11.9 on darwin)" generated="2026-02-09T11:29:02.341140" rpa="false" schemaversion="5">
<suite id="s1" name="Patient Tests" source="/Users/abhinay/CaseStudy3/robott/patient_tests.robot">
<kw name="Open Browser To App" owner="resources" type="SETUP">
<kw name="Open Browser" owner="SeleniumLibrary">
<msg time="2026-02-09T11:29:02.448018" level="INFO">Opening browser 'chrome' to base url 'http://localhost:5001'.</msg>
<arg>${URL}</arg>
<arg>chrome</arg>
<doc>Opens a new browser instance to the optional ``url``.</doc>
<status status="PASS" start="2026-02-09T11:29:02.447905" elapsed="3.266589"/>
</kw>
<kw name="Maximize Browser Window" owner="SeleniumLibrary">
<doc>Maximizes current browser window.</doc>
<status status="PASS" start="2026-02-09T11:29:05.716126" elapsed="0.355323"/>
</kw>
<kw name="Wait Until Page Contains" owner="SeleniumLibrary">
<arg>Patient Registration</arg>
<arg>10s</arg>
<doc>Waits until ``text`` appears on the current page.</doc>
<status status="PASS" start="2026-02-09T11:29:06.071578" elapsed="0.104640"/>
</kw>
<status status="PASS" start="2026-02-09T11:29:02.447220" elapsed="3.729485"/>
</kw>
<test id="s1-t1" name="Register Patient" line="7">
<kw name="Fill Patient Form" owner="resources">
<kw name="Input Text" owner="SeleniumLibrary">
<msg time="2026-02-09T11:29:06.199621" level="INFO">Typing text 'Ram' into text field 'name=name'.</msg>
<arg>name=name</arg>
<arg>Ram</arg>
<doc>Types the given ``text`` into the text field identified by ``locator``.</doc>
<status status="PASS" start="2026-02-09T11:29:06.179569" elapsed="0.147286"/>
</kw>
<kw name="Input Text" owner="SeleniumLibrary">
<msg time="2026-02-09T11:29:06.327115" level="INFO">Typing text '30' into text field 'name=age'.</msg>
<arg>name=age</arg>
<arg>30</arg>
<doc>Types the given ``text`` into the text field identified by ``locator``.</doc>
<status status="PASS" start="2026-02-09T11:29:06.326974" elapsed="0.058547"/>
</kw>
<kw name="Select From List By Label" owner="SeleniumLibrary">
<msg time="2026-02-09T11:29:06.385790" level="INFO">Selecting options from selection list 'name=gender' by label Male.</msg>
<arg>name=gender</arg>
<arg>Male</arg>
<doc>Selects options from selection list ``locator`` by ``labels``.</doc>
<status status="PASS" start="2026-02-09T11:29:06.385655" elapsed="0.035434"/>
</kw>
<kw name="Input Text" owner="SeleniumLibrary">
<msg time="2026-02-09T11:29:06.421548" level="INFO">Typing text '9999999999' into text field 'name=contact'.</msg>
<arg>name=contact</arg>
<arg>9999999999</arg>
<doc>Types the given ``text`` into the text field identified by ``locator``.</doc>
<status status="PASS" start="2026-02-09T11:29:06.421244" elapsed="0.033884"/>
</kw>
<kw name="Input Text" owner="SeleniumLibrary">
<msg time="2026-02-09T11:29:06.455372" level="INFO">Typing text 'Fever' into text field 'name=disease'.</msg>
<arg>name=disease</arg>
<arg>Fever</arg>
<doc>Types the given ``text`` into the text field identified by ``locator``.</doc>
<status status="PASS" start="2026-02-09T11:29:06.455243" elapsed="0.029528"/>
</kw>
<kw name="Input Text" owner="SeleniumLibrary">
<msg time="2026-02-09T11:29:06.485017" level="INFO">Typing text 'Dr Hari' into text field 'name=doctor'.</msg>
<arg>name=doctor</arg>
<arg>Dr Hari</arg>
<doc>Types the given ``text`` into the text field identified by ``locator``.</doc>
<status status="PASS" start="2026-02-09T11:29:06.484878" elapsed="0.031398"/>
</kw>
<kw name="Click Button" owner="SeleniumLibrary">
<msg time="2026-02-09T11:29:06.516510" level="INFO">Clicking button 'Submit'.</msg>
<arg>Submit</arg>
<doc>Clicks the button identified by ``locator``.</doc>
<status status="PASS" start="2026-02-09T11:29:06.516387" elapsed="0.042927"/>
</kw>
<status status="PASS" start="2026-02-09T11:29:06.179285" elapsed="0.380125"/>
</kw>
<status status="PASS" start="2026-02-09T11:29:06.177114" elapsed="0.382411"/>
</test>
<kw name="Close Browser Session" owner="resources" type="TEARDOWN">
<kw name="Close All Browsers" owner="SeleniumLibrary">
<doc>Closes all open browsers and resets the browser cache.</doc>
<status status="PASS" start="2026-02-09T11:29:06.559962" elapsed="0.079832"/>
</kw>
<status status="PASS" start="2026-02-09T11:29:06.559840" elapsed="0.080037"/>
</kw>
<status status="PASS" start="2026-02-09T11:29:02.341889" elapsed="4.298029"/>
</suite>
<statistics>
<total>
<stat pass="1" fail="0" skip="0">All Tests</stat>
</total>
<tag>
</tag>
<suite>
<stat name="Patient Tests" id="s1" pass="1" fail="0" skip="0">Patient Tests</stat>
</suite>
</statistics>
<errors>
</errors>
</robot>
